	.text
	.syntax unified
	.eabi_attribute	67, "2.09"	@ Tag_conformance
	.cpu	cortex-m0
	.eabi_attribute	6, 12	@ Tag_CPU_arch
	.eabi_attribute	7, 77	@ Tag_CPU_arch_profile
	.eabi_attribute	8, 0	@ Tag_ARM_ISA_use
	.eabi_attribute	9, 1	@ Tag_THUMB_ISA_use
	.eabi_attribute	34, 0	@ Tag_CPU_unaligned_access
	.eabi_attribute	17, 1	@ Tag_ABI_PCS_GOT_use
	.eabi_attribute	20, 2	@ Tag_ABI_FP_denormal
	.eabi_attribute	21, 0	@ Tag_ABI_FP_exceptions
	.eabi_attribute	23, 1	@ Tag_ABI_FP_number_model
	.eabi_attribute	24, 1	@ Tag_ABI_align_needed
	.eabi_attribute	25, 1	@ Tag_ABI_align_preserved
	.eabi_attribute	38, 1	@ Tag_ABI_FP_16bit_format
	.eabi_attribute	18, 2	@ Tag_ABI_PCS_wchar_t
	.eabi_attribute	26, 1	@ Tag_ABI_enum_size
	.eabi_attribute	14, 0	@ Tag_ABI_PCS_R9_use
	.file	"adc.c"
	.file	1 "C:\\Keil_v5\\ARM\\ARMCLANG\\Bin\\..\\include" "stdint.h"
	.file	2 "D:\\Projects\\CCMSFloridaPhpr\\Application\\KEIL" "../../Library/StdDriver/src/adc.c"
	.file	3 "D:\\Projects\\CCMSFloridaPhpr\\Application\\KEIL" "../../Library/Device/Nuvoton/M031/Include/sys_reg.h"
	.section	.text.ADC_Open,"ax",%progbits
	.hidden	ADC_Open                        @ -- Begin function ADC_Open
	.globl	ADC_Open
	.p2align	2
	.type	ADC_Open,%function
	.code	16                              @ @ADC_Open
	.thumb_func
ADC_Open:
.Lfunc_begin0:
	.loc	2 51 0                          @ ../../Library/StdDriver/src/adc.c:51:0
	.fnstart
	.cfi_sections .debug_frame
	.cfi_startproc
@ %bb.0:
	.pad	#20
	sub	sp, #20
	.cfi_def_cfa_offset 20
	str	r0, [sp, #16]
	str	r1, [sp, #12]
	str	r2, [sp, #8]
	str	r3, [sp, #4]
.Ltmp0:
	.loc	2 52 25 prologue_end            @ ../../Library/StdDriver/src/adc.c:52:25
	ldr	r0, __arm_cp.0_0
	ldr	r0, [r0]
	.loc	2 52 14 is_stmt 0               @ ../../Library/StdDriver/src/adc.c:52:14
	str	r0, [sp]
	.loc	2 54 22 is_stmt 1               @ ../../Library/StdDriver/src/adc.c:54:22
	ldr	r1, __arm_cp.0_1
	movs	r0, #0
	str	r0, [r1]
.Ltmp1:
	.loc	2 57 10                         @ ../../Library/StdDriver/src/adc.c:57:10
	ldr	r0, [sp, #16]
	movs	r1, #97
	lsls	r1, r1, #2
	.loc	2 57 15 is_stmt 0               @ ../../Library/StdDriver/src/adc.c:57:15
	ldr	r0, [r0, r1]
.Ltmp2:
	.loc	2 57 9                          @ ../../Library/StdDriver/src/adc.c:57:9
	lsls	r0, r0, #31
	cmp	r0, #0
	bne	.LBB0_12
	b	.LBB0_1
.LBB0_1:
.Ltmp3:
	.loc	2 60 9 is_stmt 1                @ ../../Library/StdDriver/src/adc.c:60:9
	ldr	r1, [sp, #16]
	movs	r2, #128
	.loc	2 60 19 is_stmt 0               @ ../../Library/StdDriver/src/adc.c:60:19
	ldr	r0, [r1, r2]
	movs	r3, #1
	lsls	r3, r3, #12
	orrs	r0, r3
	str	r0, [r1, r2]
	.loc	2 61 9 is_stmt 1                @ ../../Library/StdDriver/src/adc.c:61:9
	b	.LBB0_2
.LBB0_2:                                @ =>This Inner Loop Header: Depth=1
	.loc	2 61 16 is_stmt 0               @ ../../Library/StdDriver/src/adc.c:61:16
	ldr	r0, [sp, #16]
	movs	r1, #128
	.loc	2 61 21                         @ ../../Library/StdDriver/src/adc.c:61:21
	ldr	r0, [r0, r1]
	.loc	2 61 9                          @ ../../Library/StdDriver/src/adc.c:61:9
	lsls	r0, r0, #19
	cmp	r0, #0
	bpl	.LBB0_6
	b	.LBB0_3
.LBB0_3:                                @   in Loop: Header=BB0_2 Depth=1
.Ltmp4:
	.loc	2 63 17 is_stmt 1               @ ../../Library/StdDriver/src/adc.c:63:17
	ldr	r0, [sp]
	subs	r0, r0, #1
	str	r0, [sp]
.Ltmp5:
	.loc	2 63 17 is_stmt 0               @ ../../Library/StdDriver/src/adc.c:63:17
	cmp	r0, #0
	bne	.LBB0_5
	b	.LBB0_4
.LBB0_4:
.Ltmp6:
	.loc	2 65 34 is_stmt 1               @ ../../Library/StdDriver/src/adc.c:65:34
	ldr	r1, __arm_cp.0_1
	movs	r0, #0
	mvns	r0, r0
	str	r0, [r1]
	.loc	2 66 17                         @ ../../Library/StdDriver/src/adc.c:66:17
	b	.LBB0_6
.Ltmp7:
.LBB0_5:                                @   in Loop: Header=BB0_2 Depth=1
	.loc	2 61 9                          @ ../../Library/StdDriver/src/adc.c:61:9
	b	.LBB0_2
.LBB0_6:
	.loc	2 70 9                          @ ../../Library/StdDriver/src/adc.c:70:9
	ldr	r1, [sp, #16]
	movs	r0, #97
	lsls	r2, r0, #2
	.loc	2 70 24 is_stmt 0               @ ../../Library/StdDriver/src/adc.c:70:24
	ldr	r0, [r1, r2]
	movs	r3, #1
	orrs	r0, r3
	str	r0, [r1, r2]
	.loc	2 71 9 is_stmt 1                @ ../../Library/StdDriver/src/adc.c:71:9
	ldr	r1, [sp, #16]
	movs	r0, #3
	lsls	r2, r0, #7
	.loc	2 71 21 is_stmt 0               @ ../../Library/StdDriver/src/adc.c:71:21
	ldr	r0, [r1, r2]
	orrs	r0, r3
	str	r0, [r1, r2]
	.loc	2 72 9 is_stmt 1                @ ../../Library/StdDriver/src/adc.c:72:9
	ldr	r1, [sp, #16]
	movs	r2, #128
	ldr	r0, [r1, r2]
	lsls	r3, r3, #11
	orrs	r0, r3
	str	r0, [r1, r2]
	.loc	2 73 20                         @ ../../Library/StdDriver/src/adc.c:73:20
	ldr	r0, __arm_cp.0_0
	ldr	r0, [r0]
	.loc	2 73 18 is_stmt 0               @ ../../Library/StdDriver/src/adc.c:73:18
	str	r0, [sp]
	.loc	2 74 9 is_stmt 1                @ ../../Library/StdDriver/src/adc.c:74:9
	b	.LBB0_7
.LBB0_7:                                @ =>This Inner Loop Header: Depth=1
	.loc	2 74 16 is_stmt 0               @ ../../Library/StdDriver/src/adc.c:74:16
	ldr	r0, [sp, #16]
	movs	r1, #97
	lsls	r1, r1, #2
	.loc	2 74 21                         @ ../../Library/StdDriver/src/adc.c:74:21
	ldr	r0, [r0, r1]
	.loc	2 74 9                          @ ../../Library/StdDriver/src/adc.c:74:9
	lsls	r0, r0, #31
	cmp	r0, #0
	bne	.LBB0_11
	b	.LBB0_8
.LBB0_8:                                @   in Loop: Header=BB0_7 Depth=1
.Ltmp8:
	.loc	2 76 17 is_stmt 1               @ ../../Library/StdDriver/src/adc.c:76:17
	ldr	r0, [sp]
	subs	r0, r0, #1
	str	r0, [sp]
.Ltmp9:
	.loc	2 76 17 is_stmt 0               @ ../../Library/StdDriver/src/adc.c:76:17
	cmp	r0, #0
	bne	.LBB0_10
	b	.LBB0_9
.LBB0_9:
.Ltmp10:
	.loc	2 78 34 is_stmt 1               @ ../../Library/StdDriver/src/adc.c:78:34
	ldr	r1, __arm_cp.0_1
	movs	r0, #0
	mvns	r0, r0
	str	r0, [r1]
	.loc	2 79 17                         @ ../../Library/StdDriver/src/adc.c:79:17
	b	.LBB0_11
.Ltmp11:
.LBB0_10:                               @   in Loop: Header=BB0_7 Depth=1
	.loc	2 74 9                          @ ../../Library/StdDriver/src/adc.c:74:9
	b	.LBB0_7
.LBB0_11:
	.loc	2 83 5                          @ ../../Library/StdDriver/src/adc.c:83:5
	b	.LBB0_12
.Ltmp12:
.LBB0_12:
	.loc	2 85 18                         @ ../../Library/StdDriver/src/adc.c:85:18
	ldr	r0, [sp, #16]
	movs	r2, #128
	.loc	2 85 23 is_stmt 0               @ ../../Library/StdDriver/src/adc.c:85:23
	ldr	r0, [r0, r2]
	ldr	r1, __arm_cp.0_2
	.loc	2 85 28                         @ ../../Library/StdDriver/src/adc.c:85:28
	ands	r0, r1
	.loc	2 86 18 is_stmt 1               @ ../../Library/StdDriver/src/adc.c:86:18
	ldr	r1, [sp, #12]
	.loc	2 85 76                         @ ../../Library/StdDriver/src/adc.c:85:76
	orrs	r0, r1
	.loc	2 87 18                         @ ../../Library/StdDriver/src/adc.c:87:18
	ldr	r1, [sp, #8]
	.loc	2 86 32                         @ ../../Library/StdDriver/src/adc.c:86:32
	orrs	r0, r1
	.loc	2 85 5                          @ ../../Library/StdDriver/src/adc.c:85:5
	ldr	r1, [sp, #16]
	.loc	2 85 15 is_stmt 0               @ ../../Library/StdDriver/src/adc.c:85:15
	str	r0, [r1, r2]
	.loc	2 89 20 is_stmt 1               @ ../../Library/StdDriver/src/adc.c:89:20
	ldr	r0, [sp, #16]
	movs	r2, #132
	.loc	2 89 25 is_stmt 0               @ ../../Library/StdDriver/src/adc.c:89:25
	ldr	r0, [r0, r2]
	.loc	2 89 59                         @ ../../Library/StdDriver/src/adc.c:89:59
	ldr	r0, [sp, #4]
	.loc	2 89 5                          @ ../../Library/StdDriver/src/adc.c:89:5
	ldr	r1, [sp, #16]
	.loc	2 89 17                         @ ../../Library/StdDriver/src/adc.c:89:17
	str	r0, [r1, r2]
	.loc	2 91 5 is_stmt 1                @ ../../Library/StdDriver/src/adc.c:91:5
	add	sp, #20
	bx	lr
.Ltmp13:
	.p2align	2
@ %bb.13:
	.loc	2 0 5 is_stmt 0                 @ ../../Library/StdDriver/src/adc.c:0:5
__arm_cp.0_0:
	.long	SystemCoreClock
.Lcpi_end0:
	.size	__arm_cp.0_0, .Lcpi_end0-__arm_cp.0_0
__arm_cp.0_1:
	.long	g_ADC_i32ErrCode
.Lcpi_end1:
	.size	__arm_cp.0_1, .Lcpi_end1-__arm_cp.0_1
__arm_cp.0_2:
	.long	4294966259                      @ 0xfffffbf3
.Lcpi_end2:
	.size	__arm_cp.0_2, .Lcpi_end2-__arm_cp.0_2
.Lfunc_end0:
	.size	ADC_Open, .Lfunc_end0-ADC_Open
	.cfi_endproc
	.cantunwind
	.fnend
                                        @ -- End function
	.section	.text.ADC_Close,"ax",%progbits
	.hidden	ADC_Close                       @ -- Begin function ADC_Close
	.globl	ADC_Close
	.p2align	2
	.type	ADC_Close,%function
	.code	16                              @ @ADC_Close
	.thumb_func
ADC_Close:
.Lfunc_begin1:
	.loc	2 100 0 is_stmt 1               @ ../../Library/StdDriver/src/adc.c:100:0
	.fnstart
	.cfi_startproc
@ %bb.0:
	.pad	#4
	sub	sp, #4
	.cfi_def_cfa_offset 4
	str	r0, [sp]
	ldr	r1, __arm_cp.1_0
.Ltmp14:
	.loc	2 101 17 prologue_end           @ ../../Library/StdDriver/src/adc.c:101:17
	ldr	r0, [r1]
	movs	r2, #1
	lsls	r2, r2, #28
	orrs	r0, r2
	str	r0, [r1]
	.loc	2 102 17                        @ ../../Library/StdDriver/src/adc.c:102:17
	ldr	r0, [r1]
	bics	r0, r2
	str	r0, [r1]
	.loc	2 103 5                         @ ../../Library/StdDriver/src/adc.c:103:5
	add	sp, #4
	bx	lr
.Ltmp15:
	.p2align	2
@ %bb.1:
	.loc	2 0 5 is_stmt 0                 @ ../../Library/StdDriver/src/adc.c:0:5
__arm_cp.1_0:
	.long	1073741836                      @ 0x4000000c
.Lcpi_end3:
	.size	__arm_cp.1_0, .Lcpi_end3-__arm_cp.1_0
.Lfunc_end1:
	.size	ADC_Close, .Lfunc_end1-ADC_Close
	.cfi_endproc
	.cantunwind
	.fnend
                                        @ -- End function
	.section	.text.ADC_EnableHWTrigger,"ax",%progbits
	.hidden	ADC_EnableHWTrigger             @ -- Begin function ADC_EnableHWTrigger
	.globl	ADC_EnableHWTrigger
	.p2align	1
	.type	ADC_EnableHWTrigger,%function
	.code	16                              @ @ADC_EnableHWTrigger
	.thumb_func
ADC_EnableHWTrigger:
.Lfunc_begin2:
	.loc	2 126 0 is_stmt 1               @ ../../Library/StdDriver/src/adc.c:126:0
	.fnstart
	.cfi_startproc
@ %bb.0:
	.pad	#12
	sub	sp, #12
	.cfi_def_cfa_offset 12
	str	r0, [sp, #8]
	str	r1, [sp, #4]
	str	r2, [sp]
.Ltmp16:
	.loc	2 127 8 prologue_end            @ ../../Library/StdDriver/src/adc.c:127:8
	ldr	r0, [sp, #4]
.Ltmp17:
	.loc	2 127 8 is_stmt 0               @ ../../Library/StdDriver/src/adc.c:127:8
	cmp	r0, #0
	bne	.LBB2_2
	b	.LBB2_1
.LBB2_1:
.Ltmp18:
	.loc	2 129 22 is_stmt 1              @ ../../Library/StdDriver/src/adc.c:129:22
	ldr	r0, [sp, #8]
	movs	r2, #128
	.loc	2 129 27 is_stmt 0              @ ../../Library/StdDriver/src/adc.c:129:27
	ldr	r1, [r0, r2]
	movs	r0, #240
	.loc	2 129 32                        @ ../../Library/StdDriver/src/adc.c:129:32
	bics	r1, r0
	.loc	2 130 23 is_stmt 1              @ ../../Library/StdDriver/src/adc.c:130:23
	ldr	r0, [sp, #4]
	.loc	2 130 37 is_stmt 0              @ ../../Library/StdDriver/src/adc.c:130:37
	ldr	r3, [sp]
	.loc	2 130 34                        @ ../../Library/StdDriver/src/adc.c:130:34
	orrs	r0, r3
	.loc	2 130 47                        @ ../../Library/StdDriver/src/adc.c:130:47
	orrs	r0, r1
	movs	r1, #1
	lsls	r1, r1, #8
	.loc	2 129 100 is_stmt 1             @ ../../Library/StdDriver/src/adc.c:129:100
	orrs	r0, r1
	.loc	2 129 9 is_stmt 0               @ ../../Library/StdDriver/src/adc.c:129:9
	ldr	r1, [sp, #8]
	.loc	2 129 19                        @ ../../Library/StdDriver/src/adc.c:129:19
	str	r0, [r1, r2]
	.loc	2 131 5 is_stmt 1               @ ../../Library/StdDriver/src/adc.c:131:5
	b	.LBB2_6
.Ltmp19:
.LBB2_2:
	.loc	2 132 13                        @ ../../Library/StdDriver/src/adc.c:132:13
	ldr	r0, [sp, #4]
.Ltmp20:
	.loc	2 132 13 is_stmt 0              @ ../../Library/StdDriver/src/adc.c:132:13
	cmp	r0, #16
	bne	.LBB2_4
	b	.LBB2_3
.LBB2_3:
.Ltmp21:
	.loc	2 134 22 is_stmt 1              @ ../../Library/StdDriver/src/adc.c:134:22
	ldr	r0, [sp, #8]
	movs	r2, #128
	.loc	2 134 27 is_stmt 0              @ ../../Library/StdDriver/src/adc.c:134:27
	ldr	r1, [r0, r2]
	movs	r0, #240
	.loc	2 134 32                        @ ../../Library/StdDriver/src/adc.c:134:32
	bics	r1, r0
	.loc	2 135 23 is_stmt 1              @ ../../Library/StdDriver/src/adc.c:135:23
	ldr	r0, [sp, #4]
	.loc	2 135 34 is_stmt 0              @ ../../Library/StdDriver/src/adc.c:135:34
	orrs	r0, r1
	movs	r1, #1
	lsls	r1, r1, #8
	.loc	2 134 100 is_stmt 1             @ ../../Library/StdDriver/src/adc.c:134:100
	orrs	r0, r1
	.loc	2 134 9 is_stmt 0               @ ../../Library/StdDriver/src/adc.c:134:9
	ldr	r1, [sp, #8]
	.loc	2 134 19                        @ ../../Library/StdDriver/src/adc.c:134:19
	str	r0, [r1, r2]
	.loc	2 136 5 is_stmt 1               @ ../../Library/StdDriver/src/adc.c:136:5
	b	.LBB2_5
.Ltmp22:
.LBB2_4:
	.loc	2 139 22                        @ ../../Library/StdDriver/src/adc.c:139:22
	ldr	r0, [sp, #8]
	movs	r2, #128
	.loc	2 139 27 is_stmt 0              @ ../../Library/StdDriver/src/adc.c:139:27
	ldr	r1, [r0, r2]
	movs	r0, #240
	.loc	2 139 32                        @ ../../Library/StdDriver/src/adc.c:139:32
	bics	r1, r0
	.loc	2 140 23 is_stmt 1              @ ../../Library/StdDriver/src/adc.c:140:23
	ldr	r0, [sp, #4]
	.loc	2 140 34 is_stmt 0              @ ../../Library/StdDriver/src/adc.c:140:34
	orrs	r0, r1
	movs	r1, #1
	lsls	r1, r1, #8
	.loc	2 139 100 is_stmt 1             @ ../../Library/StdDriver/src/adc.c:139:100
	orrs	r0, r1
	.loc	2 139 9 is_stmt 0               @ ../../Library/StdDriver/src/adc.c:139:9
	ldr	r1, [sp, #8]
	.loc	2 139 19                        @ ../../Library/StdDriver/src/adc.c:139:19
	str	r0, [r1, r2]
	b	.LBB2_5
.Ltmp23:
.LBB2_5:
	.loc	2 0 19                          @ ../../Library/StdDriver/src/adc.c:0:19
	b	.LBB2_6
.LBB2_6:
	.loc	2 142 5 is_stmt 1               @ ../../Library/StdDriver/src/adc.c:142:5
	add	sp, #12
	bx	lr
.Ltmp24:
.Lfunc_end2:
	.size	ADC_EnableHWTrigger, .Lfunc_end2-ADC_EnableHWTrigger
	.cfi_endproc
	.cantunwind
	.fnend
                                        @ -- End function
	.section	.text.ADC_DisableHWTrigger,"ax",%progbits
	.hidden	ADC_DisableHWTrigger            @ -- Begin function ADC_DisableHWTrigger
	.globl	ADC_DisableHWTrigger
	.p2align	1
	.type	ADC_DisableHWTrigger,%function
	.code	16                              @ @ADC_DisableHWTrigger
	.thumb_func
ADC_DisableHWTrigger:
.Lfunc_begin3:
	.loc	2 151 0                         @ ../../Library/StdDriver/src/adc.c:151:0
	.fnstart
	.cfi_startproc
@ %bb.0:
	.pad	#4
	sub	sp, #4
	.cfi_def_cfa_offset 4
	str	r0, [sp]
.Ltmp25:
	.loc	2 152 5 prologue_end            @ ../../Library/StdDriver/src/adc.c:152:5
	ldr	r1, [sp]
	movs	r2, #128
	.loc	2 152 15 is_stmt 0              @ ../../Library/StdDriver/src/adc.c:152:15
	ldr	r0, [r1, r2]
	movs	r3, #31
	lsls	r3, r3, #4
	bics	r0, r3
	str	r0, [r1, r2]
	.loc	2 153 5 is_stmt 1               @ ../../Library/StdDriver/src/adc.c:153:5
	add	sp, #4
	bx	lr
.Ltmp26:
.Lfunc_end3:
	.size	ADC_DisableHWTrigger, .Lfunc_end3-ADC_DisableHWTrigger
	.cfi_endproc
	.cantunwind
	.fnend
                                        @ -- End function
	.section	.text.ADC_EnableInt,"ax",%progbits
	.hidden	ADC_EnableInt                   @ -- Begin function ADC_EnableInt
	.globl	ADC_EnableInt
	.p2align	1
	.type	ADC_EnableInt,%function
	.code	16                              @ @ADC_EnableInt
	.thumb_func
ADC_EnableInt:
.Lfunc_begin4:
	.loc	2 168 0                         @ ../../Library/StdDriver/src/adc.c:168:0
	.fnstart
	.cfi_startproc
@ %bb.0:
	.pad	#8
	sub	sp, #8
	.cfi_def_cfa_offset 8
	str	r0, [sp, #4]
	str	r1, [sp]
	mov	r0, sp
.Ltmp27:
	.loc	2 169 8 prologue_end            @ ../../Library/StdDriver/src/adc.c:169:8
	ldrb	r0, [r0]
	lsls	r0, r0, #31
	cmp	r0, #0
	beq	.LBB4_2
	b	.LBB4_1
.LBB4_1:
.Ltmp28:
	.loc	2 170 9                         @ ../../Library/StdDriver/src/adc.c:170:9
	ldr	r1, [sp, #4]
	movs	r2, #128
	.loc	2 170 19 is_stmt 0              @ ../../Library/StdDriver/src/adc.c:170:19
	ldr	r0, [r1, r2]
	movs	r3, #2
	orrs	r0, r3
	str	r0, [r1, r2]
	.loc	2 170 9                         @ ../../Library/StdDriver/src/adc.c:170:9
	b	.LBB4_2
.Ltmp29:
.LBB4_2:
	.loc	2 0 9                           @ ../../Library/StdDriver/src/adc.c:0:9
	mov	r0, sp
	.loc	2 171 8 is_stmt 1               @ ../../Library/StdDriver/src/adc.c:171:8
	ldrb	r0, [r0]
	lsls	r0, r0, #30
	cmp	r0, #0
	bpl	.LBB4_4
	b	.LBB4_3
.LBB4_3:
.Ltmp30:
	.loc	2 172 9                         @ ../../Library/StdDriver/src/adc.c:172:9
	ldr	r1, [sp, #4]
	movs	r2, #136
	.loc	2 172 24 is_stmt 0              @ ../../Library/StdDriver/src/adc.c:172:24
	ldr	r0, [r1, r2]
	movs	r3, #2
	orrs	r0, r3
	str	r0, [r1, r2]
	.loc	2 172 9                         @ ../../Library/StdDriver/src/adc.c:172:9
	b	.LBB4_4
.Ltmp31:
.LBB4_4:
	.loc	2 0 9                           @ ../../Library/StdDriver/src/adc.c:0:9
	mov	r0, sp
	.loc	2 173 8 is_stmt 1               @ ../../Library/StdDriver/src/adc.c:173:8
	ldrb	r0, [r0]
	lsls	r0, r0, #29
	cmp	r0, #0
	bpl	.LBB4_6
	b	.LBB4_5
.LBB4_5:
.Ltmp32:
	.loc	2 174 9                         @ ../../Library/StdDriver/src/adc.c:174:9
	ldr	r1, [sp, #4]
	movs	r2, #140
	.loc	2 174 24 is_stmt 0              @ ../../Library/StdDriver/src/adc.c:174:24
	ldr	r0, [r1, r2]
	movs	r3, #2
	orrs	r0, r3
	str	r0, [r1, r2]
	.loc	2 174 9                         @ ../../Library/StdDriver/src/adc.c:174:9
	b	.LBB4_6
.Ltmp33:
.LBB4_6:
	.loc	2 176 5 is_stmt 1               @ ../../Library/StdDriver/src/adc.c:176:5
	add	sp, #8
	bx	lr
.Ltmp34:
.Lfunc_end4:
	.size	ADC_EnableInt, .Lfunc_end4-ADC_EnableInt
	.cfi_endproc
	.cantunwind
	.fnend
                                        @ -- End function
	.section	.text.ADC_DisableInt,"ax",%progbits
	.hidden	ADC_DisableInt                  @ -- Begin function ADC_DisableInt
	.globl	ADC_DisableInt
	.p2align	1
	.type	ADC_DisableInt,%function
	.code	16                              @ @ADC_DisableInt
	.thumb_func
ADC_DisableInt:
.Lfunc_begin5:
	.loc	2 191 0                         @ ../../Library/StdDriver/src/adc.c:191:0
	.fnstart
	.cfi_startproc
@ %bb.0:
	.pad	#8
	sub	sp, #8
	.cfi_def_cfa_offset 8
	str	r0, [sp, #4]
	str	r1, [sp]
	mov	r0, sp
.Ltmp35:
	.loc	2 192 8 prologue_end            @ ../../Library/StdDriver/src/adc.c:192:8
	ldrb	r0, [r0]
	lsls	r0, r0, #31
	cmp	r0, #0
	beq	.LBB5_2
	b	.LBB5_1
.LBB5_1:
.Ltmp36:
	.loc	2 193 9                         @ ../../Library/StdDriver/src/adc.c:193:9
	ldr	r1, [sp, #4]
	movs	r2, #128
	.loc	2 193 19 is_stmt 0              @ ../../Library/StdDriver/src/adc.c:193:19
	ldr	r0, [r1, r2]
	movs	r3, #2
	bics	r0, r3
	str	r0, [r1, r2]
	.loc	2 193 9                         @ ../../Library/StdDriver/src/adc.c:193:9
	b	.LBB5_2
.Ltmp37:
.LBB5_2:
	.loc	2 0 9                           @ ../../Library/StdDriver/src/adc.c:0:9
	mov	r0, sp
	.loc	2 194 8 is_stmt 1               @ ../../Library/StdDriver/src/adc.c:194:8
	ldrb	r0, [r0]
	lsls	r0, r0, #30
	cmp	r0, #0
	bpl	.LBB5_4
	b	.LBB5_3
.LBB5_3:
.Ltmp38:
	.loc	2 195 9                         @ ../../Library/StdDriver/src/adc.c:195:9
	ldr	r1, [sp, #4]
	movs	r2, #136
	.loc	2 195 24 is_stmt 0              @ ../../Library/StdDriver/src/adc.c:195:24
	ldr	r0, [r1, r2]
	movs	r3, #2
	bics	r0, r3
	str	r0, [r1, r2]
	.loc	2 195 9                         @ ../../Library/StdDriver/src/adc.c:195:9
	b	.LBB5_4
.Ltmp39:
.LBB5_4:
	.loc	2 0 9                           @ ../../Library/StdDriver/src/adc.c:0:9
	mov	r0, sp
	.loc	2 196 8 is_stmt 1               @ ../../Library/StdDriver/src/adc.c:196:8
	ldrb	r0, [r0]
	lsls	r0, r0, #29
	cmp	r0, #0
	bpl	.LBB5_6
	b	.LBB5_5
.LBB5_5:
.Ltmp40:
	.loc	2 197 9                         @ ../../Library/StdDriver/src/adc.c:197:9
	ldr	r1, [sp, #4]
	movs	r2, #140
	.loc	2 197 24 is_stmt 0              @ ../../Library/StdDriver/src/adc.c:197:24
	ldr	r0, [r1, r2]
	movs	r3, #2
	bics	r0, r3
	str	r0, [r1, r2]
	.loc	2 197 9                         @ ../../Library/StdDriver/src/adc.c:197:9
	b	.LBB5_6
.Ltmp41:
.LBB5_6:
	.loc	2 199 5 is_stmt 1               @ ../../Library/StdDriver/src/adc.c:199:5
	add	sp, #8
	bx	lr
.Ltmp42:
.Lfunc_end5:
	.size	ADC_DisableInt, .Lfunc_end5-ADC_DisableInt
	.cfi_endproc
	.cantunwind
	.fnend
                                        @ -- End function
	.section	.text.ADC_SetExtendSampleTime,"ax",%progbits
	.hidden	ADC_SetExtendSampleTime         @ -- Begin function ADC_SetExtendSampleTime
	.globl	ADC_SetExtendSampleTime
	.p2align	1
	.type	ADC_SetExtendSampleTime,%function
	.code	16                              @ @ADC_SetExtendSampleTime
	.thumb_func
ADC_SetExtendSampleTime:
.Lfunc_begin6:
	.loc	2 212 0                         @ ../../Library/StdDriver/src/adc.c:212:0
	.fnstart
	.cfi_startproc
@ %bb.0:
	.pad	#12
	sub	sp, #12
	.cfi_def_cfa_offset 12
	str	r0, [sp, #8]
	str	r1, [sp, #4]
	str	r2, [sp]
.Ltmp43:
	.loc	2 213 21 prologue_end           @ ../../Library/StdDriver/src/adc.c:213:21
	ldr	r0, [sp, #8]
	movs	r2, #160
	.loc	2 213 26 is_stmt 0              @ ../../Library/StdDriver/src/adc.c:213:26
	ldr	r0, [r0, r2]
	movs	r1, #255
	.loc	2 213 34                        @ ../../Library/StdDriver/src/adc.c:213:34
	bics	r0, r1
	.loc	2 214 21 is_stmt 1              @ ../../Library/StdDriver/src/adc.c:214:21
	ldr	r1, [sp]
	.loc	2 213 62                        @ ../../Library/StdDriver/src/adc.c:213:62
	orrs	r0, r1
	.loc	2 213 5 is_stmt 0               @ ../../Library/StdDriver/src/adc.c:213:5
	ldr	r1, [sp, #8]
	.loc	2 213 18                        @ ../../Library/StdDriver/src/adc.c:213:18
	str	r0, [r1, r2]
	.loc	2 215 1 is_stmt 1               @ ../../Library/StdDriver/src/adc.c:215:1
	add	sp, #12
	bx	lr
.Ltmp44:
.Lfunc_end6:
	.size	ADC_SetExtendSampleTime, .Lfunc_end6-ADC_SetExtendSampleTime
	.cfi_endproc
	.cantunwind
	.fnend
                                        @ -- End function
	.hidden	g_ADC_i32ErrCode                @ @g_ADC_i32ErrCode
	.type	g_ADC_i32ErrCode,%object
	.section	.bss.g_ADC_i32ErrCode,"aw",%nobits
	.globl	g_ADC_i32ErrCode
	.p2align	2
g_ADC_i32ErrCode:
	.long	0                               @ 0x0
	.size	g_ADC_i32ErrCode, 4

	.file	4 "D:\\Projects\\CCMSFloridaPhpr\\Application\\KEIL" "../../Library/Device/Nuvoton/M031/Include/adc_reg.h"
	.section	.debug_abbrev,"",%progbits
	.byte	1                               @ Abbreviation Code
	.byte	17                              @ DW_TAG_compile_unit
	.byte	1                               @ DW_CHILDREN_yes
	.byte	37                              @ DW_AT_producer
	.byte	14                              @ DW_FORM_strp
	.byte	19                              @ DW_AT_language
	.byte	5                               @ DW_FORM_data2
	.byte	3                               @ DW_AT_name
	.byte	14                              @ DW_FORM_strp
	.byte	16                              @ DW_AT_stmt_list
	.byte	23                              @ DW_FORM_sec_offset
	.byte	27                              @ DW_AT_comp_dir
	.byte	14                              @ DW_FORM_strp
	.byte	17                              @ DW_AT_low_pc
	.byte	1                               @ DW_FORM_addr
	.byte	85                              @ DW_AT_ranges
	.byte	23                              @ DW_FORM_sec_offset
	.byte	0                               @ EOM(1)
	.byte	0                               @ EOM(2)
	.byte	2                               @ Abbreviation Code
	.byte	52                              @ DW_TAG_variable
	.byte	0                               @ DW_CHILDREN_no
	.byte	3                               @ DW_AT_name
	.byte	14                              @ DW_FORM_strp
	.byte	73                              @ DW_AT_type
	.byte	19                              @ DW_FORM_ref4
	.byte	63                              @ DW_AT_external
	.byte	25                              @ DW_FORM_flag_present
	.byte	58                              @ DW_AT_decl_file
	.byte	11                              @ DW_FORM_data1
	.byte	59                              @ DW_AT_decl_line
	.byte	11                              @ DW_FORM_data1
	.byte	2                               @ DW_AT_location
	.byte	24                              @ DW_FORM_exprloc
	.byte	0                               @ EOM(1)
	.byte	0                               @ EOM(2)
	.byte	3                               @ Abbreviation Code
	.byte	22                              @ DW_TAG_typedef
	.byte	0                               @ DW_CHILDREN_no
	.byte	73                              @ DW_AT_type
	.byte	19                              @ DW_FORM_ref4
	.byte	3                               @ DW_AT_name
	.byte	14                              @ DW_FORM_strp
	.byte	58                              @ DW_AT_decl_file
	.byte	11                              @ DW_FORM_data1
	.byte	59                              @ DW_AT_decl_line
	.byte	11                              @ DW_FORM_data1
	.byte	0                               @ EOM(1)
	.byte	0                               @ EOM(2)
	.byte	4                               @ Abbreviation Code
	.byte	36                              @ DW_TAG_base_type
	.byte	0                               @ DW_CHILDREN_no
	.byte	3                               @ DW_AT_name
	.byte	14                              @ DW_FORM_strp
	.byte	62                              @ DW_AT_encoding
	.byte	11                              @ DW_FORM_data1
	.byte	11                              @ DW_AT_byte_size
	.byte	11                              @ DW_FORM_data1
	.byte	0                               @ EOM(1)
	.byte	0                               @ EOM(2)
	.byte	5                               @ Abbreviation Code
	.byte	15                              @ DW_TAG_pointer_type
	.byte	0                               @ DW_CHILDREN_no
	.byte	73                              @ DW_AT_type
	.byte	19                              @ DW_FORM_ref4
	.byte	0                               @ EOM(1)
	.byte	0                               @ EOM(2)
	.byte	6                               @ Abbreviation Code
	.byte	22                              @ DW_TAG_typedef
	.byte	0                               @ DW_CHILDREN_no
	.byte	73                              @ DW_AT_type
	.byte	19                              @ DW_FORM_ref4
	.byte	3                               @ DW_AT_name
	.byte	14                              @ DW_FORM_strp
	.byte	58                              @ DW_AT_decl_file
	.byte	11                              @ DW_FORM_data1
	.byte	59                              @ DW_AT_decl_line
	.byte	5                               @ DW_FORM_data2
	.byte	0                               @ EOM(1)
	.byte	0                               @ EOM(2)
	.byte	7                               @ Abbreviation Code
	.byte	19                              @ DW_TAG_structure_type
	.byte	1                               @ DW_CHILDREN_yes
	.byte	11                              @ DW_AT_byte_size
	.byte	5                               @ DW_FORM_data2
	.byte	58                              @ DW_AT_decl_file
	.byte	11                              @ DW_FORM_data1
	.byte	59                              @ DW_AT_decl_line
	.byte	11                              @ DW_FORM_data1
	.byte	0                               @ EOM(1)
	.byte	0                               @ EOM(2)
	.byte	8                               @ Abbreviation Code
	.byte	13                              @ DW_TAG_member
	.byte	0                               @ DW_CHILDREN_no
	.byte	3                               @ DW_AT_name
	.byte	14                              @ DW_FORM_strp
	.byte	73                              @ DW_AT_type
	.byte	19                              @ DW_FORM_ref4
	.byte	58                              @ DW_AT_decl_file
	.byte	11                              @ DW_FORM_data1
	.byte	59                              @ DW_AT_decl_line
	.byte	5                               @ DW_FORM_data2
	.byte	56                              @ DW_AT_data_member_location
	.byte	11                              @ DW_FORM_data1
	.byte	0                               @ EOM(1)
	.byte	0                               @ EOM(2)
	.byte	9                               @ Abbreviation Code
	.byte	13                              @ DW_TAG_member
	.byte	0                               @ DW_CHILDREN_no
	.byte	3                               @ DW_AT_name
	.byte	14                              @ DW_FORM_strp
	.byte	73                              @ DW_AT_type
	.byte	19                              @ DW_FORM_ref4
	.byte	58                              @ DW_AT_decl_file
	.byte	11                              @ DW_FORM_data1
	.byte	59                              @ DW_AT_decl_line
	.byte	5                               @ DW_FORM_data2
	.byte	56                              @ DW_AT_data_member_location
	.byte	5                               @ DW_FORM_data2
	.byte	0                               @ EOM(1)
	.byte	0                               @ EOM(2)
	.byte	10                              @ Abbreviation Code
	.byte	38                              @ DW_TAG_const_type
	.byte	0                               @ DW_CHILDREN_no
	.byte	73                              @ DW_AT_type
	.byte	19                              @ DW_FORM_ref4
	.byte	0                               @ EOM(1)
	.byte	0                               @ EOM(2)
	.byte	11                              @ Abbreviation Code
	.byte	53                              @ DW_TAG_volatile_type
	.byte	0                               @ DW_CHILDREN_no
	.byte	73                              @ DW_AT_type
	.byte	19                              @ DW_FORM_ref4
	.byte	0                               @ EOM(1)
	.byte	0                               @ EOM(2)
	.byte	12                              @ Abbreviation Code
	.byte	1                               @ DW_TAG_array_type
	.byte	1                               @ DW_CHILDREN_yes
	.byte	73                              @ DW_AT_type
	.byte	19                              @ DW_FORM_ref4
	.byte	0                               @ EOM(1)
	.byte	0                               @ EOM(2)
	.byte	13                              @ Abbreviation Code
	.byte	33                              @ DW_TAG_subrange_type
	.byte	0                               @ DW_CHILDREN_no
	.byte	73                              @ DW_AT_type
	.byte	19                              @ DW_FORM_ref4
	.byte	55                              @ DW_AT_count
	.byte	11                              @ DW_FORM_data1
	.byte	0                               @ EOM(1)
	.byte	0                               @ EOM(2)
	.byte	14                              @ Abbreviation Code
	.byte	36                              @ DW_TAG_base_type
	.byte	0                               @ DW_CHILDREN_no
	.byte	3                               @ DW_AT_name
	.byte	14                              @ DW_FORM_strp
	.byte	11                              @ DW_AT_byte_size
	.byte	11                              @ DW_FORM_data1
	.byte	62                              @ DW_AT_encoding
	.byte	11                              @ DW_FORM_data1
	.byte	0                               @ EOM(1)
	.byte	0                               @ EOM(2)
	.byte	15                              @ Abbreviation Code
	.byte	46                              @ DW_TAG_subprogram
	.byte	1                               @ DW_CHILDREN_yes
	.byte	17                              @ DW_AT_low_pc
	.byte	1                               @ DW_FORM_addr
	.byte	18                              @ DW_AT_high_pc
	.byte	6                               @ DW_FORM_data4
	.byte	64                              @ DW_AT_frame_base
	.byte	24                              @ DW_FORM_exprloc
	.byte	3                               @ DW_AT_name
	.byte	14                              @ DW_FORM_strp
	.byte	58                              @ DW_AT_decl_file
	.byte	11                              @ DW_FORM_data1
	.byte	59                              @ DW_AT_decl_line
	.byte	11                              @ DW_FORM_data1
	.byte	39                              @ DW_AT_prototyped
	.byte	25                              @ DW_FORM_flag_present
	.byte	63                              @ DW_AT_external
	.byte	25                              @ DW_FORM_flag_present
	.byte	0                               @ EOM(1)
	.byte	0                               @ EOM(2)
	.byte	16                              @ Abbreviation Code
	.byte	5                               @ DW_TAG_formal_parameter
	.byte	0                               @ DW_CHILDREN_no
	.byte	2                               @ DW_AT_location
	.byte	24                              @ DW_FORM_exprloc
	.byte	3                               @ DW_AT_name
	.byte	14                              @ DW_FORM_strp
	.byte	58                              @ DW_AT_decl_file
	.byte	11                              @ DW_FORM_data1
	.byte	59                              @ DW_AT_decl_line
	.byte	11                              @ DW_FORM_data1
	.byte	73                              @ DW_AT_type
	.byte	19                              @ DW_FORM_ref4
	.byte	0                               @ EOM(1)
	.byte	0                               @ EOM(2)
	.byte	17                              @ Abbreviation Code
	.byte	52                              @ DW_TAG_variable
	.byte	0                               @ DW_CHILDREN_no
	.byte	2                               @ DW_AT_location
	.byte	24                              @ DW_FORM_exprloc
	.byte	3                               @ DW_AT_name
	.byte	14                              @ DW_FORM_strp
	.byte	58                              @ DW_AT_decl_file
	.byte	11                              @ DW_FORM_data1
	.byte	59                              @ DW_AT_decl_line
	.byte	11                              @ DW_FORM_data1
	.byte	73                              @ DW_AT_type
	.byte	19                              @ DW_FORM_ref4
	.byte	0                               @ EOM(1)
	.byte	0                               @ EOM(2)
	.byte	18                              @ Abbreviation Code
	.byte	13                              @ DW_TAG_member
	.byte	0                               @ DW_CHILDREN_no
	.byte	3                               @ DW_AT_name
	.byte	14                              @ DW_FORM_strp
	.byte	73                              @ DW_AT_type
	.byte	19                              @ DW_FORM_ref4
	.byte	58                              @ DW_AT_decl_file
	.byte	11                              @ DW_FORM_data1
	.byte	59                              @ DW_AT_decl_line
	.byte	11                              @ DW_FORM_data1
	.byte	56                              @ DW_AT_data_member_location
	.byte	11                              @ DW_FORM_data1
	.byte	0                               @ EOM(1)
	.byte	0                               @ EOM(2)
	.byte	0                               @ EOM(3)
	.section	.debug_info,"",%progbits
.Lcu_begin0:
	.long	.Ldebug_info_end0-.Ldebug_info_start0 @ Length of Unit
.Ldebug_info_start0:
	.short	4                               @ DWARF version number
	.long	.debug_abbrev                   @ Offset Into Abbrev. Section
	.byte	4                               @ Address Size (in bytes)
	.byte	1                               @ Abbrev [1] 0xb:0x697 DW_TAG_compile_unit
	.long	.Linfo_string0                  @ DW_AT_producer
	.short	12                              @ DW_AT_language
	.long	.Linfo_string1                  @ DW_AT_name
	.long	.Lline_table_start0             @ DW_AT_stmt_list
	.long	.Linfo_string2                  @ DW_AT_comp_dir
	.long	0                               @ DW_AT_low_pc
	.long	.Ldebug_ranges0                 @ DW_AT_ranges
	.byte	2                               @ Abbrev [2] 0x26:0x11 DW_TAG_variable
	.long	.Linfo_string3                  @ DW_AT_name
	.long	55                              @ DW_AT_type
                                        @ DW_AT_external
	.byte	2                               @ DW_AT_decl_file
	.byte	22                              @ DW_AT_decl_line
	.byte	5                               @ DW_AT_location
	.byte	3
	.long	g_ADC_i32ErrCode
	.byte	3                               @ Abbrev [3] 0x37:0xb DW_TAG_typedef
	.long	66                              @ DW_AT_type
	.long	.Linfo_string5                  @ DW_AT_name
	.byte	1                               @ DW_AT_decl_file
	.byte	58                              @ DW_AT_decl_line
	.byte	4                               @ Abbrev [4] 0x42:0x7 DW_TAG_base_type
	.long	.Linfo_string4                  @ DW_AT_name
	.byte	5                               @ DW_AT_encoding
	.byte	4                               @ DW_AT_byte_size
	.byte	5                               @ Abbrev [5] 0x49:0x5 DW_TAG_pointer_type
	.long	78                              @ DW_AT_type
	.byte	6                               @ Abbrev [6] 0x4e:0xc DW_TAG_typedef
	.long	90                              @ DW_AT_type
	.long	.Linfo_string71                 @ DW_AT_name
	.byte	3                               @ DW_AT_decl_file
	.short	641                             @ DW_AT_decl_line
	.byte	7                               @ Abbrev [7] 0x5a:0x340 DW_TAG_structure_type
	.short	496                             @ DW_AT_byte_size
	.byte	3                               @ DW_AT_decl_file
	.byte	26                              @ DW_AT_decl_line
	.byte	8                               @ Abbrev [8] 0x5f:0xd DW_TAG_member
	.long	.Linfo_string6                  @ DW_AT_name
	.long	922                             @ DW_AT_type
	.byte	3                               @ DW_AT_decl_file
	.short	579                             @ DW_AT_decl_line
	.byte	0                               @ DW_AT_data_member_location
	.byte	8                               @ Abbrev [8] 0x6c:0xd DW_TAG_member
	.long	.Linfo_string9                  @ DW_AT_name
	.long	927                             @ DW_AT_type
	.byte	3                               @ DW_AT_decl_file
	.short	580                             @ DW_AT_decl_line
	.byte	4                               @ DW_AT_data_member_location
	.byte	8                               @ Abbrev [8] 0x79:0xd DW_TAG_member
	.long	.Linfo_string10                 @ DW_AT_name
	.long	927                             @ DW_AT_type
	.byte	3                               @ DW_AT_decl_file
	.short	581                             @ DW_AT_decl_line
	.byte	8                               @ DW_AT_data_member_location
	.byte	8                               @ Abbrev [8] 0x86:0xd DW_TAG_member
	.long	.Linfo_string11                 @ DW_AT_name
	.long	927                             @ DW_AT_type
	.byte	3                               @ DW_AT_decl_file
	.short	582                             @ DW_AT_decl_line
	.byte	12                              @ DW_AT_data_member_location
	.byte	8                               @ Abbrev [8] 0x93:0xd DW_TAG_member
	.long	.Linfo_string12                 @ DW_AT_name
	.long	927                             @ DW_AT_type
	.byte	3                               @ DW_AT_decl_file
	.short	583                             @ DW_AT_decl_line
	.byte	16                              @ DW_AT_data_member_location
	.byte	8                               @ Abbrev [8] 0xa0:0xd DW_TAG_member
	.long	.Linfo_string13                 @ DW_AT_name
	.long	950                             @ DW_AT_type
	.byte	3                               @ DW_AT_decl_file
	.short	584                             @ DW_AT_decl_line
	.byte	20                              @ DW_AT_data_member_location
	.byte	8                               @ Abbrev [8] 0xad:0xd DW_TAG_member
	.long	.Linfo_string15                 @ DW_AT_name
	.long	927                             @ DW_AT_type
	.byte	3                               @ DW_AT_decl_file
	.short	585                             @ DW_AT_decl_line
	.byte	24                              @ DW_AT_data_member_location
	.byte	8                               @ Abbrev [8] 0xba:0xd DW_TAG_member
	.long	.Linfo_string16                 @ DW_AT_name
	.long	969                             @ DW_AT_type
	.byte	3                               @ DW_AT_decl_file
	.short	586                             @ DW_AT_decl_line
	.byte	28                              @ DW_AT_data_member_location
	.byte	8                               @ Abbrev [8] 0xc7:0xd DW_TAG_member
	.long	.Linfo_string17                 @ DW_AT_name
	.long	927                             @ DW_AT_type
	.byte	3                               @ DW_AT_decl_file
	.short	587                             @ DW_AT_decl_line
	.byte	36                              @ DW_AT_data_member_location
	.byte	8                               @ Abbrev [8] 0xd4:0xd DW_TAG_member
	.long	.Linfo_string18                 @ DW_AT_name
	.long	969                             @ DW_AT_type
	.byte	3                               @ DW_AT_decl_file
	.short	588                             @ DW_AT_decl_line
	.byte	40                              @ DW_AT_data_member_location
	.byte	8                               @ Abbrev [8] 0xe1:0xd DW_TAG_member
	.long	.Linfo_string19                 @ DW_AT_name
	.long	927                             @ DW_AT_type
	.byte	3                               @ DW_AT_decl_file
	.short	589                             @ DW_AT_decl_line
	.byte	48                              @ DW_AT_data_member_location
	.byte	8                               @ Abbrev [8] 0xee:0xd DW_TAG_member
	.long	.Linfo_string20                 @ DW_AT_name
	.long	927                             @ DW_AT_type
	.byte	3                               @ DW_AT_decl_file
	.short	590                             @ DW_AT_decl_line
	.byte	52                              @ DW_AT_data_member_location
	.byte	8                               @ Abbrev [8] 0xfb:0xd DW_TAG_member
	.long	.Linfo_string21                 @ DW_AT_name
	.long	927                             @ DW_AT_type
	.byte	3                               @ DW_AT_decl_file
	.short	591                             @ DW_AT_decl_line
	.byte	56                              @ DW_AT_data_member_location
	.byte	8                               @ Abbrev [8] 0x108:0xd DW_TAG_member
	.long	.Linfo_string22                 @ DW_AT_name
	.long	927                             @ DW_AT_type
	.byte	3                               @ DW_AT_decl_file
	.short	592                             @ DW_AT_decl_line
	.byte	60                              @ DW_AT_data_member_location
	.byte	8                               @ Abbrev [8] 0x115:0xd DW_TAG_member
	.long	.Linfo_string23                 @ DW_AT_name
	.long	927                             @ DW_AT_type
	.byte	3                               @ DW_AT_decl_file
	.short	593                             @ DW_AT_decl_line
	.byte	64                              @ DW_AT_data_member_location
	.byte	8                               @ Abbrev [8] 0x122:0xd DW_TAG_member
	.long	.Linfo_string24                 @ DW_AT_name
	.long	927                             @ DW_AT_type
	.byte	3                               @ DW_AT_decl_file
	.short	594                             @ DW_AT_decl_line
	.byte	68                              @ DW_AT_data_member_location
	.byte	8                               @ Abbrev [8] 0x12f:0xd DW_TAG_member
	.long	.Linfo_string25                 @ DW_AT_name
	.long	927                             @ DW_AT_type
	.byte	3                               @ DW_AT_decl_file
	.short	595                             @ DW_AT_decl_line
	.byte	72                              @ DW_AT_data_member_location
	.byte	8                               @ Abbrev [8] 0x13c:0xd DW_TAG_member
	.long	.Linfo_string26                 @ DW_AT_name
	.long	927                             @ DW_AT_type
	.byte	3                               @ DW_AT_decl_file
	.short	596                             @ DW_AT_decl_line
	.byte	76                              @ DW_AT_data_member_location
	.byte	8                               @ Abbrev [8] 0x149:0xd DW_TAG_member
	.long	.Linfo_string27                 @ DW_AT_name
	.long	927                             @ DW_AT_type
	.byte	3                               @ DW_AT_decl_file
	.short	597                             @ DW_AT_decl_line
	.byte	80                              @ DW_AT_data_member_location
	.byte	8                               @ Abbrev [8] 0x156:0xd DW_TAG_member
	.long	.Linfo_string28                 @ DW_AT_name
	.long	927                             @ DW_AT_type
	.byte	3                               @ DW_AT_decl_file
	.short	598                             @ DW_AT_decl_line
	.byte	84                              @ DW_AT_data_member_location
	.byte	8                               @ Abbrev [8] 0x163:0xd DW_TAG_member
	.long	.Linfo_string29                 @ DW_AT_name
	.long	927                             @ DW_AT_type
	.byte	3                               @ DW_AT_decl_file
	.short	599                             @ DW_AT_decl_line
	.byte	88                              @ DW_AT_data_member_location
	.byte	8                               @ Abbrev [8] 0x170:0xd DW_TAG_member
	.long	.Linfo_string30                 @ DW_AT_name
	.long	927                             @ DW_AT_type
	.byte	3                               @ DW_AT_decl_file
	.short	600                             @ DW_AT_decl_line
	.byte	92                              @ DW_AT_data_member_location
	.byte	8                               @ Abbrev [8] 0x17d:0xd DW_TAG_member
	.long	.Linfo_string31                 @ DW_AT_name
	.long	927                             @ DW_AT_type
	.byte	3                               @ DW_AT_decl_file
	.short	601                             @ DW_AT_decl_line
	.byte	96                              @ DW_AT_data_member_location
	.byte	8                               @ Abbrev [8] 0x18a:0xd DW_TAG_member
	.long	.Linfo_string32                 @ DW_AT_name
	.long	927                             @ DW_AT_type
	.byte	3                               @ DW_AT_decl_file
	.short	602                             @ DW_AT_decl_line
	.byte	100                             @ DW_AT_data_member_location
	.byte	8                               @ Abbrev [8] 0x197:0xd DW_TAG_member
	.long	.Linfo_string33                 @ DW_AT_name
	.long	927                             @ DW_AT_type
	.byte	3                               @ DW_AT_decl_file
	.short	603                             @ DW_AT_decl_line
	.byte	104                             @ DW_AT_data_member_location
	.byte	8                               @ Abbrev [8] 0x1a4:0xd DW_TAG_member
	.long	.Linfo_string34                 @ DW_AT_name
	.long	927                             @ DW_AT_type
	.byte	3                               @ DW_AT_decl_file
	.short	604                             @ DW_AT_decl_line
	.byte	108                             @ DW_AT_data_member_location
	.byte	8                               @ Abbrev [8] 0x1b1:0xd DW_TAG_member
	.long	.Linfo_string35                 @ DW_AT_name
	.long	969                             @ DW_AT_type
	.byte	3                               @ DW_AT_decl_file
	.short	605                             @ DW_AT_decl_line
	.byte	112                             @ DW_AT_data_member_location
	.byte	8                               @ Abbrev [8] 0x1be:0xd DW_TAG_member
	.long	.Linfo_string36                 @ DW_AT_name
	.long	927                             @ DW_AT_type
	.byte	3                               @ DW_AT_decl_file
	.short	606                             @ DW_AT_decl_line
	.byte	120                             @ DW_AT_data_member_location
	.byte	8                               @ Abbrev [8] 0x1cb:0xd DW_TAG_member
	.long	.Linfo_string37                 @ DW_AT_name
	.long	981                             @ DW_AT_type
	.byte	3                               @ DW_AT_decl_file
	.short	607                             @ DW_AT_decl_line
	.byte	124                             @ DW_AT_data_member_location
	.byte	8                               @ Abbrev [8] 0x1d8:0xd DW_TAG_member
	.long	.Linfo_string38                 @ DW_AT_name
	.long	927                             @ DW_AT_type
	.byte	3                               @ DW_AT_decl_file
	.short	608                             @ DW_AT_decl_line
	.byte	192                             @ DW_AT_data_member_location
	.byte	8                               @ Abbrev [8] 0x1e5:0xd DW_TAG_member
	.long	.Linfo_string39                 @ DW_AT_name
	.long	993                             @ DW_AT_type
	.byte	3                               @ DW_AT_decl_file
	.short	609                             @ DW_AT_decl_line
	.byte	196                             @ DW_AT_data_member_location
	.byte	8                               @ Abbrev [8] 0x1f2:0xd DW_TAG_member
	.long	.Linfo_string40                 @ DW_AT_name
	.long	927                             @ DW_AT_type
	.byte	3                               @ DW_AT_decl_file
	.short	610                             @ DW_AT_decl_line
	.byte	208                             @ DW_AT_data_member_location
	.byte	8                               @ Abbrev [8] 0x1ff:0xd DW_TAG_member
	.long	.Linfo_string41                 @ DW_AT_name
	.long	922                             @ DW_AT_type
	.byte	3                               @ DW_AT_decl_file
	.short	611                             @ DW_AT_decl_line
	.byte	212                             @ DW_AT_data_member_location
	.byte	8                               @ Abbrev [8] 0x20c:0xd DW_TAG_member
	.long	.Linfo_string42                 @ DW_AT_name
	.long	927                             @ DW_AT_type
	.byte	3                               @ DW_AT_decl_file
	.short	612                             @ DW_AT_decl_line
	.byte	216                             @ DW_AT_data_member_location
	.byte	8                               @ Abbrev [8] 0x219:0xd DW_TAG_member
	.long	.Linfo_string43                 @ DW_AT_name
	.long	927                             @ DW_AT_type
	.byte	3                               @ DW_AT_decl_file
	.short	613                             @ DW_AT_decl_line
	.byte	220                             @ DW_AT_data_member_location
	.byte	8                               @ Abbrev [8] 0x226:0xd DW_TAG_member
	.long	.Linfo_string44                 @ DW_AT_name
	.long	927                             @ DW_AT_type
	.byte	3                               @ DW_AT_decl_file
	.short	614                             @ DW_AT_decl_line
	.byte	224                             @ DW_AT_data_member_location
	.byte	8                               @ Abbrev [8] 0x233:0xd DW_TAG_member
	.long	.Linfo_string45                 @ DW_AT_name
	.long	922                             @ DW_AT_type
	.byte	3                               @ DW_AT_decl_file
	.short	615                             @ DW_AT_decl_line
	.byte	228                             @ DW_AT_data_member_location
	.byte	8                               @ Abbrev [8] 0x240:0xd DW_TAG_member
	.long	.Linfo_string46                 @ DW_AT_name
	.long	969                             @ DW_AT_type
	.byte	3                               @ DW_AT_decl_file
	.short	616                             @ DW_AT_decl_line
	.byte	232                             @ DW_AT_data_member_location
	.byte	8                               @ Abbrev [8] 0x24d:0xd DW_TAG_member
	.long	.Linfo_string47                 @ DW_AT_name
	.long	927                             @ DW_AT_type
	.byte	3                               @ DW_AT_decl_file
	.short	617                             @ DW_AT_decl_line
	.byte	240                             @ DW_AT_data_member_location
	.byte	8                               @ Abbrev [8] 0x25a:0xd DW_TAG_member
	.long	.Linfo_string48                 @ DW_AT_name
	.long	927                             @ DW_AT_type
	.byte	3                               @ DW_AT_decl_file
	.short	618                             @ DW_AT_decl_line
	.byte	244                             @ DW_AT_data_member_location
	.byte	8                               @ Abbrev [8] 0x267:0xd DW_TAG_member
	.long	.Linfo_string49                 @ DW_AT_name
	.long	927                             @ DW_AT_type
	.byte	3                               @ DW_AT_decl_file
	.short	619                             @ DW_AT_decl_line
	.byte	248                             @ DW_AT_data_member_location
	.byte	8                               @ Abbrev [8] 0x274:0xd DW_TAG_member
	.long	.Linfo_string50                 @ DW_AT_name
	.long	950                             @ DW_AT_type
	.byte	3                               @ DW_AT_decl_file
	.short	620                             @ DW_AT_decl_line
	.byte	252                             @ DW_AT_data_member_location
	.byte	9                               @ Abbrev [9] 0x281:0xe DW_TAG_member
	.long	.Linfo_string51                 @ DW_AT_name
	.long	927                             @ DW_AT_type
	.byte	3                               @ DW_AT_decl_file
	.short	621                             @ DW_AT_decl_line
	.short	256                             @ DW_AT_data_member_location
	.byte	9                               @ Abbrev [9] 0x28f:0xe DW_TAG_member
	.long	.Linfo_string52                 @ DW_AT_name
	.long	1005                            @ DW_AT_type
	.byte	3                               @ DW_AT_decl_file
	.short	622                             @ DW_AT_decl_line
	.short	260                             @ DW_AT_data_member_location
	.byte	9                               @ Abbrev [9] 0x29d:0xe DW_TAG_member
	.long	.Linfo_string53                 @ DW_AT_name
	.long	927                             @ DW_AT_type
	.byte	3                               @ DW_AT_decl_file
	.short	623                             @ DW_AT_decl_line
	.short	280                             @ DW_AT_data_member_location
	.byte	9                               @ Abbrev [9] 0x2ab:0xe DW_TAG_member
	.long	.Linfo_string54                 @ DW_AT_name
	.long	950                             @ DW_AT_type
	.byte	3                               @ DW_AT_decl_file
	.short	624                             @ DW_AT_decl_line
	.short	284                             @ DW_AT_data_member_location
	.byte	9                               @ Abbrev [9] 0x2b9:0xe DW_TAG_member
	.long	.Linfo_string55                 @ DW_AT_name
	.long	922                             @ DW_AT_type
	.byte	3                               @ DW_AT_decl_file
	.short	625                             @ DW_AT_decl_line
	.short	288                             @ DW_AT_data_member_location
	.byte	9                               @ Abbrev [9] 0x2c7:0xe DW_TAG_member
	.long	.Linfo_string56                 @ DW_AT_name
	.long	922                             @ DW_AT_type
	.byte	3                               @ DW_AT_decl_file
	.short	626                             @ DW_AT_decl_line
	.short	292                             @ DW_AT_data_member_location
	.byte	9                               @ Abbrev [9] 0x2d5:0xe DW_TAG_member
	.long	.Linfo_string57                 @ DW_AT_name
	.long	1017                            @ DW_AT_type
	.byte	3                               @ DW_AT_decl_file
	.short	627                             @ DW_AT_decl_line
	.short	296                             @ DW_AT_data_member_location
	.byte	9                               @ Abbrev [9] 0x2e3:0xe DW_TAG_member
	.long	.Linfo_string58                 @ DW_AT_name
	.long	922                             @ DW_AT_type
	.byte	3                               @ DW_AT_decl_file
	.short	628                             @ DW_AT_decl_line
	.short	312                             @ DW_AT_data_member_location
	.byte	9                               @ Abbrev [9] 0x2f1:0xe DW_TAG_member
	.long	.Linfo_string59                 @ DW_AT_name
	.long	1005                            @ DW_AT_type
	.byte	3                               @ DW_AT_decl_file
	.short	629                             @ DW_AT_decl_line
	.short	316                             @ DW_AT_data_member_location
	.byte	9                               @ Abbrev [9] 0x2ff:0xe DW_TAG_member
	.long	.Linfo_string60                 @ DW_AT_name
	.long	922                             @ DW_AT_type
	.byte	3                               @ DW_AT_decl_file
	.short	630                             @ DW_AT_decl_line
	.short	336                             @ DW_AT_data_member_location
	.byte	9                               @ Abbrev [9] 0x30d:0xe DW_TAG_member
	.long	.Linfo_string61                 @ DW_AT_name
	.long	922                             @ DW_AT_type
	.byte	3                               @ DW_AT_decl_file
	.short	631                             @ DW_AT_decl_line
	.short	340                             @ DW_AT_data_member_location
	.byte	9                               @ Abbrev [9] 0x31b:0xe DW_TAG_member
	.long	.Linfo_string62                 @ DW_AT_name
	.long	922                             @ DW_AT_type
	.byte	3                               @ DW_AT_decl_file
	.short	632                             @ DW_AT_decl_line
	.short	344                             @ DW_AT_data_member_location
	.byte	9                               @ Abbrev [9] 0x329:0xe DW_TAG_member
	.long	.Linfo_string63                 @ DW_AT_name
	.long	922                             @ DW_AT_type
	.byte	3                               @ DW_AT_decl_file
	.short	633                             @ DW_AT_decl_line
	.short	348                             @ DW_AT_data_member_location
	.byte	9                               @ Abbrev [9] 0x337:0xe DW_TAG_member
	.long	.Linfo_string64                 @ DW_AT_name
	.long	927                             @ DW_AT_type
	.byte	3                               @ DW_AT_decl_file
	.short	634                             @ DW_AT_decl_line
	.short	352                             @ DW_AT_data_member_location
	.byte	9                               @ Abbrev [9] 0x345:0xe DW_TAG_member
	.long	.Linfo_string65                 @ DW_AT_name
	.long	1029                            @ DW_AT_type
	.byte	3                               @ DW_AT_decl_file
	.short	635                             @ DW_AT_decl_line
	.short	356                             @ DW_AT_data_member_location
	.byte	9                               @ Abbrev [9] 0x353:0xe DW_TAG_member
	.long	.Linfo_string66                 @ DW_AT_name
	.long	927                             @ DW_AT_type
	.byte	3                               @ DW_AT_decl_file
	.short	636                             @ DW_AT_decl_line
	.short	392                             @ DW_AT_data_member_location
	.byte	9                               @ Abbrev [9] 0x361:0xe DW_TAG_member
	.long	.Linfo_string67                 @ DW_AT_name
	.long	927                             @ DW_AT_type
	.byte	3                               @ DW_AT_decl_file
	.short	637                             @ DW_AT_decl_line
	.short	396                             @ DW_AT_data_member_location
	.byte	9                               @ Abbrev [9] 0x36f:0xe DW_TAG_member
	.long	.Linfo_string68                 @ DW_AT_name
	.long	927                             @ DW_AT_type
	.byte	3                               @ DW_AT_decl_file
	.short	638                             @ DW_AT_decl_line
	.short	400                             @ DW_AT_data_member_location
	.byte	9                               @ Abbrev [9] 0x37d:0xe DW_TAG_member
	.long	.Linfo_string69                 @ DW_AT_name
	.long	1041                            @ DW_AT_type
	.byte	3                               @ DW_AT_decl_file
	.short	639                             @ DW_AT_decl_line
	.short	404                             @ DW_AT_data_member_location
	.byte	9                               @ Abbrev [9] 0x38b:0xe DW_TAG_member
	.long	.Linfo_string70                 @ DW_AT_name
	.long	927                             @ DW_AT_type
	.byte	3                               @ DW_AT_decl_file
	.short	640                             @ DW_AT_decl_line
	.short	492                             @ DW_AT_data_member_location
	.byte	0                               @ End Of Children Mark
	.byte	10                              @ Abbrev [10] 0x39a:0x5 DW_TAG_const_type
	.long	927                             @ DW_AT_type
	.byte	11                              @ Abbrev [11] 0x39f:0x5 DW_TAG_volatile_type
	.long	932                             @ DW_AT_type
	.byte	3                               @ Abbrev [3] 0x3a4:0xb DW_TAG_typedef
	.long	943                             @ DW_AT_type
	.long	.Linfo_string8                  @ DW_AT_name
	.byte	1                               @ DW_AT_decl_file
	.byte	64                              @ DW_AT_decl_line
	.byte	4                               @ Abbrev [4] 0x3af:0x7 DW_TAG_base_type
	.long	.Linfo_string7                  @ DW_AT_name
	.byte	7                               @ DW_AT_encoding
	.byte	4                               @ DW_AT_byte_size
	.byte	12                              @ Abbrev [12] 0x3b6:0xc DW_TAG_array_type
	.long	922                             @ DW_AT_type
	.byte	13                              @ Abbrev [13] 0x3bb:0x6 DW_TAG_subrange_type
	.long	962                             @ DW_AT_type
	.byte	1                               @ DW_AT_count
	.byte	0                               @ End Of Children Mark
	.byte	14                              @ Abbrev [14] 0x3c2:0x7 DW_TAG_base_type
	.long	.Linfo_string14                 @ DW_AT_name
	.byte	8                               @ DW_AT_byte_size
	.byte	7                               @ DW_AT_encoding
	.byte	12                              @ Abbrev [12] 0x3c9:0xc DW_TAG_array_type
	.long	922                             @ DW_AT_type
	.byte	13                              @ Abbrev [13] 0x3ce:0x6 DW_TAG_subrange_type
	.long	962                             @ DW_AT_type
	.byte	2                               @ DW_AT_count
	.byte	0                               @ End Of Children Mark
	.byte	12                              @ Abbrev [12] 0x3d5:0xc DW_TAG_array_type
	.long	922                             @ DW_AT_type
	.byte	13                              @ Abbrev [13] 0x3da:0x6 DW_TAG_subrange_type
	.long	962                             @ DW_AT_type
	.byte	17                              @ DW_AT_count
	.byte	0                               @ End Of Children Mark
	.byte	12                              @ Abbrev [12] 0x3e1:0xc DW_TAG_array_type
	.long	922                             @ DW_AT_type
	.byte	13                              @ Abbrev [13] 0x3e6:0x6 DW_TAG_subrange_type
	.long	962                             @ DW_AT_type
	.byte	3                               @ DW_AT_count
	.byte	0                               @ End Of Children Mark
	.byte	12                              @ Abbrev [12] 0x3ed:0xc DW_TAG_array_type
	.long	922                             @ DW_AT_type
	.byte	13                              @ Abbrev [13] 0x3f2:0x6 DW_TAG_subrange_type
	.long	962                             @ DW_AT_type
	.byte	5                               @ DW_AT_count
	.byte	0                               @ End Of Children Mark
	.byte	12                              @ Abbrev [12] 0x3f9:0xc DW_TAG_array_type
	.long	922                             @ DW_AT_type
	.byte	13                              @ Abbrev [13] 0x3fe:0x6 DW_TAG_subrange_type
	.long	962                             @ DW_AT_type
	.byte	4                               @ DW_AT_count
	.byte	0                               @ End Of Children Mark
	.byte	12                              @ Abbrev [12] 0x405:0xc DW_TAG_array_type
	.long	922                             @ DW_AT_type
	.byte	13                              @ Abbrev [13] 0x40a:0x6 DW_TAG_subrange_type
	.long	962                             @ DW_AT_type
	.byte	9                               @ DW_AT_count
	.byte	0                               @ End Of Children Mark
	.byte	12                              @ Abbrev [12] 0x411:0xc DW_TAG_array_type
	.long	922                             @ DW_AT_type
	.byte	13                              @ Abbrev [13] 0x416:0x6 DW_TAG_subrange_type
	.long	962                             @ DW_AT_type
	.byte	22                              @ DW_AT_count
	.byte	0                               @ End Of Children Mark
	.byte	15                              @ Abbrev [15] 0x41d:0x58 DW_TAG_subprogram
	.long	.Lfunc_begin0                   @ DW_AT_low_pc
	.long	.Lfunc_end0-.Lfunc_begin0       @ DW_AT_high_pc
	.byte	1                               @ DW_AT_frame_base
	.byte	93
	.long	.Linfo_string72                 @ DW_AT_name
	.byte	2                               @ DW_AT_decl_file
	.byte	47                              @ DW_AT_decl_line
                                        @ DW_AT_prototyped
                                        @ DW_AT_external
	.byte	16                              @ Abbrev [16] 0x42e:0xe DW_TAG_formal_parameter
	.byte	2                               @ DW_AT_location
	.byte	145
	.byte	16
	.long	.Linfo_string79                 @ DW_AT_name
	.byte	2                               @ DW_AT_decl_file
	.byte	47                              @ DW_AT_decl_line
	.long	1417                            @ DW_AT_type
	.byte	16                              @ Abbrev [16] 0x43c:0xe DW_TAG_formal_parameter
	.byte	2                               @ DW_AT_location
	.byte	145
	.byte	12
	.long	.Linfo_string94                 @ DW_AT_name
	.byte	2                               @ DW_AT_decl_file
	.byte	48                              @ DW_AT_decl_line
	.long	932                             @ DW_AT_type
	.byte	16                              @ Abbrev [16] 0x44a:0xe DW_TAG_formal_parameter
	.byte	2                               @ DW_AT_location
	.byte	145
	.byte	8
	.long	.Linfo_string95                 @ DW_AT_name
	.byte	2                               @ DW_AT_decl_file
	.byte	49                              @ DW_AT_decl_line
	.long	932                             @ DW_AT_type
	.byte	16                              @ Abbrev [16] 0x458:0xe DW_TAG_formal_parameter
	.byte	2                               @ DW_AT_location
	.byte	145
	.byte	4
	.long	.Linfo_string96                 @ DW_AT_name
	.byte	2                               @ DW_AT_decl_file
	.byte	50                              @ DW_AT_decl_line
	.long	932                             @ DW_AT_type
	.byte	17                              @ Abbrev [17] 0x466:0xe DW_TAG_variable
	.byte	2                               @ DW_AT_location
	.byte	145
	.byte	0
	.long	.Linfo_string97                 @ DW_AT_name
	.byte	2                               @ DW_AT_decl_file
	.byte	52                              @ DW_AT_decl_line
	.long	932                             @ DW_AT_type
	.byte	0                               @ End Of Children Mark
	.byte	15                              @ Abbrev [15] 0x475:0x20 DW_TAG_subprogram
	.long	.Lfunc_begin1                   @ DW_AT_low_pc
	.long	.Lfunc_end1-.Lfunc_begin1       @ DW_AT_high_pc
	.byte	1                               @ DW_AT_frame_base
	.byte	93
	.long	.Linfo_string73                 @ DW_AT_name
	.byte	2                               @ DW_AT_decl_file
	.byte	99                              @ DW_AT_decl_line
                                        @ DW_AT_prototyped
                                        @ DW_AT_external
	.byte	16                              @ Abbrev [16] 0x486:0xe DW_TAG_formal_parameter
	.byte	2                               @ DW_AT_location
	.byte	145
	.byte	0
	.long	.Linfo_string79                 @ DW_AT_name
	.byte	2                               @ DW_AT_decl_file
	.byte	99                              @ DW_AT_decl_line
	.long	1417                            @ DW_AT_type
	.byte	0                               @ End Of Children Mark
	.byte	15                              @ Abbrev [15] 0x495:0x3c DW_TAG_subprogram
	.long	.Lfunc_begin2                   @ DW_AT_low_pc
	.long	.Lfunc_end2-.Lfunc_begin2       @ DW_AT_high_pc
	.byte	1                               @ DW_AT_frame_base
	.byte	93
	.long	.Linfo_string74                 @ DW_AT_name
	.byte	2                               @ DW_AT_decl_file
	.byte	123                             @ DW_AT_decl_line
                                        @ DW_AT_prototyped
                                        @ DW_AT_external
	.byte	16                              @ Abbrev [16] 0x4a6:0xe DW_TAG_formal_parameter
	.byte	2                               @ DW_AT_location
	.byte	145
	.byte	8
	.long	.Linfo_string79                 @ DW_AT_name
	.byte	2                               @ DW_AT_decl_file
	.byte	123                             @ DW_AT_decl_line
	.long	1417                            @ DW_AT_type
	.byte	16                              @ Abbrev [16] 0x4b4:0xe DW_TAG_formal_parameter
	.byte	2                               @ DW_AT_location
	.byte	145
	.byte	4
	.long	.Linfo_string98                 @ DW_AT_name
	.byte	2                               @ DW_AT_decl_file
	.byte	124                             @ DW_AT_decl_line
	.long	932                             @ DW_AT_type
	.byte	16                              @ Abbrev [16] 0x4c2:0xe DW_TAG_formal_parameter
	.byte	2                               @ DW_AT_location
	.byte	145
	.byte	0
	.long	.Linfo_string99                 @ DW_AT_name
	.byte	2                               @ DW_AT_decl_file
	.byte	125                             @ DW_AT_decl_line
	.long	932                             @ DW_AT_type
	.byte	0                               @ End Of Children Mark
	.byte	15                              @ Abbrev [15] 0x4d1:0x20 DW_TAG_subprogram
	.long	.Lfunc_begin3                   @ DW_AT_low_pc
	.long	.Lfunc_end3-.Lfunc_begin3       @ DW_AT_high_pc
	.byte	1                               @ DW_AT_frame_base
	.byte	93
	.long	.Linfo_string75                 @ DW_AT_name
	.byte	2                               @ DW_AT_decl_file
	.byte	150                             @ DW_AT_decl_line
                                        @ DW_AT_prototyped
                                        @ DW_AT_external
	.byte	16                              @ Abbrev [16] 0x4e2:0xe DW_TAG_formal_parameter
	.byte	2                               @ DW_AT_location
	.byte	145
	.byte	0
	.long	.Linfo_string79                 @ DW_AT_name
	.byte	2                               @ DW_AT_decl_file
	.byte	150                             @ DW_AT_decl_line
	.long	1417                            @ DW_AT_type
	.byte	0                               @ End Of Children Mark
	.byte	15                              @ Abbrev [15] 0x4f1:0x2e DW_TAG_subprogram
	.long	.Lfunc_begin4                   @ DW_AT_low_pc
	.long	.Lfunc_end4-.Lfunc_begin4       @ DW_AT_high_pc
	.byte	1                               @ DW_AT_frame_base
	.byte	93
	.long	.Linfo_string76                 @ DW_AT_name
	.byte	2                               @ DW_AT_decl_file
	.byte	167                             @ DW_AT_decl_line
                                        @ DW_AT_prototyped
                                        @ DW_AT_external
	.byte	16                              @ Abbrev [16] 0x502:0xe DW_TAG_formal_parameter
	.byte	2                               @ DW_AT_location
	.byte	145
	.byte	4
	.long	.Linfo_string79                 @ DW_AT_name
	.byte	2                               @ DW_AT_decl_file
	.byte	167                             @ DW_AT_decl_line
	.long	1417                            @ DW_AT_type
	.byte	16                              @ Abbrev [16] 0x510:0xe DW_TAG_formal_parameter
	.byte	2                               @ DW_AT_location
	.byte	145
	.byte	0
	.long	.Linfo_string100                @ DW_AT_name
	.byte	2                               @ DW_AT_decl_file
	.byte	167                             @ DW_AT_decl_line
	.long	932                             @ DW_AT_type
	.byte	0                               @ End Of Children Mark
	.byte	15                              @ Abbrev [15] 0x51f:0x2e DW_TAG_subprogram
	.long	.Lfunc_begin5                   @ DW_AT_low_pc
	.long	.Lfunc_end5-.Lfunc_begin5       @ DW_AT_high_pc
	.byte	1                               @ DW_AT_frame_base
	.byte	93
	.long	.Linfo_string77                 @ DW_AT_name
	.byte	2                               @ DW_AT_decl_file
	.byte	190                             @ DW_AT_decl_line
                                        @ DW_AT_prototyped
                                        @ DW_AT_external
	.byte	16                              @ Abbrev [16] 0x530:0xe DW_TAG_formal_parameter
	.byte	2                               @ DW_AT_location
	.byte	145
	.byte	4
	.long	.Linfo_string79                 @ DW_AT_name
	.byte	2                               @ DW_AT_decl_file
	.byte	190                             @ DW_AT_decl_line
	.long	1417                            @ DW_AT_type
	.byte	16                              @ Abbrev [16] 0x53e:0xe DW_TAG_formal_parameter
	.byte	2                               @ DW_AT_location
	.byte	145
	.byte	0
	.long	.Linfo_string100                @ DW_AT_name
	.byte	2                               @ DW_AT_decl_file
	.byte	190                             @ DW_AT_decl_line
	.long	932                             @ DW_AT_type
	.byte	0                               @ End Of Children Mark
	.byte	15                              @ Abbrev [15] 0x54d:0x3c DW_TAG_subprogram
	.long	.Lfunc_begin6                   @ DW_AT_low_pc
	.long	.Lfunc_end6-.Lfunc_begin6       @ DW_AT_high_pc
	.byte	1                               @ DW_AT_frame_base
	.byte	93
	.long	.Linfo_string78                 @ DW_AT_name
	.byte	2                               @ DW_AT_decl_file
	.byte	211                             @ DW_AT_decl_line
                                        @ DW_AT_prototyped
                                        @ DW_AT_external
	.byte	16                              @ Abbrev [16] 0x55e:0xe DW_TAG_formal_parameter
	.byte	2                               @ DW_AT_location
	.byte	145
	.byte	8
	.long	.Linfo_string79                 @ DW_AT_name
	.byte	2                               @ DW_AT_decl_file
	.byte	211                             @ DW_AT_decl_line
	.long	1417                            @ DW_AT_type
	.byte	16                              @ Abbrev [16] 0x56c:0xe DW_TAG_formal_parameter
	.byte	2                               @ DW_AT_location
	.byte	145
	.byte	4
	.long	.Linfo_string101                @ DW_AT_name
	.byte	2                               @ DW_AT_decl_file
	.byte	211                             @ DW_AT_decl_line
	.long	932                             @ DW_AT_type
	.byte	16                              @ Abbrev [16] 0x57a:0xe DW_TAG_formal_parameter
	.byte	2                               @ DW_AT_location
	.byte	145
	.byte	0
	.long	.Linfo_string102                @ DW_AT_name
	.byte	2                               @ DW_AT_decl_file
	.byte	211                             @ DW_AT_decl_line
	.long	932                             @ DW_AT_type
	.byte	0                               @ End Of Children Mark
	.byte	5                               @ Abbrev [5] 0x589:0x5 DW_TAG_pointer_type
	.long	1422                            @ DW_AT_type
	.byte	6                               @ Abbrev [6] 0x58e:0xc DW_TAG_typedef
	.long	1434                            @ DW_AT_type
	.long	.Linfo_string93                 @ DW_AT_name
	.byte	4                               @ DW_AT_decl_file
	.short	268                             @ DW_AT_decl_line
	.byte	7                               @ Abbrev [7] 0x59a:0xe3 DW_TAG_structure_type
	.short	396                             @ DW_AT_byte_size
	.byte	4                               @ DW_AT_decl_file
	.byte	26                              @ DW_AT_decl_line
	.byte	18                              @ Abbrev [18] 0x59f:0xc DW_TAG_member
	.long	.Linfo_string80                 @ DW_AT_name
	.long	1661                            @ DW_AT_type
	.byte	4                               @ DW_AT_decl_file
	.byte	251                             @ DW_AT_decl_line
	.byte	0                               @ DW_AT_data_member_location
	.byte	18                              @ Abbrev [18] 0x5ab:0xc DW_TAG_member
	.long	.Linfo_string16                 @ DW_AT_name
	.long	969                             @ DW_AT_type
	.byte	4                               @ DW_AT_decl_file
	.byte	252                             @ DW_AT_decl_line
	.byte	120                             @ DW_AT_data_member_location
	.byte	18                              @ Abbrev [18] 0x5b7:0xc DW_TAG_member
	.long	.Linfo_string81                 @ DW_AT_name
	.long	927                             @ DW_AT_type
	.byte	4                               @ DW_AT_decl_file
	.byte	253                             @ DW_AT_decl_line
	.byte	128                             @ DW_AT_data_member_location
	.byte	18                              @ Abbrev [18] 0x5c3:0xc DW_TAG_member
	.long	.Linfo_string82                 @ DW_AT_name
	.long	927                             @ DW_AT_type
	.byte	4                               @ DW_AT_decl_file
	.byte	254                             @ DW_AT_decl_line
	.byte	132                             @ DW_AT_data_member_location
	.byte	18                              @ Abbrev [18] 0x5cf:0xc DW_TAG_member
	.long	.Linfo_string83                 @ DW_AT_name
	.long	1673                            @ DW_AT_type
	.byte	4                               @ DW_AT_decl_file
	.byte	255                             @ DW_AT_decl_line
	.byte	136                             @ DW_AT_data_member_location
	.byte	8                               @ Abbrev [8] 0x5db:0xd DW_TAG_member
	.long	.Linfo_string84                 @ DW_AT_name
	.long	927                             @ DW_AT_type
	.byte	4                               @ DW_AT_decl_file
	.short	256                             @ DW_AT_decl_line
	.byte	144                             @ DW_AT_data_member_location
	.byte	8                               @ Abbrev [8] 0x5e8:0xd DW_TAG_member
	.long	.Linfo_string85                 @ DW_AT_name
	.long	922                             @ DW_AT_type
	.byte	4                               @ DW_AT_decl_file
	.short	257                             @ DW_AT_decl_line
	.byte	148                             @ DW_AT_data_member_location
	.byte	8                               @ Abbrev [8] 0x5f5:0xd DW_TAG_member
	.long	.Linfo_string86                 @ DW_AT_name
	.long	922                             @ DW_AT_type
	.byte	4                               @ DW_AT_decl_file
	.short	258                             @ DW_AT_decl_line
	.byte	152                             @ DW_AT_data_member_location
	.byte	8                               @ Abbrev [8] 0x602:0xd DW_TAG_member
	.long	.Linfo_string18                 @ DW_AT_name
	.long	950                             @ DW_AT_type
	.byte	4                               @ DW_AT_decl_file
	.short	259                             @ DW_AT_decl_line
	.byte	156                             @ DW_AT_data_member_location
	.byte	8                               @ Abbrev [8] 0x60f:0xd DW_TAG_member
	.long	.Linfo_string87                 @ DW_AT_name
	.long	927                             @ DW_AT_type
	.byte	4                               @ DW_AT_decl_file
	.short	260                             @ DW_AT_decl_line
	.byte	160                             @ DW_AT_data_member_location
	.byte	8                               @ Abbrev [8] 0x61c:0xd DW_TAG_member
	.long	.Linfo_string88                 @ DW_AT_name
	.long	927                             @ DW_AT_type
	.byte	4                               @ DW_AT_decl_file
	.short	261                             @ DW_AT_decl_line
	.byte	164                             @ DW_AT_data_member_location
	.byte	8                               @ Abbrev [8] 0x629:0xd DW_TAG_member
	.long	.Linfo_string35                 @ DW_AT_name
	.long	1041                            @ DW_AT_type
	.byte	4                               @ DW_AT_decl_file
	.short	262                             @ DW_AT_decl_line
	.byte	168                             @ DW_AT_data_member_location
	.byte	9                               @ Abbrev [9] 0x636:0xe DW_TAG_member
	.long	.Linfo_string89                 @ DW_AT_name
	.long	922                             @ DW_AT_type
	.byte	4                               @ DW_AT_decl_file
	.short	263                             @ DW_AT_decl_line
	.short	256                             @ DW_AT_data_member_location
	.byte	9                               @ Abbrev [9] 0x644:0xe DW_TAG_member
	.long	.Linfo_string37                 @ DW_AT_name
	.long	1685                            @ DW_AT_type
	.byte	4                               @ DW_AT_decl_file
	.short	264                             @ DW_AT_decl_line
	.short	260                             @ DW_AT_data_member_location
	.byte	9                               @ Abbrev [9] 0x652:0xe DW_TAG_member
	.long	.Linfo_string90                 @ DW_AT_name
	.long	927                             @ DW_AT_type
	.byte	4                               @ DW_AT_decl_file
	.short	265                             @ DW_AT_decl_line
	.short	384                             @ DW_AT_data_member_location
	.byte	9                               @ Abbrev [9] 0x660:0xe DW_TAG_member
	.long	.Linfo_string91                 @ DW_AT_name
	.long	927                             @ DW_AT_type
	.byte	4                               @ DW_AT_decl_file
	.short	266                             @ DW_AT_decl_line
	.short	388                             @ DW_AT_data_member_location
	.byte	9                               @ Abbrev [9] 0x66e:0xe DW_TAG_member
	.long	.Linfo_string92                 @ DW_AT_name
	.long	927                             @ DW_AT_type
	.byte	4                               @ DW_AT_decl_file
	.short	267                             @ DW_AT_decl_line
	.short	392                             @ DW_AT_data_member_location
	.byte	0                               @ End Of Children Mark
	.byte	12                              @ Abbrev [12] 0x67d:0xc DW_TAG_array_type
	.long	922                             @ DW_AT_type
	.byte	13                              @ Abbrev [13] 0x682:0x6 DW_TAG_subrange_type
	.long	962                             @ DW_AT_type
	.byte	30                              @ DW_AT_count
	.byte	0                               @ End Of Children Mark
	.byte	12                              @ Abbrev [12] 0x689:0xc DW_TAG_array_type
	.long	927                             @ DW_AT_type
	.byte	13                              @ Abbrev [13] 0x68e:0x6 DW_TAG_subrange_type
	.long	962                             @ DW_AT_type
	.byte	2                               @ DW_AT_count
	.byte	0                               @ End Of Children Mark
	.byte	12                              @ Abbrev [12] 0x695:0xc DW_TAG_array_type
	.long	922                             @ DW_AT_type
	.byte	13                              @ Abbrev [13] 0x69a:0x6 DW_TAG_subrange_type
	.long	962                             @ DW_AT_type
	.byte	31                              @ DW_AT_count
	.byte	0                               @ End Of Children Mark
	.byte	0                               @ End Of Children Mark
.Ldebug_info_end0:
	.section	.debug_ranges,"",%progbits
.Ldebug_ranges0:
	.long	.Lfunc_begin0
	.long	.Lfunc_end0
	.long	.Lfunc_begin1
	.long	.Lfunc_end1
	.long	.Lfunc_begin2
	.long	.Lfunc_end2
	.long	.Lfunc_begin3
	.long	.Lfunc_end3
	.long	.Lfunc_begin4
	.long	.Lfunc_end4
	.long	.Lfunc_begin5
	.long	.Lfunc_end5
	.long	.Lfunc_begin6
	.long	.Lfunc_end6
	.long	0
	.long	0
	.section	.debug_str,"MS",%progbits,1
.Linfo_string0:
	.asciz	"Component: ARM Compiler 6.16 Tool: armclang [5dfeb700]" @ string offset=0
.Linfo_string1:
	.asciz	"../../Library/StdDriver/src\\adc.c" @ string offset=55
.Linfo_string2:
	.asciz	"D:\\Projects\\CCMSFloridaPhpr\\Application\\KEIL" @ string offset=89
.Linfo_string3:
	.asciz	"g_ADC_i32ErrCode"              @ string offset=134
.Linfo_string4:
	.asciz	"int"                           @ string offset=151
.Linfo_string5:
	.asciz	"int32_t"                       @ string offset=155
.Linfo_string6:
	.asciz	"PDID"                          @ string offset=163
.Linfo_string7:
	.asciz	"unsigned int"                  @ string offset=168
.Linfo_string8:
	.asciz	"uint32_t"                      @ string offset=181
.Linfo_string9:
	.asciz	"RSTSTS"                        @ string offset=190
.Linfo_string10:
	.asciz	"IPRST0"                        @ string offset=197
.Linfo_string11:
	.asciz	"IPRST1"                        @ string offset=204
.Linfo_string12:
	.asciz	"IPRST2"                        @ string offset=211
.Linfo_string13:
	.asciz	"RESERVE0"                      @ string offset=218
.Linfo_string14:
	.asciz	"__ARRAY_SIZE_TYPE__"           @ string offset=227
.Linfo_string15:
	.asciz	"BODCTL"                        @ string offset=247
.Linfo_string16:
	.asciz	"RESERVE1"                      @ string offset=254
.Linfo_string17:
	.asciz	"PORCTL"                        @ string offset=263
.Linfo_string18:
	.asciz	"RESERVE2"                      @ string offset=270
.Linfo_string19:
	.asciz	"GPA_MFPL"                      @ string offset=279
.Linfo_string20:
	.asciz	"GPA_MFPH"                      @ string offset=288
.Linfo_string21:
	.asciz	"GPB_MFPL"                      @ string offset=297
.Linfo_string22:
	.asciz	"GPB_MFPH"                      @ string offset=306
.Linfo_string23:
	.asciz	"GPC_MFPL"                      @ string offset=315
.Linfo_string24:
	.asciz	"GPC_MFPH"                      @ string offset=324
.Linfo_string25:
	.asciz	"GPD_MFPL"                      @ string offset=333
.Linfo_string26:
	.asciz	"GPD_MFPH"                      @ string offset=342
.Linfo_string27:
	.asciz	"GPE_MFPL"                      @ string offset=351
.Linfo_string28:
	.asciz	"GPE_MFPH"                      @ string offset=360
.Linfo_string29:
	.asciz	"GPF_MFPL"                      @ string offset=369
.Linfo_string30:
	.asciz	"GPF_MFPH"                      @ string offset=378
.Linfo_string31:
	.asciz	"GPG_MFPL"                      @ string offset=387
.Linfo_string32:
	.asciz	"GPG_MFPH"                      @ string offset=396
.Linfo_string33:
	.asciz	"GPH_MFPL"                      @ string offset=405
.Linfo_string34:
	.asciz	"GPH_MFPH"                      @ string offset=414
.Linfo_string35:
	.asciz	"RESERVE3"                      @ string offset=423
.Linfo_string36:
	.asciz	"LPLDOCTL"                      @ string offset=432
.Linfo_string37:
	.asciz	"RESERVE4"                      @ string offset=441
.Linfo_string38:
	.asciz	"MODCTL"                        @ string offset=450
.Linfo_string39:
	.asciz	"RESERVE5"                      @ string offset=457
.Linfo_string40:
	.asciz	"SRAM_BISTCTL"                  @ string offset=466
.Linfo_string41:
	.asciz	"SRAM_BISTSTS"                  @ string offset=479
.Linfo_string42:
	.asciz	"SRAM_PARITY"                   @ string offset=492
.Linfo_string43:
	.asciz	"SRAM_INTCTL"                   @ string offset=504
.Linfo_string44:
	.asciz	"SRAM_STATUS"                   @ string offset=516
.Linfo_string45:
	.asciz	"SRAM_ERRADDR"                  @ string offset=528
.Linfo_string46:
	.asciz	"RESERVE6"                      @ string offset=541
.Linfo_string47:
	.asciz	"HIRCTRIMCTL"                   @ string offset=550
.Linfo_string48:
	.asciz	"HIRCTRIMIEN"                   @ string offset=562
.Linfo_string49:
	.asciz	"HIRCTRIMSTS"                   @ string offset=574
.Linfo_string50:
	.asciz	"RESERVE7"                      @ string offset=586
.Linfo_string51:
	.asciz	"REGLCTL"                       @ string offset=595
.Linfo_string52:
	.asciz	"RESERVE8"                      @ string offset=603
.Linfo_string53:
	.asciz	"HIRCADJ"                       @ string offset=612
.Linfo_string54:
	.asciz	"RESERVE9"                      @ string offset=620
.Linfo_string55:
	.asciz	"LDOTRIM"                       @ string offset=629
.Linfo_string56:
	.asciz	"LVR16TRIM"                     @ string offset=637
.Linfo_string57:
	.asciz	"RESERVE10"                     @ string offset=647
.Linfo_string58:
	.asciz	"LIRCT"                         @ string offset=657
.Linfo_string59:
	.asciz	"RESERVE11"                     @ string offset=663
.Linfo_string60:
	.asciz	"LVR17TRIM"                     @ string offset=673
.Linfo_string61:
	.asciz	"LVR20TRIM"                     @ string offset=683
.Linfo_string62:
	.asciz	"LVR25TRIM"                     @ string offset=693
.Linfo_string63:
	.asciz	"uLDOVITRIM"                    @ string offset=703
.Linfo_string64:
	.asciz	"LVRITRIMSEL"                   @ string offset=714
.Linfo_string65:
	.asciz	"RESERVE12"                     @ string offset=726
.Linfo_string66:
	.asciz	"HIRCTCTL"                      @ string offset=736
.Linfo_string67:
	.asciz	"ADCCHIP"                       @ string offset=745
.Linfo_string68:
	.asciz	"HXTTCTL"                       @ string offset=753
.Linfo_string69:
	.asciz	"RESERVE13"                     @ string offset=761
.Linfo_string70:
	.asciz	"PORDISAN"                      @ string offset=771
.Linfo_string71:
	.asciz	"SYS_T"                         @ string offset=780
.Linfo_string72:
	.asciz	"ADC_Open"                      @ string offset=786
.Linfo_string73:
	.asciz	"ADC_Close"                     @ string offset=795
.Linfo_string74:
	.asciz	"ADC_EnableHWTrigger"           @ string offset=805
.Linfo_string75:
	.asciz	"ADC_DisableHWTrigger"          @ string offset=825
.Linfo_string76:
	.asciz	"ADC_EnableInt"                 @ string offset=846
.Linfo_string77:
	.asciz	"ADC_DisableInt"                @ string offset=860
.Linfo_string78:
	.asciz	"ADC_SetExtendSampleTime"       @ string offset=875
.Linfo_string79:
	.asciz	"adc"                           @ string offset=899
.Linfo_string80:
	.asciz	"ADDR"                          @ string offset=903
.Linfo_string81:
	.asciz	"ADCR"                          @ string offset=908
.Linfo_string82:
	.asciz	"ADCHER"                        @ string offset=913
.Linfo_string83:
	.asciz	"ADCMPR"                        @ string offset=920
.Linfo_string84:
	.asciz	"ADSR0"                         @ string offset=927
.Linfo_string85:
	.asciz	"ADSR1"                         @ string offset=933
.Linfo_string86:
	.asciz	"ADSR2"                         @ string offset=939
.Linfo_string87:
	.asciz	"ESMPCTL"                       @ string offset=945
.Linfo_string88:
	.asciz	"CFDCTL"                        @ string offset=953
.Linfo_string89:
	.asciz	"ADPDMA"                        @ string offset=960
.Linfo_string90:
	.asciz	"ADCALR"                        @ string offset=967
.Linfo_string91:
	.asciz	"ADCALSTSR"                     @ string offset=974
.Linfo_string92:
	.asciz	"ADCALDBR"                      @ string offset=984
.Linfo_string93:
	.asciz	"ADC_T"                         @ string offset=993
.Linfo_string94:
	.asciz	"u32InputMode"                  @ string offset=999
.Linfo_string95:
	.asciz	"u32OpMode"                     @ string offset=1012
.Linfo_string96:
	.asciz	"u32ChMask"                     @ string offset=1022
.Linfo_string97:
	.asciz	"u32Delay"                      @ string offset=1032
.Linfo_string98:
	.asciz	"u32Source"                     @ string offset=1041
.Linfo_string99:
	.asciz	"u32Param"                      @ string offset=1051
.Linfo_string100:
	.asciz	"u32Mask"                       @ string offset=1060
.Linfo_string101:
	.asciz	"u32ModuleNum"                  @ string offset=1068
.Linfo_string102:
	.asciz	"u32ExtendSampleTime"           @ string offset=1081
	.ident	"Component: ARM Compiler 6.16 Tool: armclang [5dfeb700]"
	.section	".note.GNU-stack","",%progbits
	.eabi_attribute	30, 6	@ Tag_ABI_optimization_goals
	.ARM_attribute	16, 1	@ Tag_AV_eba
	.section	.debug_line,"",%progbits
.Lline_table_start0:
