	.text
	.syntax unified
	.eabi_attribute	67, "2.09"	@ Tag_conformance
	.cpu	cortex-m0
	.eabi_attribute	6, 12	@ Tag_CPU_arch
	.eabi_attribute	7, 77	@ Tag_CPU_arch_profile
	.eabi_attribute	8, 0	@ Tag_ARM_ISA_use
	.eabi_attribute	9, 1	@ Tag_THUMB_ISA_use
	.eabi_attribute	34, 0	@ Tag_CPU_unaligned_access
	.eabi_attribute	17, 1	@ Tag_ABI_PCS_GOT_use
	.eabi_attribute	20, 2	@ Tag_ABI_FP_denormal
	.eabi_attribute	21, 0	@ Tag_ABI_FP_exceptions
	.eabi_attribute	23, 1	@ Tag_ABI_FP_number_model
	.eabi_attribute	24, 1	@ Tag_ABI_align_needed
	.eabi_attribute	25, 1	@ Tag_ABI_align_preserved
	.eabi_attribute	38, 1	@ Tag_ABI_FP_16bit_format
	.eabi_attribute	18, 2	@ Tag_ABI_PCS_wchar_t
	.eabi_attribute	26, 1	@ Tag_ABI_enum_size
	.eabi_attribute	14, 0	@ Tag_ABI_PCS_R9_use
	.file	"DS1307.c"
	.file	1 "C:\\Keil_v5\\ARM\\ARMCLANG\\Bin\\..\\include" "stdint.h"
	.file	2 "D:\\Projects\\CCMSFloridaPhpr\\Application\\KEIL" "../Source/DS1307.c"
	.file	3 "D:\\Projects\\CCMSFloridaPhpr\\Application\\KEIL" "../Header/Hardware.h"
	.file	4 "D:\\Projects\\CCMSFloridaPhpr\\Application\\KEIL" "../../Library/Device/Nuvoton/M031/Include/i2c_reg.h"
	.section	.text.DS1307_SetClockHalt,"ax",%progbits
	.hidden	DS1307_SetClockHalt             @ -- Begin function DS1307_SetClockHalt
	.globl	DS1307_SetClockHalt
	.p2align	2
	.type	DS1307_SetClockHalt,%function
	.code	16                              @ @DS1307_SetClockHalt
	.thumb_func
DS1307_SetClockHalt:
.Lfunc_begin0:
	.loc	2 29 0                          @ ../Source/DS1307.c:29:0
	.fnstart
	.cfi_sections .debug_frame
	.cfi_startproc
@ %bb.0:
	.save	{r4, r5, r7, lr}
	push	{r4, r5, r7, lr}
	.cfi_def_cfa_offset 16
	.cfi_offset lr, -4
	.cfi_offset r7, -8
	.cfi_offset r5, -12
	.cfi_offset r4, -16
	.pad	#24
	sub	sp, #24
	.cfi_def_cfa_offset 40
	mov	r1, r0
                                        @ kill: def $r0 killed $r1
	add	r0, sp, #20
	strb	r1, [r0]
.Ltmp0:
	.loc	2 30 16 prologue_end            @ ../Source/DS1307.c:30:16
	ldrb	r0, [r0]
	subs	r1, r0, #1
	sbcs	r0, r1
	lsls	r0, r0, #7
	add	r1, sp, #16
	.loc	2 30 10 is_stmt 0               @ ../Source/DS1307.c:30:10
	str	r1, [sp]                        @ 4-byte Spill
	strb	r0, [r1]
	ldr	r0, __arm_cp.0_0
	str	r0, [sp, #12]                   @ 4-byte Spill
	movs	r1, #104
	str	r1, [sp, #4]                    @ 4-byte Spill
	movs	r2, #0
	.loc	2 33 8 is_stmt 1                @ ../Source/DS1307.c:33:8
	str	r2, [sp, #8]                    @ 4-byte Spill
	bl	I2C_ReadByteOneReg
	ldr	r3, [sp]                        @ 4-byte Reload
	ldr	r1, [sp, #4]                    @ 4-byte Reload
	ldr	r2, [sp, #8]                    @ 4-byte Reload
	mov	r4, r0
	ldr	r0, [sp, #12]                   @ 4-byte Reload
	movs	r5, #127
	.loc	2 33 51 is_stmt 0               @ ../Source/DS1307.c:33:51
	ands	r4, r5
	.loc	2 33 6                          @ ../Source/DS1307.c:33:6
	ldr	r5, __arm_cp.0_1
	strb	r4, [r5]
	.loc	2 34 7 is_stmt 1                @ ../Source/DS1307.c:34:7
	ldr	r4, [sp, #16]
	.loc	2 34 12 is_stmt 0               @ ../Source/DS1307.c:34:12
	ldrb	r5, [r5]
	.loc	2 34 10                         @ ../Source/DS1307.c:34:10
	orrs	r4, r5
	.loc	2 34 5                          @ ../Source/DS1307.c:34:5
	strb	r4, [r3]
	.loc	2 35 45 is_stmt 1               @ ../Source/DS1307.c:35:45
	ldrb	r3, [r3]
	.loc	2 35 2 is_stmt 0                @ ../Source/DS1307.c:35:2
	bl	I2C_WriteByteOneReg
	.loc	2 36 1 is_stmt 1                @ ../Source/DS1307.c:36:1
	add	sp, #24
	pop	{r4, r5, r7, pc}
.Ltmp1:
	.p2align	2
@ %bb.1:
	.loc	2 0 1 is_stmt 0                 @ ../Source/DS1307.c:0:1
__arm_cp.0_0:
	.long	1074266112                      @ 0x40080000
.Lcpi_end0:
	.size	__arm_cp.0_0, .Lcpi_end0-__arm_cp.0_0
__arm_cp.0_1:
	.long	RVal
.Lcpi_end1:
	.size	__arm_cp.0_1, .Lcpi_end1-__arm_cp.0_1
.Lfunc_end0:
	.size	DS1307_SetClockHalt, .Lfunc_end0-DS1307_SetClockHalt
	.cfi_endproc
	.cantunwind
	.fnend
                                        @ -- End function
	.section	.text.CheckRTC,"ax",%progbits
	.hidden	CheckRTC                        @ -- Begin function CheckRTC
	.globl	CheckRTC
	.p2align	2
	.type	CheckRTC,%function
	.code	16                              @ @CheckRTC
	.thumb_func
CheckRTC:
.Lfunc_begin1:
	.loc	2 39 0 is_stmt 1                @ ../Source/DS1307.c:39:0
	.fnstart
	.cfi_startproc
@ %bb.0:
	.save	{r7, lr}
	push	{r7, lr}
	.cfi_def_cfa_offset 8
	.cfi_offset lr, -4
	.cfi_offset r7, -8
	.pad	#8
	sub	sp, #8
	.cfi_def_cfa_offset 16
	ldr	r0, __arm_cp.1_0
	movs	r1, #104
	movs	r2, #0
.Ltmp2:
	.loc	2 40 16 prologue_end            @ ../Source/DS1307.c:40:16
	bl	I2C_ReadByteOneReg
	mov	r1, sp
	.loc	2 40 10 is_stmt 0               @ ../Source/DS1307.c:40:10
	strb	r0, [r1]
.Ltmp3:
	.loc	2 41 5 is_stmt 1                @ ../Source/DS1307.c:41:5
	ldr	r0, __arm_cp.1_1
	ldr	r0, [r0]
.Ltmp4:
	.loc	2 41 5 is_stmt 0                @ ../Source/DS1307.c:41:5
	adds	r0, r0, #1
	cmp	r0, #0
	bne	.LBB1_2
	b	.LBB1_1
.LBB1_1:
	.loc	2 0 5                           @ ../Source/DS1307.c:0:5
	add	r1, sp, #4
	movs	r0, #0
.Ltmp5:
	.loc	2 42 3 is_stmt 1                @ ../Source/DS1307.c:42:3
	strb	r0, [r1]
	b	.LBB1_3
.LBB1_2:
	.loc	2 0 3 is_stmt 0                 @ ../Source/DS1307.c:0:3
	add	r1, sp, #4
	movs	r0, #1
	.loc	2 44 3 is_stmt 1                @ ../Source/DS1307.c:44:3
	strb	r0, [r1]
	b	.LBB1_3
.Ltmp6:
.LBB1_3:
	.loc	2 0 3 is_stmt 0                 @ ../Source/DS1307.c:0:3
	add	r0, sp, #4
	.loc	2 45 1 is_stmt 1                @ ../Source/DS1307.c:45:1
	ldrb	r0, [r0]
	add	sp, #8
	pop	{r7, pc}
.Ltmp7:
	.p2align	2
@ %bb.4:
	.loc	2 0 1 is_stmt 0                 @ ../Source/DS1307.c:0:1
__arm_cp.1_0:
	.long	1074266112                      @ 0x40080000
.Lcpi_end2:
	.size	__arm_cp.1_0, .Lcpi_end2-__arm_cp.1_0
__arm_cp.1_1:
	.long	g_I2C_i32ErrCode
.Lcpi_end3:
	.size	__arm_cp.1_1, .Lcpi_end3-__arm_cp.1_1
.Lfunc_end1:
	.size	CheckRTC, .Lfunc_end1-CheckRTC
	.cfi_endproc
	.cantunwind
	.fnend
                                        @ -- End function
	.section	.text.DS1307_Init,"ax",%progbits
	.hidden	DS1307_Init                     @ -- Begin function DS1307_Init
	.globl	DS1307_Init
	.p2align	1
	.type	DS1307_Init,%function
	.code	16                              @ @DS1307_Init
	.thumb_func
DS1307_Init:
.Lfunc_begin2:
	.loc	2 48 0 is_stmt 1                @ ../Source/DS1307.c:48:0
	.fnstart
	.cfi_startproc
@ %bb.0:
	.save	{r7, lr}
	push	{r7, lr}
	.cfi_def_cfa_offset 8
	.cfi_offset lr, -4
	.cfi_offset r7, -8
.Ltmp8:
	.loc	2 49 2 prologue_end             @ ../Source/DS1307.c:49:2
	bl	DS1307LowLevelInit
	movs	r0, #0
	.loc	2 50 2                          @ ../Source/DS1307.c:50:2
	bl	DS1307_SetClockHalt
	.loc	2 51 1                          @ ../Source/DS1307.c:51:1
	pop	{r7, pc}
.Ltmp9:
.Lfunc_end2:
	.size	DS1307_Init, .Lfunc_end2-DS1307_Init
	.cfi_endproc
	.cantunwind
	.fnend
                                        @ -- End function
	.section	.text.DS1307LowLevelInit,"ax",%progbits
	.p2align	2                               @ -- Begin function DS1307LowLevelInit
	.type	DS1307LowLevelInit,%function
	.code	16                              @ @DS1307LowLevelInit
	.thumb_func
DS1307LowLevelInit:
.Lfunc_begin3:
	.loc	2 22 0                          @ ../Source/DS1307.c:22:0
	.fnstart
	.cfi_startproc
@ %bb.0:
	.save	{r7, lr}
	push	{r7, lr}
	.cfi_def_cfa_offset 8
	.cfi_offset lr, -4
	.cfi_offset r7, -8
	.pad	#8
	sub	sp, #8
	.cfi_def_cfa_offset 16
	ldr	r0, __arm_cp.3_0
	str	r0, [sp, #4]                    @ 4-byte Spill
	ldr	r1, __arm_cp.3_1
.Ltmp10:
	.loc	2 23 2 prologue_end             @ ../Source/DS1307.c:23:2
	bl	I2C_Open
                                        @ kill: def $r1 killed $r0
	.loc	2 24 2                          @ ../Source/DS1307.c:24:2
	ldr	r0, [sp, #4]                    @ 4-byte Reload
	movs	r2, #104
	movs	r3, #0
	mov	r1, r3
	bl	I2C_SetSlaveAddr
	.loc	2 26 1                          @ ../Source/DS1307.c:26:1
	add	sp, #8
	pop	{r7, pc}
.Ltmp11:
	.p2align	2
@ %bb.1:
	.loc	2 0 1 is_stmt 0                 @ ../Source/DS1307.c:0:1
__arm_cp.3_0:
	.long	1074266112                      @ 0x40080000
.Lcpi_end4:
	.size	__arm_cp.3_0, .Lcpi_end4-__arm_cp.3_0
__arm_cp.3_1:
	.long	100000                          @ 0x186a0
.Lcpi_end5:
	.size	__arm_cp.3_1, .Lcpi_end5-__arm_cp.3_1
.Lfunc_end3:
	.size	DS1307LowLevelInit, .Lfunc_end3-DS1307LowLevelInit
	.cfi_endproc
	.cantunwind
	.fnend
                                        @ -- End function
	.section	.text.DS1307_GetTime,"ax",%progbits
	.hidden	DS1307_GetTime                  @ -- Begin function DS1307_GetTime
	.globl	DS1307_GetTime
	.p2align	2
	.type	DS1307_GetTime,%function
	.code	16                              @ @DS1307_GetTime
	.thumb_func
DS1307_GetTime:
.Lfunc_begin4:
	.loc	2 54 0 is_stmt 1                @ ../Source/DS1307.c:54:0
	.fnstart
	.cfi_startproc
@ %bb.0:
	.save	{r4, lr}
	push	{r4, lr}
	.cfi_def_cfa_offset 8
	.cfi_offset lr, -4
	.cfi_offset r4, -8
	.pad	#40
	sub	sp, #40
	.cfi_def_cfa_offset 48
	str	r0, [sp, #36]
	add	r0, sp, #32
	movs	r1, #0
.Ltmp12:
	.loc	2 55 11 prologue_end            @ ../Source/DS1307.c:55:11
	strb	r1, [r0]
	add	r3, sp, #24
	.loc	2 56 11                         @ ../Source/DS1307.c:56:11
	str	r3, [sp, #20]                   @ 4-byte Spill
	strb	r1, [r3, #6]
	strh	r1, [r3, #4]
	str	r1, [sp, #24]
	.loc	2 57 45                         @ ../Source/DS1307.c:57:45
	ldrb	r2, [r0]
	movs	r0, #7
	.loc	2 57 2 is_stmt 0                @ ../Source/DS1307.c:57:2
	str	r0, [sp, #12]                   @ 4-byte Spill
	str	r0, [sp]
	ldr	r0, __arm_cp.4_0
	movs	r1, #104
	bl	I2C_ReadMultiBytesOneReg
                                        @ kill: def $r1 killed $r0
	.loc	2 59 18 is_stmt 1               @ ../Source/DS1307.c:59:18
	ldr	r0, [sp, #20]                   @ 4-byte Reload
	ldrb	r0, [r0]
	movs	r1, #127
	.loc	2 59 28 is_stmt 0               @ ../Source/DS1307.c:59:28
	str	r1, [sp, #8]                    @ 4-byte Spill
	ands	r0, r1
	.loc	2 59 14                         @ ../Source/DS1307.c:59:14
	bl	B2D
	ldr	r1, [sp, #8]                    @ 4-byte Reload
	mov	r2, r0
	.loc	2 59 3                          @ ../Source/DS1307.c:59:3
	ldr	r0, [sp, #20]                   @ 4-byte Reload
	ldr	r3, [sp, #36]
	.loc	2 59 12                         @ ../Source/DS1307.c:59:12
	strb	r2, [r3, #7]
	.loc	2 60 18 is_stmt 1               @ ../Source/DS1307.c:60:18
	ldrb	r0, [r0, #1]
	.loc	2 60 28 is_stmt 0               @ ../Source/DS1307.c:60:28
	ands	r0, r1
	.loc	2 60 14                         @ ../Source/DS1307.c:60:14
	bl	B2D
	mov	r1, r0
	.loc	2 60 3                          @ ../Source/DS1307.c:60:3
	ldr	r0, [sp, #20]                   @ 4-byte Reload
	ldr	r2, [sp, #36]
	.loc	2 60 12                         @ ../Source/DS1307.c:60:12
	strb	r1, [r2, #6]
	.loc	2 61 19 is_stmt 1               @ ../Source/DS1307.c:61:19
	ldrb	r0, [r0, #2]
	movs	r1, #63
	.loc	2 61 29 is_stmt 0               @ ../Source/DS1307.c:61:29
	str	r1, [sp, #16]                   @ 4-byte Spill
	ands	r0, r1
	.loc	2 61 15                         @ ../Source/DS1307.c:61:15
	bl	B2D
	ldr	r3, [sp, #12]                   @ 4-byte Reload
	ldr	r1, [sp, #16]                   @ 4-byte Reload
	mov	r2, r0
	.loc	2 61 3                          @ ../Source/DS1307.c:61:3
	ldr	r0, [sp, #20]                   @ 4-byte Reload
	ldr	r4, [sp, #36]
	.loc	2 61 13                         @ ../Source/DS1307.c:61:13
	strb	r2, [r4, #5]
	.loc	2 62 21 is_stmt 1               @ ../Source/DS1307.c:62:21
	ldrb	r2, [r0, #3]
	.loc	2 62 31 is_stmt 0               @ ../Source/DS1307.c:62:31
	ands	r2, r3
	.loc	2 62 3                          @ ../Source/DS1307.c:62:3
	ldr	r3, [sp, #36]
	.loc	2 62 19                         @ ../Source/DS1307.c:62:19
	strb	r2, [r3, #4]
	.loc	2 63 19 is_stmt 1               @ ../Source/DS1307.c:63:19
	ldrb	r0, [r0, #4]
	.loc	2 63 29 is_stmt 0               @ ../Source/DS1307.c:63:29
	ands	r0, r1
	.loc	2 63 15                         @ ../Source/DS1307.c:63:15
	bl	B2D
	mov	r1, r0
	.loc	2 63 3                          @ ../Source/DS1307.c:63:3
	ldr	r0, [sp, #20]                   @ 4-byte Reload
	ldr	r2, [sp, #36]
	.loc	2 63 13                         @ ../Source/DS1307.c:63:13
	strb	r1, [r2, #3]
	.loc	2 64 20 is_stmt 1               @ ../Source/DS1307.c:64:20
	ldrb	r0, [r0, #5]
	movs	r1, #31
	.loc	2 64 30 is_stmt 0               @ ../Source/DS1307.c:64:30
	ands	r0, r1
	.loc	2 64 16                         @ ../Source/DS1307.c:64:16
	bl	B2D
	mov	r1, r0
	.loc	2 64 3                          @ ../Source/DS1307.c:64:3
	ldr	r0, [sp, #20]                   @ 4-byte Reload
	ldr	r2, [sp, #36]
	.loc	2 64 14                         @ ../Source/DS1307.c:64:14
	strb	r1, [r2, #2]
	.loc	2 65 19 is_stmt 1               @ ../Source/DS1307.c:65:19
	ldrb	r0, [r0, #6]
	.loc	2 65 15 is_stmt 0               @ ../Source/DS1307.c:65:15
	bl	B2D
	.loc	2 65 3                          @ ../Source/DS1307.c:65:3
	ldr	r1, [sp, #36]
	.loc	2 65 13                         @ ../Source/DS1307.c:65:13
	strh	r0, [r1]
	movs	r0, #1
	.loc	2 67 3 is_stmt 1                @ ../Source/DS1307.c:67:3
	add	sp, #40
	pop	{r4, pc}
.Ltmp13:
	.p2align	2
@ %bb.1:
	.loc	2 0 3 is_stmt 0                 @ ../Source/DS1307.c:0:3
__arm_cp.4_0:
	.long	1074266112                      @ 0x40080000
.Lcpi_end6:
	.size	__arm_cp.4_0, .Lcpi_end6-__arm_cp.4_0
.Lfunc_end4:
	.size	DS1307_GetTime, .Lfunc_end4-DS1307_GetTime
	.cfi_endproc
	.cantunwind
	.fnend
                                        @ -- End function
	.section	.text.B2D,"ax",%progbits
	.p2align	1                               @ -- Begin function B2D
	.type	B2D,%function
	.code	16                              @ @B2D
	.thumb_func
B2D:
.Lfunc_begin5:
	.loc	2 12 0 is_stmt 1                @ ../Source/DS1307.c:12:0
	.fnstart
	.cfi_startproc
@ %bb.0:
	.pad	#4
	sub	sp, #4
	.cfi_def_cfa_offset 4
	mov	r1, r0
                                        @ kill: def $r0 killed $r1
	mov	r0, sp
	strb	r1, [r0]
.Ltmp14:
	.loc	2 13 11 prologue_end            @ ../Source/DS1307.c:13:11
	ldrb	r1, [r0]
	.loc	2 13 15 is_stmt 0               @ ../Source/DS1307.c:13:15
	lsrs	r2, r1, #4
	movs	r0, #10
	.loc	2 13 21                         @ ../Source/DS1307.c:13:21
	muls	r0, r2, r0
	movs	r2, #15
	.loc	2 13 33                         @ ../Source/DS1307.c:13:33
	ands	r1, r2
	.loc	2 13 26                         @ ../Source/DS1307.c:13:26
	adds	r0, r0, r1
	.loc	2 13 3                          @ ../Source/DS1307.c:13:3
	uxtb	r0, r0
	add	sp, #4
	bx	lr
.Ltmp15:
.Lfunc_end5:
	.size	B2D, .Lfunc_end5-B2D
	.cfi_endproc
	.cantunwind
	.fnend
                                        @ -- End function
	.section	.text.DS1307_SetTime,"ax",%progbits
	.hidden	DS1307_SetTime                  @ -- Begin function DS1307_SetTime
	.globl	DS1307_SetTime
	.p2align	2
	.type	DS1307_SetTime,%function
	.code	16                              @ @DS1307_SetTime
	.thumb_func
DS1307_SetTime:
.Lfunc_begin6:
	.loc	2 72 0 is_stmt 1                @ ../Source/DS1307.c:72:0
	.fnstart
	.cfi_startproc
@ %bb.0:
	.save	{r7, lr}
	push	{r7, lr}
	.cfi_def_cfa_offset 8
	.cfi_offset lr, -4
	.cfi_offset r7, -8
	.pad	#32
	sub	sp, #32
	.cfi_def_cfa_offset 40
	str	r0, [sp, #28]
	add	r1, sp, #24
	str	r1, [sp, #12]                   @ 4-byte Spill
	movs	r0, #0
.Ltmp16:
	.loc	2 73 11 prologue_end            @ ../Source/DS1307.c:73:11
	strb	r0, [r1]
	.loc	2 75 18                         @ ../Source/DS1307.c:75:18
	ldr	r0, [sp, #28]
	.loc	2 75 23 is_stmt 0               @ ../Source/DS1307.c:75:23
	ldrb	r0, [r0, #7]
	.loc	2 75 14                         @ ../Source/DS1307.c:75:14
	bl	D2B
	add	r1, sp, #16
	.loc	2 75 12                         @ ../Source/DS1307.c:75:12
	str	r1, [sp, #8]                    @ 4-byte Spill
	strb	r0, [r1]
	.loc	2 76 18 is_stmt 1               @ ../Source/DS1307.c:76:18
	ldr	r0, [sp, #28]
	.loc	2 76 23 is_stmt 0               @ ../Source/DS1307.c:76:23
	ldrb	r0, [r0, #6]
	.loc	2 76 14                         @ ../Source/DS1307.c:76:14
	bl	D2B
	ldr	r1, [sp, #8]                    @ 4-byte Reload
	.loc	2 76 12                         @ ../Source/DS1307.c:76:12
	strb	r0, [r1, #1]
	.loc	2 77 18 is_stmt 1               @ ../Source/DS1307.c:77:18
	ldr	r0, [sp, #28]
	.loc	2 77 23 is_stmt 0               @ ../Source/DS1307.c:77:23
	ldrb	r0, [r0, #5]
	.loc	2 77 14                         @ ../Source/DS1307.c:77:14
	bl	D2B
	ldr	r1, [sp, #8]                    @ 4-byte Reload
	.loc	2 77 12                         @ ../Source/DS1307.c:77:12
	strb	r0, [r1, #2]
	.loc	2 78 18 is_stmt 1               @ ../Source/DS1307.c:78:18
	ldr	r0, [sp, #28]
	.loc	2 78 23 is_stmt 0               @ ../Source/DS1307.c:78:23
	ldrb	r0, [r0, #4]
	.loc	2 78 14                         @ ../Source/DS1307.c:78:14
	bl	D2B
	ldr	r1, [sp, #8]                    @ 4-byte Reload
	.loc	2 78 12                         @ ../Source/DS1307.c:78:12
	strb	r0, [r1, #3]
	.loc	2 79 18 is_stmt 1               @ ../Source/DS1307.c:79:18
	ldr	r0, [sp, #28]
	.loc	2 79 23 is_stmt 0               @ ../Source/DS1307.c:79:23
	ldrb	r0, [r0, #3]
	.loc	2 79 14                         @ ../Source/DS1307.c:79:14
	bl	D2B
	ldr	r1, [sp, #8]                    @ 4-byte Reload
	.loc	2 79 12                         @ ../Source/DS1307.c:79:12
	strb	r0, [r1, #4]
	.loc	2 80 18 is_stmt 1               @ ../Source/DS1307.c:80:18
	ldr	r0, [sp, #28]
	.loc	2 80 23 is_stmt 0               @ ../Source/DS1307.c:80:23
	ldrb	r0, [r0, #2]
	.loc	2 80 14                         @ ../Source/DS1307.c:80:14
	bl	D2B
	ldr	r1, [sp, #8]                    @ 4-byte Reload
	.loc	2 80 12                         @ ../Source/DS1307.c:80:12
	strb	r0, [r1, #5]
	.loc	2 81 18 is_stmt 1               @ ../Source/DS1307.c:81:18
	ldr	r0, [sp, #28]
	.loc	2 81 23 is_stmt 0               @ ../Source/DS1307.c:81:23
	ldrb	r0, [r0]
	.loc	2 81 14                         @ ../Source/DS1307.c:81:14
	bl	D2B
	ldr	r3, [sp, #8]                    @ 4-byte Reload
	mov	r1, r0
	.loc	2 81 12                         @ ../Source/DS1307.c:81:12
	ldr	r0, [sp, #12]                   @ 4-byte Reload
	strb	r1, [r3, #6]
	.loc	2 82 46 is_stmt 1               @ ../Source/DS1307.c:82:46
	ldrb	r2, [r0]
	movs	r0, #7
	.loc	2 82 2 is_stmt 0                @ ../Source/DS1307.c:82:2
	str	r0, [sp]
	ldr	r0, __arm_cp.6_0
	movs	r1, #104
	bl	I2C_WriteMultiBytesOneReg
	movs	r0, #1
	.loc	2 83 3 is_stmt 1                @ ../Source/DS1307.c:83:3
	add	sp, #32
	pop	{r7, pc}
.Ltmp17:
	.p2align	2
@ %bb.1:
	.loc	2 0 3 is_stmt 0                 @ ../Source/DS1307.c:0:3
__arm_cp.6_0:
	.long	1074266112                      @ 0x40080000
.Lcpi_end7:
	.size	__arm_cp.6_0, .Lcpi_end7-__arm_cp.6_0
.Lfunc_end6:
	.size	DS1307_SetTime, .Lfunc_end6-DS1307_SetTime
	.cfi_endproc
	.cantunwind
	.fnend
                                        @ -- End function
	.section	.text.D2B,"ax",%progbits
	.p2align	1                               @ -- Begin function D2B
	.type	D2B,%function
	.code	16                              @ @D2B
	.thumb_func
D2B:
.Lfunc_begin7:
	.loc	2 17 0 is_stmt 1                @ ../Source/DS1307.c:17:0
	.fnstart
	.cfi_startproc
@ %bb.0:
	.save	{r7, lr}
	push	{r7, lr}
	.cfi_def_cfa_offset 8
	.cfi_offset lr, -4
	.cfi_offset r7, -8
	.pad	#8
	sub	sp, #8
	.cfi_def_cfa_offset 16
	mov	r1, r0
                                        @ kill: def $r0 killed $r1
	add	r0, sp, #4
	strb	r1, [r0]
.Ltmp18:
	.loc	2 18 13 prologue_end            @ ../Source/DS1307.c:18:13
	ldrb	r0, [r0]
	movs	r1, #10
	.loc	2 18 44 is_stmt 0               @ ../Source/DS1307.c:18:44
	bl	__aeabi_uidivmod
	.loc	2 18 27                         @ ../Source/DS1307.c:18:27
	lsls	r0, r0, #4
	.loc	2 18 33                         @ ../Source/DS1307.c:18:33
	orrs	r0, r1
	.loc	2 18 3                          @ ../Source/DS1307.c:18:3
	uxtb	r0, r0
	add	sp, #8
	pop	{r7, pc}
.Ltmp19:
.Lfunc_end7:
	.size	D2B, .Lfunc_end7-D2B
	.cfi_endproc
	.cantunwind
	.fnend
                                        @ -- End function
	.hidden	RVal                            @ @RVal
	.type	RVal,%object
	.section	.bss.RVal,"aw",%nobits
	.globl	RVal
RVal:
	.byte	0                               @ 0x0
	.size	RVal, 1

	.hidden	RTCDateTime                     @ @RTCDateTime
	.type	RTCDateTime,%object
	.section	.bss.RTCDateTime,"aw",%nobits
	.globl	RTCDateTime
	.p2align	1
RTCDateTime:
	.zero	8
	.size	RTCDateTime, 8

	.section	.debug_abbrev,"",%progbits
	.byte	1                               @ Abbreviation Code
	.byte	17                              @ DW_TAG_compile_unit
	.byte	1                               @ DW_CHILDREN_yes
	.byte	37                              @ DW_AT_producer
	.byte	14                              @ DW_FORM_strp
	.byte	19                              @ DW_AT_language
	.byte	5                               @ DW_FORM_data2
	.byte	3                               @ DW_AT_name
	.byte	14                              @ DW_FORM_strp
	.byte	16                              @ DW_AT_stmt_list
	.byte	23                              @ DW_FORM_sec_offset
	.byte	27                              @ DW_AT_comp_dir
	.byte	14                              @ DW_FORM_strp
	.byte	17                              @ DW_AT_low_pc
	.byte	1                               @ DW_FORM_addr
	.byte	85                              @ DW_AT_ranges
	.byte	23                              @ DW_FORM_sec_offset
	.byte	0                               @ EOM(1)
	.byte	0                               @ EOM(2)
	.byte	2                               @ Abbreviation Code
	.byte	52                              @ DW_TAG_variable
	.byte	0                               @ DW_CHILDREN_no
	.byte	3                               @ DW_AT_name
	.byte	14                              @ DW_FORM_strp
	.byte	73                              @ DW_AT_type
	.byte	19                              @ DW_FORM_ref4
	.byte	63                              @ DW_AT_external
	.byte	25                              @ DW_FORM_flag_present
	.byte	58                              @ DW_AT_decl_file
	.byte	11                              @ DW_FORM_data1
	.byte	59                              @ DW_AT_decl_line
	.byte	11                              @ DW_FORM_data1
	.byte	2                               @ DW_AT_location
	.byte	24                              @ DW_FORM_exprloc
	.byte	0                               @ EOM(1)
	.byte	0                               @ EOM(2)
	.byte	3                               @ Abbreviation Code
	.byte	22                              @ DW_TAG_typedef
	.byte	0                               @ DW_CHILDREN_no
	.byte	73                              @ DW_AT_type
	.byte	19                              @ DW_FORM_ref4
	.byte	3                               @ DW_AT_name
	.byte	14                              @ DW_FORM_strp
	.byte	58                              @ DW_AT_decl_file
	.byte	11                              @ DW_FORM_data1
	.byte	59                              @ DW_AT_decl_line
	.byte	11                              @ DW_FORM_data1
	.byte	0                               @ EOM(1)
	.byte	0                               @ EOM(2)
	.byte	4                               @ Abbreviation Code
	.byte	36                              @ DW_TAG_base_type
	.byte	0                               @ DW_CHILDREN_no
	.byte	3                               @ DW_AT_name
	.byte	14                              @ DW_FORM_strp
	.byte	62                              @ DW_AT_encoding
	.byte	11                              @ DW_FORM_data1
	.byte	11                              @ DW_AT_byte_size
	.byte	11                              @ DW_FORM_data1
	.byte	0                               @ EOM(1)
	.byte	0                               @ EOM(2)
	.byte	5                               @ Abbreviation Code
	.byte	19                              @ DW_TAG_structure_type
	.byte	1                               @ DW_CHILDREN_yes
	.byte	11                              @ DW_AT_byte_size
	.byte	11                              @ DW_FORM_data1
	.byte	58                              @ DW_AT_decl_file
	.byte	11                              @ DW_FORM_data1
	.byte	59                              @ DW_AT_decl_line
	.byte	11                              @ DW_FORM_data1
	.byte	0                               @ EOM(1)
	.byte	0                               @ EOM(2)
	.byte	6                               @ Abbreviation Code
	.byte	13                              @ DW_TAG_member
	.byte	0                               @ DW_CHILDREN_no
	.byte	3                               @ DW_AT_name
	.byte	14                              @ DW_FORM_strp
	.byte	73                              @ DW_AT_type
	.byte	19                              @ DW_FORM_ref4
	.byte	58                              @ DW_AT_decl_file
	.byte	11                              @ DW_FORM_data1
	.byte	59                              @ DW_AT_decl_line
	.byte	11                              @ DW_FORM_data1
	.byte	56                              @ DW_AT_data_member_location
	.byte	11                              @ DW_FORM_data1
	.byte	0                               @ EOM(1)
	.byte	0                               @ EOM(2)
	.byte	7                               @ Abbreviation Code
	.byte	15                              @ DW_TAG_pointer_type
	.byte	0                               @ DW_CHILDREN_no
	.byte	73                              @ DW_AT_type
	.byte	19                              @ DW_FORM_ref4
	.byte	0                               @ EOM(1)
	.byte	0                               @ EOM(2)
	.byte	8                               @ Abbreviation Code
	.byte	22                              @ DW_TAG_typedef
	.byte	0                               @ DW_CHILDREN_no
	.byte	73                              @ DW_AT_type
	.byte	19                              @ DW_FORM_ref4
	.byte	3                               @ DW_AT_name
	.byte	14                              @ DW_FORM_strp
	.byte	58                              @ DW_AT_decl_file
	.byte	11                              @ DW_FORM_data1
	.byte	59                              @ DW_AT_decl_line
	.byte	5                               @ DW_FORM_data2
	.byte	0                               @ EOM(1)
	.byte	0                               @ EOM(2)
	.byte	9                               @ Abbreviation Code
	.byte	13                              @ DW_TAG_member
	.byte	0                               @ DW_CHILDREN_no
	.byte	3                               @ DW_AT_name
	.byte	14                              @ DW_FORM_strp
	.byte	73                              @ DW_AT_type
	.byte	19                              @ DW_FORM_ref4
	.byte	58                              @ DW_AT_decl_file
	.byte	11                              @ DW_FORM_data1
	.byte	59                              @ DW_AT_decl_line
	.byte	5                               @ DW_FORM_data2
	.byte	56                              @ DW_AT_data_member_location
	.byte	11                              @ DW_FORM_data1
	.byte	0                               @ EOM(1)
	.byte	0                               @ EOM(2)
	.byte	10                              @ Abbreviation Code
	.byte	53                              @ DW_TAG_volatile_type
	.byte	0                               @ DW_CHILDREN_no
	.byte	73                              @ DW_AT_type
	.byte	19                              @ DW_FORM_ref4
	.byte	0                               @ EOM(1)
	.byte	0                               @ EOM(2)
	.byte	11                              @ Abbreviation Code
	.byte	38                              @ DW_TAG_const_type
	.byte	0                               @ DW_CHILDREN_no
	.byte	73                              @ DW_AT_type
	.byte	19                              @ DW_FORM_ref4
	.byte	0                               @ EOM(1)
	.byte	0                               @ EOM(2)
	.byte	12                              @ Abbreviation Code
	.byte	1                               @ DW_TAG_array_type
	.byte	1                               @ DW_CHILDREN_yes
	.byte	73                              @ DW_AT_type
	.byte	19                              @ DW_FORM_ref4
	.byte	0                               @ EOM(1)
	.byte	0                               @ EOM(2)
	.byte	13                              @ Abbreviation Code
	.byte	33                              @ DW_TAG_subrange_type
	.byte	0                               @ DW_CHILDREN_no
	.byte	73                              @ DW_AT_type
	.byte	19                              @ DW_FORM_ref4
	.byte	55                              @ DW_AT_count
	.byte	11                              @ DW_FORM_data1
	.byte	0                               @ EOM(1)
	.byte	0                               @ EOM(2)
	.byte	14                              @ Abbreviation Code
	.byte	36                              @ DW_TAG_base_type
	.byte	0                               @ DW_CHILDREN_no
	.byte	3                               @ DW_AT_name
	.byte	14                              @ DW_FORM_strp
	.byte	11                              @ DW_AT_byte_size
	.byte	11                              @ DW_FORM_data1
	.byte	62                              @ DW_AT_encoding
	.byte	11                              @ DW_FORM_data1
	.byte	0                               @ EOM(1)
	.byte	0                               @ EOM(2)
	.byte	15                              @ Abbreviation Code
	.byte	46                              @ DW_TAG_subprogram
	.byte	1                               @ DW_CHILDREN_yes
	.byte	17                              @ DW_AT_low_pc
	.byte	1                               @ DW_FORM_addr
	.byte	18                              @ DW_AT_high_pc
	.byte	6                               @ DW_FORM_data4
	.byte	64                              @ DW_AT_frame_base
	.byte	24                              @ DW_FORM_exprloc
	.byte	3                               @ DW_AT_name
	.byte	14                              @ DW_FORM_strp
	.byte	58                              @ DW_AT_decl_file
	.byte	11                              @ DW_FORM_data1
	.byte	59                              @ DW_AT_decl_line
	.byte	11                              @ DW_FORM_data1
	.byte	39                              @ DW_AT_prototyped
	.byte	25                              @ DW_FORM_flag_present
	.byte	63                              @ DW_AT_external
	.byte	25                              @ DW_FORM_flag_present
	.byte	0                               @ EOM(1)
	.byte	0                               @ EOM(2)
	.byte	16                              @ Abbreviation Code
	.byte	5                               @ DW_TAG_formal_parameter
	.byte	0                               @ DW_CHILDREN_no
	.byte	2                               @ DW_AT_location
	.byte	24                              @ DW_FORM_exprloc
	.byte	3                               @ DW_AT_name
	.byte	14                              @ DW_FORM_strp
	.byte	58                              @ DW_AT_decl_file
	.byte	11                              @ DW_FORM_data1
	.byte	59                              @ DW_AT_decl_line
	.byte	11                              @ DW_FORM_data1
	.byte	73                              @ DW_AT_type
	.byte	19                              @ DW_FORM_ref4
	.byte	0                               @ EOM(1)
	.byte	0                               @ EOM(2)
	.byte	17                              @ Abbreviation Code
	.byte	52                              @ DW_TAG_variable
	.byte	0                               @ DW_CHILDREN_no
	.byte	2                               @ DW_AT_location
	.byte	24                              @ DW_FORM_exprloc
	.byte	3                               @ DW_AT_name
	.byte	14                              @ DW_FORM_strp
	.byte	58                              @ DW_AT_decl_file
	.byte	11                              @ DW_FORM_data1
	.byte	59                              @ DW_AT_decl_line
	.byte	11                              @ DW_FORM_data1
	.byte	73                              @ DW_AT_type
	.byte	19                              @ DW_FORM_ref4
	.byte	0                               @ EOM(1)
	.byte	0                               @ EOM(2)
	.byte	18                              @ Abbreviation Code
	.byte	46                              @ DW_TAG_subprogram
	.byte	1                               @ DW_CHILDREN_yes
	.byte	17                              @ DW_AT_low_pc
	.byte	1                               @ DW_FORM_addr
	.byte	18                              @ DW_AT_high_pc
	.byte	6                               @ DW_FORM_data4
	.byte	64                              @ DW_AT_frame_base
	.byte	24                              @ DW_FORM_exprloc
	.byte	3                               @ DW_AT_name
	.byte	14                              @ DW_FORM_strp
	.byte	58                              @ DW_AT_decl_file
	.byte	11                              @ DW_FORM_data1
	.byte	59                              @ DW_AT_decl_line
	.byte	11                              @ DW_FORM_data1
	.byte	39                              @ DW_AT_prototyped
	.byte	25                              @ DW_FORM_flag_present
	.byte	73                              @ DW_AT_type
	.byte	19                              @ DW_FORM_ref4
	.byte	63                              @ DW_AT_external
	.byte	25                              @ DW_FORM_flag_present
	.byte	0                               @ EOM(1)
	.byte	0                               @ EOM(2)
	.byte	19                              @ Abbreviation Code
	.byte	46                              @ DW_TAG_subprogram
	.byte	0                               @ DW_CHILDREN_no
	.byte	17                              @ DW_AT_low_pc
	.byte	1                               @ DW_FORM_addr
	.byte	18                              @ DW_AT_high_pc
	.byte	6                               @ DW_FORM_data4
	.byte	64                              @ DW_AT_frame_base
	.byte	24                              @ DW_FORM_exprloc
	.byte	3                               @ DW_AT_name
	.byte	14                              @ DW_FORM_strp
	.byte	58                              @ DW_AT_decl_file
	.byte	11                              @ DW_FORM_data1
	.byte	59                              @ DW_AT_decl_line
	.byte	11                              @ DW_FORM_data1
	.byte	39                              @ DW_AT_prototyped
	.byte	25                              @ DW_FORM_flag_present
	.byte	63                              @ DW_AT_external
	.byte	25                              @ DW_FORM_flag_present
	.byte	0                               @ EOM(1)
	.byte	0                               @ EOM(2)
	.byte	20                              @ Abbreviation Code
	.byte	46                              @ DW_TAG_subprogram
	.byte	0                               @ DW_CHILDREN_no
	.byte	17                              @ DW_AT_low_pc
	.byte	1                               @ DW_FORM_addr
	.byte	18                              @ DW_AT_high_pc
	.byte	6                               @ DW_FORM_data4
	.byte	64                              @ DW_AT_frame_base
	.byte	24                              @ DW_FORM_exprloc
	.byte	3                               @ DW_AT_name
	.byte	14                              @ DW_FORM_strp
	.byte	58                              @ DW_AT_decl_file
	.byte	11                              @ DW_FORM_data1
	.byte	59                              @ DW_AT_decl_line
	.byte	11                              @ DW_FORM_data1
	.byte	39                              @ DW_AT_prototyped
	.byte	25                              @ DW_FORM_flag_present
	.byte	0                               @ EOM(1)
	.byte	0                               @ EOM(2)
	.byte	21                              @ Abbreviation Code
	.byte	46                              @ DW_TAG_subprogram
	.byte	1                               @ DW_CHILDREN_yes
	.byte	17                              @ DW_AT_low_pc
	.byte	1                               @ DW_FORM_addr
	.byte	18                              @ DW_AT_high_pc
	.byte	6                               @ DW_FORM_data4
	.byte	64                              @ DW_AT_frame_base
	.byte	24                              @ DW_FORM_exprloc
	.byte	3                               @ DW_AT_name
	.byte	14                              @ DW_FORM_strp
	.byte	58                              @ DW_AT_decl_file
	.byte	11                              @ DW_FORM_data1
	.byte	59                              @ DW_AT_decl_line
	.byte	11                              @ DW_FORM_data1
	.byte	39                              @ DW_AT_prototyped
	.byte	25                              @ DW_FORM_flag_present
	.byte	73                              @ DW_AT_type
	.byte	19                              @ DW_FORM_ref4
	.byte	0                               @ EOM(1)
	.byte	0                               @ EOM(2)
	.byte	0                               @ EOM(3)
	.section	.debug_info,"",%progbits
.Lcu_begin0:
	.long	.Ldebug_info_end0-.Ldebug_info_start0 @ Length of Unit
.Ldebug_info_start0:
	.short	4                               @ DWARF version number
	.long	.debug_abbrev                   @ Offset Into Abbrev. Section
	.byte	4                               @ Address Size (in bytes)
	.byte	1                               @ Abbrev [1] 0xb:0x3bd DW_TAG_compile_unit
	.long	.Linfo_string0                  @ DW_AT_producer
	.short	12                              @ DW_AT_language
	.long	.Linfo_string1                  @ DW_AT_name
	.long	.Lline_table_start0             @ DW_AT_stmt_list
	.long	.Linfo_string2                  @ DW_AT_comp_dir
	.long	0                               @ DW_AT_low_pc
	.long	.Ldebug_ranges0                 @ DW_AT_ranges
	.byte	2                               @ Abbrev [2] 0x26:0x11 DW_TAG_variable
	.long	.Linfo_string3                  @ DW_AT_name
	.long	55                              @ DW_AT_type
                                        @ DW_AT_external
	.byte	2                               @ DW_AT_decl_file
	.byte	7                               @ DW_AT_decl_line
	.byte	5                               @ DW_AT_location
	.byte	3
	.long	RVal
	.byte	3                               @ Abbrev [3] 0x37:0xb DW_TAG_typedef
	.long	66                              @ DW_AT_type
	.long	.Linfo_string5                  @ DW_AT_name
	.byte	1                               @ DW_AT_decl_file
	.byte	62                              @ DW_AT_decl_line
	.byte	4                               @ Abbrev [4] 0x42:0x7 DW_TAG_base_type
	.long	.Linfo_string4                  @ DW_AT_name
	.byte	8                               @ DW_AT_encoding
	.byte	1                               @ DW_AT_byte_size
	.byte	2                               @ Abbrev [2] 0x49:0x11 DW_TAG_variable
	.long	.Linfo_string6                  @ DW_AT_name
	.long	90                              @ DW_AT_type
                                        @ DW_AT_external
	.byte	2                               @ DW_AT_decl_file
	.byte	8                               @ DW_AT_decl_line
	.byte	5                               @ DW_AT_location
	.byte	3
	.long	RTCDateTime
	.byte	3                               @ Abbrev [3] 0x5a:0xb DW_TAG_typedef
	.long	101                             @ DW_AT_type
	.long	.Linfo_string16                 @ DW_AT_name
	.byte	3                               @ DW_AT_decl_file
	.byte	87                              @ DW_AT_decl_line
	.byte	5                               @ Abbrev [5] 0x65:0x59 DW_TAG_structure_type
	.byte	8                               @ DW_AT_byte_size
	.byte	3                               @ DW_AT_decl_file
	.byte	78                              @ DW_AT_decl_line
	.byte	6                               @ Abbrev [6] 0x69:0xc DW_TAG_member
	.long	.Linfo_string7                  @ DW_AT_name
	.long	190                             @ DW_AT_type
	.byte	3                               @ DW_AT_decl_file
	.byte	80                              @ DW_AT_decl_line
	.byte	0                               @ DW_AT_data_member_location
	.byte	6                               @ Abbrev [6] 0x75:0xc DW_TAG_member
	.long	.Linfo_string10                 @ DW_AT_name
	.long	55                              @ DW_AT_type
	.byte	3                               @ DW_AT_decl_file
	.byte	81                              @ DW_AT_decl_line
	.byte	2                               @ DW_AT_data_member_location
	.byte	6                               @ Abbrev [6] 0x81:0xc DW_TAG_member
	.long	.Linfo_string11                 @ DW_AT_name
	.long	55                              @ DW_AT_type
	.byte	3                               @ DW_AT_decl_file
	.byte	82                              @ DW_AT_decl_line
	.byte	3                               @ DW_AT_data_member_location
	.byte	6                               @ Abbrev [6] 0x8d:0xc DW_TAG_member
	.long	.Linfo_string12                 @ DW_AT_name
	.long	55                              @ DW_AT_type
	.byte	3                               @ DW_AT_decl_file
	.byte	83                              @ DW_AT_decl_line
	.byte	4                               @ DW_AT_data_member_location
	.byte	6                               @ Abbrev [6] 0x99:0xc DW_TAG_member
	.long	.Linfo_string13                 @ DW_AT_name
	.long	55                              @ DW_AT_type
	.byte	3                               @ DW_AT_decl_file
	.byte	84                              @ DW_AT_decl_line
	.byte	5                               @ DW_AT_data_member_location
	.byte	6                               @ Abbrev [6] 0xa5:0xc DW_TAG_member
	.long	.Linfo_string14                 @ DW_AT_name
	.long	55                              @ DW_AT_type
	.byte	3                               @ DW_AT_decl_file
	.byte	85                              @ DW_AT_decl_line
	.byte	6                               @ DW_AT_data_member_location
	.byte	6                               @ Abbrev [6] 0xb1:0xc DW_TAG_member
	.long	.Linfo_string15                 @ DW_AT_name
	.long	55                              @ DW_AT_type
	.byte	3                               @ DW_AT_decl_file
	.byte	86                              @ DW_AT_decl_line
	.byte	7                               @ DW_AT_data_member_location
	.byte	0                               @ End Of Children Mark
	.byte	3                               @ Abbrev [3] 0xbe:0xb DW_TAG_typedef
	.long	201                             @ DW_AT_type
	.long	.Linfo_string9                  @ DW_AT_name
	.byte	1                               @ DW_AT_decl_file
	.byte	63                              @ DW_AT_decl_line
	.byte	4                               @ Abbrev [4] 0xc9:0x7 DW_TAG_base_type
	.long	.Linfo_string8                  @ DW_AT_name
	.byte	7                               @ DW_AT_encoding
	.byte	2                               @ DW_AT_byte_size
	.byte	7                               @ Abbrev [7] 0xd0:0x5 DW_TAG_pointer_type
	.long	213                             @ DW_AT_type
	.byte	8                               @ Abbrev [8] 0xd5:0xc DW_TAG_typedef
	.long	225                             @ DW_AT_type
	.long	.Linfo_string46                 @ DW_AT_name
	.byte	4                               @ DW_AT_decl_file
	.short	507                             @ DW_AT_decl_line
	.byte	5                               @ Abbrev [5] 0xe1:0x157 DW_TAG_structure_type
	.byte	108                             @ DW_AT_byte_size
	.byte	4                               @ DW_AT_decl_file
	.byte	26                              @ DW_AT_decl_line
	.byte	9                               @ Abbrev [9] 0xe5:0xd DW_TAG_member
	.long	.Linfo_string17                 @ DW_AT_name
	.long	568                             @ DW_AT_type
	.byte	4                               @ DW_AT_decl_file
	.short	481                             @ DW_AT_decl_line
	.byte	0                               @ DW_AT_data_member_location
	.byte	9                               @ Abbrev [9] 0xf2:0xd DW_TAG_member
	.long	.Linfo_string20                 @ DW_AT_name
	.long	568                             @ DW_AT_type
	.byte	4                               @ DW_AT_decl_file
	.short	482                             @ DW_AT_decl_line
	.byte	4                               @ DW_AT_data_member_location
	.byte	9                               @ Abbrev [9] 0xff:0xd DW_TAG_member
	.long	.Linfo_string21                 @ DW_AT_name
	.long	568                             @ DW_AT_type
	.byte	4                               @ DW_AT_decl_file
	.short	483                             @ DW_AT_decl_line
	.byte	8                               @ DW_AT_data_member_location
	.byte	9                               @ Abbrev [9] 0x10c:0xd DW_TAG_member
	.long	.Linfo_string22                 @ DW_AT_name
	.long	591                             @ DW_AT_type
	.byte	4                               @ DW_AT_decl_file
	.short	484                             @ DW_AT_decl_line
	.byte	12                              @ DW_AT_data_member_location
	.byte	9                               @ Abbrev [9] 0x119:0xd DW_TAG_member
	.long	.Linfo_string23                 @ DW_AT_name
	.long	568                             @ DW_AT_type
	.byte	4                               @ DW_AT_decl_file
	.short	485                             @ DW_AT_decl_line
	.byte	16                              @ DW_AT_data_member_location
	.byte	9                               @ Abbrev [9] 0x126:0xd DW_TAG_member
	.long	.Linfo_string24                 @ DW_AT_name
	.long	568                             @ DW_AT_type
	.byte	4                               @ DW_AT_decl_file
	.short	486                             @ DW_AT_decl_line
	.byte	20                              @ DW_AT_data_member_location
	.byte	9                               @ Abbrev [9] 0x133:0xd DW_TAG_member
	.long	.Linfo_string25                 @ DW_AT_name
	.long	568                             @ DW_AT_type
	.byte	4                               @ DW_AT_decl_file
	.short	487                             @ DW_AT_decl_line
	.byte	24                              @ DW_AT_data_member_location
	.byte	9                               @ Abbrev [9] 0x140:0xd DW_TAG_member
	.long	.Linfo_string26                 @ DW_AT_name
	.long	568                             @ DW_AT_type
	.byte	4                               @ DW_AT_decl_file
	.short	488                             @ DW_AT_decl_line
	.byte	28                              @ DW_AT_data_member_location
	.byte	9                               @ Abbrev [9] 0x14d:0xd DW_TAG_member
	.long	.Linfo_string27                 @ DW_AT_name
	.long	568                             @ DW_AT_type
	.byte	4                               @ DW_AT_decl_file
	.short	489                             @ DW_AT_decl_line
	.byte	32                              @ DW_AT_data_member_location
	.byte	9                               @ Abbrev [9] 0x15a:0xd DW_TAG_member
	.long	.Linfo_string28                 @ DW_AT_name
	.long	568                             @ DW_AT_type
	.byte	4                               @ DW_AT_decl_file
	.short	490                             @ DW_AT_decl_line
	.byte	36                              @ DW_AT_data_member_location
	.byte	9                               @ Abbrev [9] 0x167:0xd DW_TAG_member
	.long	.Linfo_string29                 @ DW_AT_name
	.long	568                             @ DW_AT_type
	.byte	4                               @ DW_AT_decl_file
	.short	491                             @ DW_AT_decl_line
	.byte	40                              @ DW_AT_data_member_location
	.byte	9                               @ Abbrev [9] 0x174:0xd DW_TAG_member
	.long	.Linfo_string30                 @ DW_AT_name
	.long	568                             @ DW_AT_type
	.byte	4                               @ DW_AT_decl_file
	.short	492                             @ DW_AT_decl_line
	.byte	44                              @ DW_AT_data_member_location
	.byte	9                               @ Abbrev [9] 0x181:0xd DW_TAG_member
	.long	.Linfo_string31                 @ DW_AT_name
	.long	568                             @ DW_AT_type
	.byte	4                               @ DW_AT_decl_file
	.short	493                             @ DW_AT_decl_line
	.byte	48                              @ DW_AT_data_member_location
	.byte	9                               @ Abbrev [9] 0x18e:0xd DW_TAG_member
	.long	.Linfo_string32                 @ DW_AT_name
	.long	596                             @ DW_AT_type
	.byte	4                               @ DW_AT_decl_file
	.short	494                             @ DW_AT_decl_line
	.byte	52                              @ DW_AT_data_member_location
	.byte	9                               @ Abbrev [9] 0x19b:0xd DW_TAG_member
	.long	.Linfo_string34                 @ DW_AT_name
	.long	568                             @ DW_AT_type
	.byte	4                               @ DW_AT_decl_file
	.short	495                             @ DW_AT_decl_line
	.byte	60                              @ DW_AT_data_member_location
	.byte	9                               @ Abbrev [9] 0x1a8:0xd DW_TAG_member
	.long	.Linfo_string35                 @ DW_AT_name
	.long	568                             @ DW_AT_type
	.byte	4                               @ DW_AT_decl_file
	.short	496                             @ DW_AT_decl_line
	.byte	64                              @ DW_AT_data_member_location
	.byte	9                               @ Abbrev [9] 0x1b5:0xd DW_TAG_member
	.long	.Linfo_string36                 @ DW_AT_name
	.long	568                             @ DW_AT_type
	.byte	4                               @ DW_AT_decl_file
	.short	497                             @ DW_AT_decl_line
	.byte	68                              @ DW_AT_data_member_location
	.byte	9                               @ Abbrev [9] 0x1c2:0xd DW_TAG_member
	.long	.Linfo_string37                 @ DW_AT_name
	.long	568                             @ DW_AT_type
	.byte	4                               @ DW_AT_decl_file
	.short	498                             @ DW_AT_decl_line
	.byte	72                              @ DW_AT_data_member_location
	.byte	9                               @ Abbrev [9] 0x1cf:0xd DW_TAG_member
	.long	.Linfo_string38                 @ DW_AT_name
	.long	568                             @ DW_AT_type
	.byte	4                               @ DW_AT_decl_file
	.short	499                             @ DW_AT_decl_line
	.byte	76                              @ DW_AT_data_member_location
	.byte	9                               @ Abbrev [9] 0x1dc:0xd DW_TAG_member
	.long	.Linfo_string39                 @ DW_AT_name
	.long	568                             @ DW_AT_type
	.byte	4                               @ DW_AT_decl_file
	.short	500                             @ DW_AT_decl_line
	.byte	80                              @ DW_AT_data_member_location
	.byte	9                               @ Abbrev [9] 0x1e9:0xd DW_TAG_member
	.long	.Linfo_string40                 @ DW_AT_name
	.long	568                             @ DW_AT_type
	.byte	4                               @ DW_AT_decl_file
	.short	501                             @ DW_AT_decl_line
	.byte	84                              @ DW_AT_data_member_location
	.byte	9                               @ Abbrev [9] 0x1f6:0xd DW_TAG_member
	.long	.Linfo_string41                 @ DW_AT_name
	.long	568                             @ DW_AT_type
	.byte	4                               @ DW_AT_decl_file
	.short	502                             @ DW_AT_decl_line
	.byte	88                              @ DW_AT_data_member_location
	.byte	9                               @ Abbrev [9] 0x203:0xd DW_TAG_member
	.long	.Linfo_string42                 @ DW_AT_name
	.long	568                             @ DW_AT_type
	.byte	4                               @ DW_AT_decl_file
	.short	503                             @ DW_AT_decl_line
	.byte	92                              @ DW_AT_data_member_location
	.byte	9                               @ Abbrev [9] 0x210:0xd DW_TAG_member
	.long	.Linfo_string43                 @ DW_AT_name
	.long	591                             @ DW_AT_type
	.byte	4                               @ DW_AT_decl_file
	.short	504                             @ DW_AT_decl_line
	.byte	96                              @ DW_AT_data_member_location
	.byte	9                               @ Abbrev [9] 0x21d:0xd DW_TAG_member
	.long	.Linfo_string44                 @ DW_AT_name
	.long	568                             @ DW_AT_type
	.byte	4                               @ DW_AT_decl_file
	.short	505                             @ DW_AT_decl_line
	.byte	100                             @ DW_AT_data_member_location
	.byte	9                               @ Abbrev [9] 0x22a:0xd DW_TAG_member
	.long	.Linfo_string45                 @ DW_AT_name
	.long	568                             @ DW_AT_type
	.byte	4                               @ DW_AT_decl_file
	.short	506                             @ DW_AT_decl_line
	.byte	104                             @ DW_AT_data_member_location
	.byte	0                               @ End Of Children Mark
	.byte	10                              @ Abbrev [10] 0x238:0x5 DW_TAG_volatile_type
	.long	573                             @ DW_AT_type
	.byte	3                               @ Abbrev [3] 0x23d:0xb DW_TAG_typedef
	.long	584                             @ DW_AT_type
	.long	.Linfo_string19                 @ DW_AT_name
	.byte	1                               @ DW_AT_decl_file
	.byte	64                              @ DW_AT_decl_line
	.byte	4                               @ Abbrev [4] 0x248:0x7 DW_TAG_base_type
	.long	.Linfo_string18                 @ DW_AT_name
	.byte	7                               @ DW_AT_encoding
	.byte	4                               @ DW_AT_byte_size
	.byte	11                              @ Abbrev [11] 0x24f:0x5 DW_TAG_const_type
	.long	568                             @ DW_AT_type
	.byte	12                              @ Abbrev [12] 0x254:0xc DW_TAG_array_type
	.long	591                             @ DW_AT_type
	.byte	13                              @ Abbrev [13] 0x259:0x6 DW_TAG_subrange_type
	.long	608                             @ DW_AT_type
	.byte	2                               @ DW_AT_count
	.byte	0                               @ End Of Children Mark
	.byte	14                              @ Abbrev [14] 0x260:0x7 DW_TAG_base_type
	.long	.Linfo_string33                 @ DW_AT_name
	.byte	8                               @ DW_AT_byte_size
	.byte	7                               @ DW_AT_encoding
	.byte	15                              @ Abbrev [15] 0x267:0x2e DW_TAG_subprogram
	.long	.Lfunc_begin0                   @ DW_AT_low_pc
	.long	.Lfunc_end0-.Lfunc_begin0       @ DW_AT_high_pc
	.byte	1                               @ DW_AT_frame_base
	.byte	93
	.long	.Linfo_string47                 @ DW_AT_name
	.byte	2                               @ DW_AT_decl_file
	.byte	29                              @ DW_AT_decl_line
                                        @ DW_AT_prototyped
                                        @ DW_AT_external
	.byte	16                              @ Abbrev [16] 0x278:0xe DW_TAG_formal_parameter
	.byte	2                               @ DW_AT_location
	.byte	145
	.byte	20
	.long	.Linfo_string56                 @ DW_AT_name
	.byte	2                               @ DW_AT_decl_file
	.byte	29                              @ DW_AT_decl_line
	.long	55                              @ DW_AT_type
	.byte	17                              @ Abbrev [17] 0x286:0xe DW_TAG_variable
	.byte	2                               @ DW_AT_location
	.byte	145
	.byte	16
	.long	.Linfo_string57                 @ DW_AT_name
	.byte	2                               @ DW_AT_decl_file
	.byte	30                              @ DW_AT_decl_line
	.long	55                              @ DW_AT_type
	.byte	0                               @ End Of Children Mark
	.byte	18                              @ Abbrev [18] 0x295:0x24 DW_TAG_subprogram
	.long	.Lfunc_begin1                   @ DW_AT_low_pc
	.long	.Lfunc_end1-.Lfunc_begin1       @ DW_AT_high_pc
	.byte	1                               @ DW_AT_frame_base
	.byte	93
	.long	.Linfo_string48                 @ DW_AT_name
	.byte	2                               @ DW_AT_decl_file
	.byte	38                              @ DW_AT_decl_line
                                        @ DW_AT_prototyped
	.long	55                              @ DW_AT_type
                                        @ DW_AT_external
	.byte	17                              @ Abbrev [17] 0x2aa:0xe DW_TAG_variable
	.byte	2                               @ DW_AT_location
	.byte	145
	.byte	0
	.long	.Linfo_string58                 @ DW_AT_name
	.byte	2                               @ DW_AT_decl_file
	.byte	40                              @ DW_AT_decl_line
	.long	55                              @ DW_AT_type
	.byte	0                               @ End Of Children Mark
	.byte	19                              @ Abbrev [19] 0x2b9:0x11 DW_TAG_subprogram
	.long	.Lfunc_begin2                   @ DW_AT_low_pc
	.long	.Lfunc_end2-.Lfunc_begin2       @ DW_AT_high_pc
	.byte	1                               @ DW_AT_frame_base
	.byte	93
	.long	.Linfo_string49                 @ DW_AT_name
	.byte	2                               @ DW_AT_decl_file
	.byte	47                              @ DW_AT_decl_line
                                        @ DW_AT_prototyped
                                        @ DW_AT_external
	.byte	20                              @ Abbrev [20] 0x2ca:0x11 DW_TAG_subprogram
	.long	.Lfunc_begin3                   @ DW_AT_low_pc
	.long	.Lfunc_end3-.Lfunc_begin3       @ DW_AT_high_pc
	.byte	1                               @ DW_AT_frame_base
	.byte	93
	.long	.Linfo_string50                 @ DW_AT_name
	.byte	2                               @ DW_AT_decl_file
	.byte	21                              @ DW_AT_decl_line
                                        @ DW_AT_prototyped
	.byte	18                              @ Abbrev [18] 0x2db:0x40 DW_TAG_subprogram
	.long	.Lfunc_begin4                   @ DW_AT_low_pc
	.long	.Lfunc_end4-.Lfunc_begin4       @ DW_AT_high_pc
	.byte	1                               @ DW_AT_frame_base
	.byte	93
	.long	.Linfo_string51                 @ DW_AT_name
	.byte	2                               @ DW_AT_decl_file
	.byte	53                              @ DW_AT_decl_line
                                        @ DW_AT_prototyped
	.long	931                             @ DW_AT_type
                                        @ DW_AT_external
	.byte	16                              @ Abbrev [16] 0x2f0:0xe DW_TAG_formal_parameter
	.byte	2                               @ DW_AT_location
	.byte	145
	.byte	36
	.long	.Linfo_string59                 @ DW_AT_name
	.byte	2                               @ DW_AT_decl_file
	.byte	53                              @ DW_AT_decl_line
	.long	938                             @ DW_AT_type
	.byte	17                              @ Abbrev [17] 0x2fe:0xe DW_TAG_variable
	.byte	2                               @ DW_AT_location
	.byte	145
	.byte	32
	.long	.Linfo_string60                 @ DW_AT_name
	.byte	2                               @ DW_AT_decl_file
	.byte	55                              @ DW_AT_decl_line
	.long	55                              @ DW_AT_type
	.byte	17                              @ Abbrev [17] 0x30c:0xe DW_TAG_variable
	.byte	2                               @ DW_AT_location
	.byte	145
	.byte	24
	.long	.Linfo_string61                 @ DW_AT_name
	.byte	2                               @ DW_AT_decl_file
	.byte	56                              @ DW_AT_decl_line
	.long	943                             @ DW_AT_type
	.byte	0                               @ End Of Children Mark
	.byte	21                              @ Abbrev [21] 0x31b:0x24 DW_TAG_subprogram
	.long	.Lfunc_begin5                   @ DW_AT_low_pc
	.long	.Lfunc_end5-.Lfunc_begin5       @ DW_AT_high_pc
	.byte	1                               @ DW_AT_frame_base
	.byte	93
	.long	.Linfo_string53                 @ DW_AT_name
	.byte	2                               @ DW_AT_decl_file
	.byte	11                              @ DW_AT_decl_line
                                        @ DW_AT_prototyped
	.long	55                              @ DW_AT_type
	.byte	16                              @ Abbrev [16] 0x330:0xe DW_TAG_formal_parameter
	.byte	2                               @ DW_AT_location
	.byte	145
	.byte	0
	.long	.Linfo_string62                 @ DW_AT_name
	.byte	2                               @ DW_AT_decl_file
	.byte	11                              @ DW_AT_decl_line
	.long	55                              @ DW_AT_type
	.byte	0                               @ End Of Children Mark
	.byte	18                              @ Abbrev [18] 0x33f:0x40 DW_TAG_subprogram
	.long	.Lfunc_begin6                   @ DW_AT_low_pc
	.long	.Lfunc_end6-.Lfunc_begin6       @ DW_AT_high_pc
	.byte	1                               @ DW_AT_frame_base
	.byte	93
	.long	.Linfo_string54                 @ DW_AT_name
	.byte	2                               @ DW_AT_decl_file
	.byte	71                              @ DW_AT_decl_line
                                        @ DW_AT_prototyped
	.long	931                             @ DW_AT_type
                                        @ DW_AT_external
	.byte	16                              @ Abbrev [16] 0x354:0xe DW_TAG_formal_parameter
	.byte	2                               @ DW_AT_location
	.byte	145
	.byte	28
	.long	.Linfo_string59                 @ DW_AT_name
	.byte	2                               @ DW_AT_decl_file
	.byte	71                              @ DW_AT_decl_line
	.long	938                             @ DW_AT_type
	.byte	17                              @ Abbrev [17] 0x362:0xe DW_TAG_variable
	.byte	2                               @ DW_AT_location
	.byte	145
	.byte	24
	.long	.Linfo_string60                 @ DW_AT_name
	.byte	2                               @ DW_AT_decl_file
	.byte	73                              @ DW_AT_decl_line
	.long	55                              @ DW_AT_type
	.byte	17                              @ Abbrev [17] 0x370:0xe DW_TAG_variable
	.byte	2                               @ DW_AT_location
	.byte	145
	.byte	16
	.long	.Linfo_string61                 @ DW_AT_name
	.byte	2                               @ DW_AT_decl_file
	.byte	74                              @ DW_AT_decl_line
	.long	955                             @ DW_AT_type
	.byte	0                               @ End Of Children Mark
	.byte	21                              @ Abbrev [21] 0x37f:0x24 DW_TAG_subprogram
	.long	.Lfunc_begin7                   @ DW_AT_low_pc
	.long	.Lfunc_end7-.Lfunc_begin7       @ DW_AT_high_pc
	.byte	1                               @ DW_AT_frame_base
	.byte	93
	.long	.Linfo_string55                 @ DW_AT_name
	.byte	2                               @ DW_AT_decl_file
	.byte	16                              @ DW_AT_decl_line
                                        @ DW_AT_prototyped
	.long	55                              @ DW_AT_type
	.byte	16                              @ Abbrev [16] 0x394:0xe DW_TAG_formal_parameter
	.byte	2                               @ DW_AT_location
	.byte	145
	.byte	4
	.long	.Linfo_string63                 @ DW_AT_name
	.byte	2                               @ DW_AT_decl_file
	.byte	16                              @ DW_AT_decl_line
	.long	55                              @ DW_AT_type
	.byte	0                               @ End Of Children Mark
	.byte	4                               @ Abbrev [4] 0x3a3:0x7 DW_TAG_base_type
	.long	.Linfo_string52                 @ DW_AT_name
	.byte	2                               @ DW_AT_encoding
	.byte	1                               @ DW_AT_byte_size
	.byte	7                               @ Abbrev [7] 0x3aa:0x5 DW_TAG_pointer_type
	.long	90                              @ DW_AT_type
	.byte	12                              @ Abbrev [12] 0x3af:0xc DW_TAG_array_type
	.long	55                              @ DW_AT_type
	.byte	13                              @ Abbrev [13] 0x3b4:0x6 DW_TAG_subrange_type
	.long	608                             @ DW_AT_type
	.byte	7                               @ DW_AT_count
	.byte	0                               @ End Of Children Mark
	.byte	12                              @ Abbrev [12] 0x3bb:0xc DW_TAG_array_type
	.long	55                              @ DW_AT_type
	.byte	13                              @ Abbrev [13] 0x3c0:0x6 DW_TAG_subrange_type
	.long	608                             @ DW_AT_type
	.byte	8                               @ DW_AT_count
	.byte	0                               @ End Of Children Mark
	.byte	0                               @ End Of Children Mark
.Ldebug_info_end0:
	.section	.debug_ranges,"",%progbits
.Ldebug_ranges0:
	.long	.Lfunc_begin0
	.long	.Lfunc_end0
	.long	.Lfunc_begin1
	.long	.Lfunc_end1
	.long	.Lfunc_begin2
	.long	.Lfunc_end2
	.long	.Lfunc_begin3
	.long	.Lfunc_end3
	.long	.Lfunc_begin4
	.long	.Lfunc_end4
	.long	.Lfunc_begin5
	.long	.Lfunc_end5
	.long	.Lfunc_begin6
	.long	.Lfunc_end6
	.long	.Lfunc_begin7
	.long	.Lfunc_end7
	.long	0
	.long	0
	.section	.debug_str,"MS",%progbits,1
.Linfo_string0:
	.asciz	"Component: ARM Compiler 6.16 Tool: armclang [5dfeb700]" @ string offset=0
.Linfo_string1:
	.asciz	"../Source\\DS1307.c"           @ string offset=55
.Linfo_string2:
	.asciz	"D:\\Projects\\CCMSFloridaPhpr\\Application\\KEIL" @ string offset=74
.Linfo_string3:
	.asciz	"RVal"                          @ string offset=119
.Linfo_string4:
	.asciz	"unsigned char"                 @ string offset=124
.Linfo_string5:
	.asciz	"uint8_t"                       @ string offset=138
.Linfo_string6:
	.asciz	"RTCDateTime"                   @ string offset=146
.Linfo_string7:
	.asciz	"Year"                          @ string offset=158
.Linfo_string8:
	.asciz	"unsigned short"                @ string offset=163
.Linfo_string9:
	.asciz	"uint16_t"                      @ string offset=178
.Linfo_string10:
	.asciz	"Month"                         @ string offset=187
.Linfo_string11:
	.asciz	"Date"                          @ string offset=193
.Linfo_string12:
	.asciz	"DaysOfWeek"                    @ string offset=198
.Linfo_string13:
	.asciz	"Hour"                          @ string offset=209
.Linfo_string14:
	.asciz	"Min"                           @ string offset=214
.Linfo_string15:
	.asciz	"Sec"                           @ string offset=218
.Linfo_string16:
	.asciz	"_RTC"                          @ string offset=222
.Linfo_string17:
	.asciz	"CTL0"                          @ string offset=227
.Linfo_string18:
	.asciz	"unsigned int"                  @ string offset=232
.Linfo_string19:
	.asciz	"uint32_t"                      @ string offset=245
.Linfo_string20:
	.asciz	"ADDR0"                         @ string offset=254
.Linfo_string21:
	.asciz	"DAT"                           @ string offset=260
.Linfo_string22:
	.asciz	"STATUS0"                       @ string offset=264
.Linfo_string23:
	.asciz	"CLKDIV"                        @ string offset=272
.Linfo_string24:
	.asciz	"TOCTL"                         @ string offset=279
.Linfo_string25:
	.asciz	"ADDR1"                         @ string offset=285
.Linfo_string26:
	.asciz	"ADDR2"                         @ string offset=291
.Linfo_string27:
	.asciz	"ADDR3"                         @ string offset=297
.Linfo_string28:
	.asciz	"ADDRMSK0"                      @ string offset=303
.Linfo_string29:
	.asciz	"ADDRMSK1"                      @ string offset=312
.Linfo_string30:
	.asciz	"ADDRMSK2"                      @ string offset=321
.Linfo_string31:
	.asciz	"ADDRMSK3"                      @ string offset=330
.Linfo_string32:
	.asciz	"RESERVE0"                      @ string offset=339
.Linfo_string33:
	.asciz	"__ARRAY_SIZE_TYPE__"           @ string offset=348
.Linfo_string34:
	.asciz	"WKCTL"                         @ string offset=368
.Linfo_string35:
	.asciz	"WKSTS"                         @ string offset=374
.Linfo_string36:
	.asciz	"CTL1"                          @ string offset=380
.Linfo_string37:
	.asciz	"STATUS1"                       @ string offset=385
.Linfo_string38:
	.asciz	"TMCTL"                         @ string offset=393
.Linfo_string39:
	.asciz	"BUSCTL"                        @ string offset=399
.Linfo_string40:
	.asciz	"BUSTCTL"                       @ string offset=406
.Linfo_string41:
	.asciz	"BUSSTS"                        @ string offset=414
.Linfo_string42:
	.asciz	"PKTSIZE"                       @ string offset=421
.Linfo_string43:
	.asciz	"PKTCRC"                        @ string offset=429
.Linfo_string44:
	.asciz	"BUSTOUT"                       @ string offset=436
.Linfo_string45:
	.asciz	"CLKTOUT"                       @ string offset=444
.Linfo_string46:
	.asciz	"I2C_T"                         @ string offset=452
.Linfo_string47:
	.asciz	"DS1307_SetClockHalt"           @ string offset=458
.Linfo_string48:
	.asciz	"CheckRTC"                      @ string offset=478
.Linfo_string49:
	.asciz	"DS1307_Init"                   @ string offset=487
.Linfo_string50:
	.asciz	"DS1307LowLevelInit"            @ string offset=499
.Linfo_string51:
	.asciz	"DS1307_GetTime"                @ string offset=518
.Linfo_string52:
	.asciz	"_Bool"                         @ string offset=533
.Linfo_string53:
	.asciz	"B2D"                           @ string offset=539
.Linfo_string54:
	.asciz	"DS1307_SetTime"                @ string offset=543
.Linfo_string55:
	.asciz	"D2B"                           @ string offset=558
.Linfo_string56:
	.asciz	"halt"                          @ string offset=562
.Linfo_string57:
	.asciz	"ch"                            @ string offset=567
.Linfo_string58:
	.asciz	"Val"                           @ string offset=570
.Linfo_string59:
	.asciz	"rtc"                           @ string offset=574
.Linfo_string60:
	.asciz	"startAddr"                     @ string offset=578
.Linfo_string61:
	.asciz	"buffer"                        @ string offset=588
.Linfo_string62:
	.asciz	"bcd"                           @ string offset=595
.Linfo_string63:
	.asciz	"decimal"                       @ string offset=599
	.ident	"Component: ARM Compiler 6.16 Tool: armclang [5dfeb700]"
	.section	".note.GNU-stack","",%progbits
	.eabi_attribute	30, 6	@ Tag_ABI_optimization_goals
	.ARM_attribute	16, 1	@ Tag_AV_eba
	.section	.debug_line,"",%progbits
.Lline_table_start0:
