	.text
	.syntax unified
	.eabi_attribute	67, "2.09"	@ Tag_conformance
	.cpu	cortex-m0
	.eabi_attribute	6, 12	@ Tag_CPU_arch
	.eabi_attribute	7, 77	@ Tag_CPU_arch_profile
	.eabi_attribute	8, 0	@ Tag_ARM_ISA_use
	.eabi_attribute	9, 1	@ Tag_THUMB_ISA_use
	.eabi_attribute	34, 0	@ Tag_CPU_unaligned_access
	.eabi_attribute	17, 1	@ Tag_ABI_PCS_GOT_use
	.eabi_attribute	20, 2	@ Tag_ABI_FP_denormal
	.eabi_attribute	21, 0	@ Tag_ABI_FP_exceptions
	.eabi_attribute	23, 1	@ Tag_ABI_FP_number_model
	.eabi_attribute	24, 1	@ Tag_ABI_align_needed
	.eabi_attribute	25, 1	@ Tag_ABI_align_preserved
	.eabi_attribute	38, 1	@ Tag_ABI_FP_16bit_format
	.eabi_attribute	18, 2	@ Tag_ABI_PCS_wchar_t
	.eabi_attribute	26, 1	@ Tag_ABI_enum_size
	.eabi_attribute	14, 0	@ Tag_ABI_PCS_R9_use
	.file	"FMCUser.c"
	.file	1 "C:\\Keil_v5\\ARM\\ARMCLANG\\Bin\\..\\include" "stdint.h"
	.file	2 "D:\\Projects\\CCMSFloridaPhpr\\Application\\KEIL" "../../Library/Device/Nuvoton/M031/Include/fmc_reg.h"
	.file	3 "D:\\Projects\\CCMSFloridaPhpr\\Application\\KEIL" "../../Library/Device/Nuvoton/M031/Include/sys_reg.h"
	.section	.text.set_IAP_boot_mode,"ax",%progbits
	.hidden	set_IAP_boot_mode               @ -- Begin function set_IAP_boot_mode
	.globl	set_IAP_boot_mode
	.p2align	2
	.type	set_IAP_boot_mode,%function
	.code	16                              @ @set_IAP_boot_mode
	.thumb_func
set_IAP_boot_mode:
.Lfunc_begin0:
	.file	4 "D:\\Projects\\CCMSFloridaPhpr\\Application\\KEIL" "../Source/FMCUser.c"
	.loc	4 10 0                          @ ../Source/FMCUser.c:10:0
	.fnstart
	.cfi_sections .debug_frame
	.cfi_startproc
@ %bb.0:
	.save	{r7, lr}
	push	{r7, lr}
	.cfi_def_cfa_offset 8
	.cfi_offset lr, -4
	.cfi_offset r7, -8
	.pad	#16
	sub	sp, #16
	.cfi_def_cfa_offset 24
	add	r0, sp, #4
	movs	r1, #2
.Ltmp0:
	.loc	4 13 9 prologue_end             @ ../Source/FMCUser.c:13:9
	bl	FMC_ReadConfig
.Ltmp1:
	.loc	4 13 9 is_stmt 0                @ ../Source/FMCUser.c:13:9
	cmp	r0, #0
	bpl	.LBB0_2
	b	.LBB0_1
.LBB0_1:
	.loc	4 0 9                           @ ../Source/FMCUser.c:0:9
	movs	r0, #0
	mvns	r0, r0
.Ltmp2:
	.loc	4 16 9 is_stmt 1                @ ../Source/FMCUser.c:16:9
	str	r0, [sp, #12]
	b	.LBB0_7
.Ltmp3:
.LBB0_2:
	.loc	4 0 9 is_stmt 0                 @ ../Source/FMCUser.c:0:9
	add	r0, sp, #4
	.loc	4 26 9 is_stmt 1                @ ../Source/FMCUser.c:26:9
	ldrb	r0, [r0]
	lsls	r0, r0, #25
	cmp	r0, #0
	bpl	.LBB0_6
	b	.LBB0_3
.LBB0_3:
	.loc	4 0 9 is_stmt 0                 @ ../Source/FMCUser.c:0:9
	ldr	r1, __arm_cp.0_0
.Ltmp4:
	.loc	4 28 9 is_stmt 1                @ ../Source/FMCUser.c:28:9
	ldr	r0, [r1]
	movs	r2, #16
	orrs	r0, r2
	str	r0, [r1]
	.loc	4 29 23                         @ ../Source/FMCUser.c:29:23
	ldr	r0, [sp, #4]
	movs	r1, #64
	bics	r0, r1
	str	r0, [sp, #4]
	add	r0, sp, #4
	movs	r1, #2
.Ltmp5:
	.loc	4 31 13                         @ ../Source/FMCUser.c:31:13
	bl	FMC_WriteConfig
.Ltmp6:
	.loc	4 31 13 is_stmt 0               @ ../Source/FMCUser.c:31:13
	cmp	r0, #0
	beq	.LBB0_5
	b	.LBB0_4
.LBB0_4:
	.loc	4 0 13                          @ ../Source/FMCUser.c:0:13
	movs	r0, #0
	mvns	r0, r0
.Ltmp7:
	.loc	4 34 13 is_stmt 1               @ ../Source/FMCUser.c:34:13
	str	r0, [sp, #12]
	b	.LBB0_7
.Ltmp8:
.LBB0_5:
	.loc	4 0 13 is_stmt 0                @ ../Source/FMCUser.c:0:13
	ldr	r1, __arm_cp.0_1
	movs	r0, #1
	.loc	4 36 21 is_stmt 1               @ ../Source/FMCUser.c:36:21
	str	r0, [r1]
	.loc	4 37 5                          @ ../Source/FMCUser.c:37:5
	b	.LBB0_6
.Ltmp9:
.LBB0_6:
	.loc	4 0 5 is_stmt 0                 @ ../Source/FMCUser.c:0:5
	movs	r0, #0
	.loc	4 38 5 is_stmt 1                @ ../Source/FMCUser.c:38:5
	str	r0, [sp, #12]
	b	.LBB0_7
.LBB0_7:
	.loc	4 39 1                          @ ../Source/FMCUser.c:39:1
	ldr	r0, [sp, #12]
	add	sp, #16
	pop	{r7, pc}
.Ltmp10:
	.p2align	2
@ %bb.8:
	.loc	4 0 1 is_stmt 0                 @ ../Source/FMCUser.c:0:1
__arm_cp.0_0:
	.long	1073790976                      @ 0x4000c000
.Lcpi_end0:
	.size	__arm_cp.0_0, .Lcpi_end0-__arm_cp.0_0
__arm_cp.0_1:
	.long	1073741832                      @ 0x40000008
.Lcpi_end1:
	.size	__arm_cp.0_1, .Lcpi_end1-__arm_cp.0_1
.Lfunc_end0:
	.size	set_IAP_boot_mode, .Lfunc_end0-set_IAP_boot_mode
	.cfi_endproc
	.cantunwind
	.fnend
                                        @ -- End function
	.section	.text.ReadFMCDataBuffer,"ax",%progbits
	.hidden	ReadFMCDataBuffer               @ -- Begin function ReadFMCDataBuffer
	.globl	ReadFMCDataBuffer
	.p2align	1
	.type	ReadFMCDataBuffer,%function
	.code	16                              @ @ReadFMCDataBuffer
	.thumb_func
ReadFMCDataBuffer:
.Lfunc_begin1:
	.loc	4 43 0 is_stmt 1                @ ../Source/FMCUser.c:43:0
	.fnstart
	.cfi_startproc
@ %bb.0:
	.save	{r7, lr}
	push	{r7, lr}
	.cfi_def_cfa_offset 8
	.cfi_offset lr, -4
	.cfi_offset r7, -8
	.pad	#24
	sub	sp, #24
	.cfi_def_cfa_offset 32
	str	r0, [sp, #20]
	str	r1, [sp, #16]
	str	r2, [sp, #12]
.Ltmp11:
	.loc	4 48 15 prologue_end            @ ../Source/FMCUser.c:48:15
	ldr	r0, [sp, #16]
	.loc	4 48 13 is_stmt 0               @ ../Source/FMCUser.c:48:13
	str	r0, [sp, #8]
	.loc	4 48 6                          @ ../Source/FMCUser.c:48:6
	b	.LBB1_1
.LBB1_1:                                @ =>This Inner Loop Header: Depth=1
.Ltmp12:
	.loc	4 48 22                         @ ../Source/FMCUser.c:48:22
	ldr	r0, [sp, #8]
	.loc	4 48 32                         @ ../Source/FMCUser.c:48:32
	ldr	r1, [sp, #16]
	.loc	4 48 41                         @ ../Source/FMCUser.c:48:41
	ldr	r2, [sp, #12]
	.loc	4 48 39                         @ ../Source/FMCUser.c:48:39
	adds	r1, r1, r2
.Ltmp13:
	.loc	4 48 2                          @ ../Source/FMCUser.c:48:2
	cmp	r0, r1
	bhs	.LBB1_10
	b	.LBB1_2
.LBB1_2:                                @   in Loop: Header=BB1_1 Depth=1
.Ltmp14:
	.loc	4 50 22 is_stmt 1               @ ../Source/FMCUser.c:50:22
	ldr	r0, [sp, #8]
	.loc	4 50 13 is_stmt 0               @ ../Source/FMCUser.c:50:13
	bl	FMC_Read
	.loc	4 50 11                         @ ../Source/FMCUser.c:50:11
	str	r0, [sp, #4]
	add	r0, sp, #4
	.loc	4 51 29 is_stmt 1               @ ../Source/FMCUser.c:51:29
	ldrb	r0, [r0, #3]
	.loc	4 51 3 is_stmt 0                @ ../Source/FMCUser.c:51:3
	ldr	r1, [sp, #20]
	.loc	4 51 10                         @ ../Source/FMCUser.c:51:10
	ldr	r2, [sp, #8]
	.loc	4 51 17                         @ ../Source/FMCUser.c:51:17
	ldr	r3, [sp, #16]
	.loc	4 51 16                         @ ../Source/FMCUser.c:51:16
	subs	r2, r2, r3
	.loc	4 51 25                         @ ../Source/FMCUser.c:51:25
	strb	r0, [r1, r2]
.Ltmp15:
	.loc	4 52 7 is_stmt 1                @ ../Source/FMCUser.c:52:7
	ldr	r0, [sp, #8]
	.loc	4 52 14 is_stmt 0               @ ../Source/FMCUser.c:52:14
	ldr	r1, [sp, #16]
	.loc	4 52 13                         @ ../Source/FMCUser.c:52:13
	subs	r0, r0, r1
	.loc	4 52 20                         @ ../Source/FMCUser.c:52:20
	adds	r0, r0, #1
	.loc	4 52 26                         @ ../Source/FMCUser.c:52:26
	ldr	r1, [sp, #12]
.Ltmp16:
	.loc	4 52 6                          @ ../Source/FMCUser.c:52:6
	cmp	r0, r1
	bhs	.LBB1_4
	b	.LBB1_3
.LBB1_3:                                @   in Loop: Header=BB1_1 Depth=1
	.loc	4 0 6                           @ ../Source/FMCUser.c:0:6
	add	r0, sp, #4
.Ltmp17:
	.loc	4 53 31 is_stmt 1               @ ../Source/FMCUser.c:53:31
	ldrh	r0, [r0, #2]
	.loc	4 53 4 is_stmt 0                @ ../Source/FMCUser.c:53:4
	ldr	r2, [sp, #20]
	.loc	4 53 11                         @ ../Source/FMCUser.c:53:11
	ldr	r1, [sp, #8]
	.loc	4 53 18                         @ ../Source/FMCUser.c:53:18
	ldr	r3, [sp, #16]
	.loc	4 53 17                         @ ../Source/FMCUser.c:53:17
	subs	r1, r1, r3
	.loc	4 53 24                         @ ../Source/FMCUser.c:53:24
	adds	r1, r1, r2
	.loc	4 53 28                         @ ../Source/FMCUser.c:53:28
	strb	r0, [r1, #1]
	.loc	4 53 4                          @ ../Source/FMCUser.c:53:4
	b	.LBB1_4
.Ltmp18:
.LBB1_4:                                @   in Loop: Header=BB1_1 Depth=1
	.loc	4 56 7 is_stmt 1                @ ../Source/FMCUser.c:56:7
	ldr	r0, [sp, #8]
	.loc	4 56 14 is_stmt 0               @ ../Source/FMCUser.c:56:14
	ldr	r1, [sp, #16]
	.loc	4 56 13                         @ ../Source/FMCUser.c:56:13
	subs	r0, r0, r1
	.loc	4 56 20                         @ ../Source/FMCUser.c:56:20
	adds	r0, r0, #2
	.loc	4 56 26                         @ ../Source/FMCUser.c:56:26
	ldr	r1, [sp, #12]
.Ltmp19:
	.loc	4 56 6                          @ ../Source/FMCUser.c:56:6
	cmp	r0, r1
	bhs	.LBB1_6
	b	.LBB1_5
.LBB1_5:                                @   in Loop: Header=BB1_1 Depth=1
.Ltmp20:
	.loc	4 57 31 is_stmt 1               @ ../Source/FMCUser.c:57:31
	ldr	r0, [sp, #4]
	.loc	4 57 53 is_stmt 0               @ ../Source/FMCUser.c:57:53
	lsrs	r0, r0, #8
	.loc	4 57 4                          @ ../Source/FMCUser.c:57:4
	ldr	r2, [sp, #20]
	.loc	4 57 11                         @ ../Source/FMCUser.c:57:11
	ldr	r1, [sp, #8]
	.loc	4 57 18                         @ ../Source/FMCUser.c:57:18
	ldr	r3, [sp, #16]
	.loc	4 57 17                         @ ../Source/FMCUser.c:57:17
	subs	r1, r1, r3
	.loc	4 57 24                         @ ../Source/FMCUser.c:57:24
	adds	r1, r1, r2
	.loc	4 57 28                         @ ../Source/FMCUser.c:57:28
	strb	r0, [r1, #2]
	.loc	4 57 4                          @ ../Source/FMCUser.c:57:4
	b	.LBB1_6
.Ltmp21:
.LBB1_6:                                @   in Loop: Header=BB1_1 Depth=1
	.loc	4 60 7 is_stmt 1                @ ../Source/FMCUser.c:60:7
	ldr	r0, [sp, #8]
	.loc	4 60 14 is_stmt 0               @ ../Source/FMCUser.c:60:14
	ldr	r1, [sp, #16]
	.loc	4 60 13                         @ ../Source/FMCUser.c:60:13
	subs	r0, r0, r1
	.loc	4 60 20                         @ ../Source/FMCUser.c:60:20
	adds	r0, r0, #3
	.loc	4 60 26                         @ ../Source/FMCUser.c:60:26
	ldr	r1, [sp, #12]
.Ltmp22:
	.loc	4 60 6                          @ ../Source/FMCUser.c:60:6
	cmp	r0, r1
	bhs	.LBB1_8
	b	.LBB1_7
.LBB1_7:                                @   in Loop: Header=BB1_1 Depth=1
.Ltmp23:
	.loc	4 61 31 is_stmt 1               @ ../Source/FMCUser.c:61:31
	ldr	r0, [sp, #4]
	.loc	4 61 4 is_stmt 0                @ ../Source/FMCUser.c:61:4
	ldr	r2, [sp, #20]
	.loc	4 61 11                         @ ../Source/FMCUser.c:61:11
	ldr	r1, [sp, #8]
	.loc	4 61 18                         @ ../Source/FMCUser.c:61:18
	ldr	r3, [sp, #16]
	.loc	4 61 17                         @ ../Source/FMCUser.c:61:17
	subs	r1, r1, r3
	.loc	4 61 24                         @ ../Source/FMCUser.c:61:24
	adds	r1, r1, r2
	.loc	4 61 28                         @ ../Source/FMCUser.c:61:28
	strb	r0, [r1, #3]
	.loc	4 61 4                          @ ../Source/FMCUser.c:61:4
	b	.LBB1_8
.Ltmp24:
.LBB1_8:                                @   in Loop: Header=BB1_1 Depth=1
	.loc	4 63 2 is_stmt 1                @ ../Source/FMCUser.c:63:2
	b	.LBB1_9
.Ltmp25:
.LBB1_9:                                @   in Loop: Header=BB1_1 Depth=1
	.loc	4 48 54                         @ ../Source/FMCUser.c:48:54
	ldr	r0, [sp, #8]
	adds	r0, r0, #4
	str	r0, [sp, #8]
	.loc	4 48 2 is_stmt 0                @ ../Source/FMCUser.c:48:2
	b	.LBB1_1
.Ltmp26:
.LBB1_10:
	.loc	4 65 1 is_stmt 1                @ ../Source/FMCUser.c:65:1
	add	sp, #24
	pop	{r7, pc}
.Ltmp27:
.Lfunc_end1:
	.size	ReadFMCDataBuffer, .Lfunc_end1-ReadFMCDataBuffer
	.cfi_endproc
	.cantunwind
	.fnend
                                        @ -- End function
	.section	.text.EraseFMCData,"ax",%progbits
	.hidden	EraseFMCData                    @ -- Begin function EraseFMCData
	.globl	EraseFMCData
	.p2align	1
	.type	EraseFMCData,%function
	.code	16                              @ @EraseFMCData
	.thumb_func
EraseFMCData:
.Lfunc_begin2:
	.loc	4 68 0                          @ ../Source/FMCUser.c:68:0
	.fnstart
	.cfi_startproc
@ %bb.0:
	.save	{r7, lr}
	push	{r7, lr}
	.cfi_def_cfa_offset 8
	.cfi_offset lr, -4
	.cfi_offset r7, -8
	.pad	#16
	sub	sp, #16
	.cfi_def_cfa_offset 24
	str	r0, [sp, #12]
	str	r1, [sp, #8]
.Ltmp28:
	.loc	4 71 15 prologue_end            @ ../Source/FMCUser.c:71:15
	ldr	r0, [sp, #12]
	.loc	4 71 13 is_stmt 0               @ ../Source/FMCUser.c:71:13
	str	r0, [sp, #4]
	.loc	4 71 6                          @ ../Source/FMCUser.c:71:6
	b	.LBB2_1
.LBB2_1:                                @ =>This Inner Loop Header: Depth=1
.Ltmp29:
	.loc	4 71 23                         @ ../Source/FMCUser.c:71:23
	ldr	r0, [sp, #4]
	.loc	4 71 33                         @ ../Source/FMCUser.c:71:33
	ldr	r1, [sp, #12]
	.loc	4 71 40                         @ ../Source/FMCUser.c:71:40
	ldr	r2, [sp, #8]
	.loc	4 71 39                         @ ../Source/FMCUser.c:71:39
	adds	r1, r1, r2
.Ltmp30:
	.loc	4 71 2                          @ ../Source/FMCUser.c:71:2
	cmp	r0, r1
	bhs	.LBB2_6
	b	.LBB2_2
.LBB2_2:                                @   in Loop: Header=BB2_1 Depth=1
.Ltmp31:
	.loc	4 73 16 is_stmt 1               @ ../Source/FMCUser.c:73:16
	ldr	r0, [sp, #4]
	.loc	4 73 6 is_stmt 0                @ ../Source/FMCUser.c:73:6
	bl	FMC_Erase
.Ltmp32:
	.loc	4 73 6                          @ ../Source/FMCUser.c:73:6
	cmp	r0, #0
	bpl	.LBB2_4
	b	.LBB2_3
.LBB2_3:
	.loc	4 0 6                           @ ../Source/FMCUser.c:0:6
	movs	r0, #10
.Ltmp33:
	.loc	4 75 4 is_stmt 1                @ ../Source/FMCUser.c:75:4
	bl	Delay
	.loc	4 76 4                          @ ../Source/FMCUser.c:76:4
	b	.LBB2_12
.Ltmp34:
.LBB2_4:                                @   in Loop: Header=BB2_1 Depth=1
	.loc	4 78 2                          @ ../Source/FMCUser.c:78:2
	b	.LBB2_5
.Ltmp35:
.LBB2_5:                                @   in Loop: Header=BB2_1 Depth=1
	.loc	4 71 52                         @ ../Source/FMCUser.c:71:52
	ldr	r0, [sp, #4]
	movs	r1, #1
	lsls	r1, r1, #9
	adds	r0, r0, r1
	str	r0, [sp, #4]
	.loc	4 71 2 is_stmt 0                @ ../Source/FMCUser.c:71:2
	b	.LBB2_1
.Ltmp36:
.LBB2_6:
	.loc	4 79 15 is_stmt 1               @ ../Source/FMCUser.c:79:15
	ldr	r0, [sp, #12]
	.loc	4 79 13 is_stmt 0               @ ../Source/FMCUser.c:79:13
	str	r0, [sp, #4]
	.loc	4 79 6                          @ ../Source/FMCUser.c:79:6
	b	.LBB2_7
.LBB2_7:                                @ =>This Inner Loop Header: Depth=1
.Ltmp37:
	.loc	4 79 23                         @ ../Source/FMCUser.c:79:23
	ldr	r0, [sp, #4]
	.loc	4 79 33                         @ ../Source/FMCUser.c:79:33
	ldr	r1, [sp, #12]
	.loc	4 79 40                         @ ../Source/FMCUser.c:79:40
	ldr	r2, [sp, #8]
	.loc	4 79 39                         @ ../Source/FMCUser.c:79:39
	adds	r1, r1, r2
.Ltmp38:
	.loc	4 79 2                          @ ../Source/FMCUser.c:79:2
	cmp	r0, r1
	bhs	.LBB2_12
	b	.LBB2_8
.LBB2_8:                                @   in Loop: Header=BB2_7 Depth=1
.Ltmp39:
	.loc	4 81 22 is_stmt 1               @ ../Source/FMCUser.c:81:22
	ldr	r0, [sp, #4]
	.loc	4 81 13 is_stmt 0               @ ../Source/FMCUser.c:81:13
	bl	FMC_Read
	.loc	4 81 11                         @ ../Source/FMCUser.c:81:11
	str	r0, [sp]
.Ltmp40:
	.loc	4 82 6 is_stmt 1                @ ../Source/FMCUser.c:82:6
	ldr	r0, [sp]
.Ltmp41:
	.loc	4 82 6 is_stmt 0                @ ../Source/FMCUser.c:82:6
	adds	r0, r0, #1
	cmp	r0, #0
	beq	.LBB2_10
	b	.LBB2_9
.LBB2_9:
	.loc	4 0 6                           @ ../Source/FMCUser.c:0:6
	movs	r0, #10
.Ltmp42:
	.loc	4 84 4 is_stmt 1                @ ../Source/FMCUser.c:84:4
	bl	Delay
	.loc	4 85 4                          @ ../Source/FMCUser.c:85:4
	b	.LBB2_12
.Ltmp43:
.LBB2_10:                               @   in Loop: Header=BB2_7 Depth=1
	.loc	4 87 2                          @ ../Source/FMCUser.c:87:2
	b	.LBB2_11
.Ltmp44:
.LBB2_11:                               @   in Loop: Header=BB2_7 Depth=1
	.loc	4 79 52                         @ ../Source/FMCUser.c:79:52
	ldr	r0, [sp, #4]
	adds	r0, r0, #4
	str	r0, [sp, #4]
	.loc	4 79 2 is_stmt 0                @ ../Source/FMCUser.c:79:2
	b	.LBB2_7
.Ltmp45:
.LBB2_12:
	.loc	4 89 1 is_stmt 1                @ ../Source/FMCUser.c:89:1
	add	sp, #16
	pop	{r7, pc}
.Ltmp46:
.Lfunc_end2:
	.size	EraseFMCData, .Lfunc_end2-EraseFMCData
	.cfi_endproc
	.cantunwind
	.fnend
                                        @ -- End function
	.section	.text.WriteFMCData,"ax",%progbits
	.hidden	WriteFMCData                    @ -- Begin function WriteFMCData
	.globl	WriteFMCData
	.p2align	1
	.type	WriteFMCData,%function
	.code	16                              @ @WriteFMCData
	.thumb_func
WriteFMCData:
.Lfunc_begin3:
	.loc	4 92 0                          @ ../Source/FMCUser.c:92:0
	.fnstart
	.cfi_startproc
@ %bb.0:
	.save	{r7, lr}
	push	{r7, lr}
	.cfi_def_cfa_offset 8
	.cfi_offset lr, -4
	.cfi_offset r7, -8
	.pad	#24
	sub	sp, #24
	.cfi_def_cfa_offset 32
	str	r0, [sp, #20]
	str	r1, [sp, #16]
	str	r2, [sp, #12]
.Ltmp47:
	.loc	4 95 15 prologue_end            @ ../Source/FMCUser.c:95:15
	ldr	r0, [sp, #16]
	.loc	4 95 13 is_stmt 0               @ ../Source/FMCUser.c:95:13
	str	r0, [sp, #8]
	.loc	4 95 6                          @ ../Source/FMCUser.c:95:6
	b	.LBB3_1
.LBB3_1:                                @ =>This Inner Loop Header: Depth=1
.Ltmp48:
	.loc	4 95 22                         @ ../Source/FMCUser.c:95:22
	ldr	r0, [sp, #8]
	.loc	4 95 32                         @ ../Source/FMCUser.c:95:32
	ldr	r1, [sp, #16]
	.loc	4 95 41                         @ ../Source/FMCUser.c:95:41
	ldr	r2, [sp, #12]
	.loc	4 95 39                         @ ../Source/FMCUser.c:95:39
	adds	r1, r1, r2
.Ltmp49:
	.loc	4 95 2                          @ ../Source/FMCUser.c:95:2
	cmp	r0, r1
	bhs	.LBB3_10
	b	.LBB3_2
.LBB3_2:                                @   in Loop: Header=BB3_1 Depth=1
.Ltmp50:
	.loc	4 97 13 is_stmt 1               @ ../Source/FMCUser.c:97:13
	ldr	r0, [sp, #20]
	.loc	4 97 22 is_stmt 0               @ ../Source/FMCUser.c:97:22
	ldr	r1, [sp, #8]
	.loc	4 97 31                         @ ../Source/FMCUser.c:97:31
	ldr	r2, [sp, #16]
	.loc	4 97 29                         @ ../Source/FMCUser.c:97:29
	subs	r1, r1, r2
	.loc	4 97 13                         @ ../Source/FMCUser.c:97:13
	ldrb	r0, [r0, r1]
	.loc	4 97 39                         @ ../Source/FMCUser.c:97:39
	lsls	r0, r0, #24
	.loc	4 97 11                         @ ../Source/FMCUser.c:97:11
	str	r0, [sp, #4]
.Ltmp51:
	.loc	4 98 7 is_stmt 1                @ ../Source/FMCUser.c:98:7
	ldr	r0, [sp, #8]
	.loc	4 98 16 is_stmt 0               @ ../Source/FMCUser.c:98:16
	ldr	r1, [sp, #16]
	.loc	4 98 14                         @ ../Source/FMCUser.c:98:14
	subs	r0, r0, r1
	.loc	4 98 22                         @ ../Source/FMCUser.c:98:22
	adds	r0, r0, #1
	.loc	4 98 27                         @ ../Source/FMCUser.c:98:27
	ldr	r1, [sp, #12]
.Ltmp52:
	.loc	4 98 6                          @ ../Source/FMCUser.c:98:6
	cmp	r0, r1
	bhs	.LBB3_4
	b	.LBB3_3
.LBB3_3:                                @   in Loop: Header=BB3_1 Depth=1
.Ltmp53:
	.loc	4 99 14 is_stmt 1               @ ../Source/FMCUser.c:99:14
	ldr	r1, [sp, #20]
	.loc	4 99 23 is_stmt 0               @ ../Source/FMCUser.c:99:23
	ldr	r0, [sp, #8]
	.loc	4 99 30                         @ ../Source/FMCUser.c:99:30
	ldr	r2, [sp, #16]
	.loc	4 99 29                         @ ../Source/FMCUser.c:99:29
	subs	r0, r0, r2
	.loc	4 99 36                         @ ../Source/FMCUser.c:99:36
	adds	r0, r0, r1
	.loc	4 99 14                         @ ../Source/FMCUser.c:99:14
	ldrb	r0, [r0, #1]
	.loc	4 99 40                         @ ../Source/FMCUser.c:99:40
	lsls	r1, r0, #16
	.loc	4 99 11                         @ ../Source/FMCUser.c:99:11
	ldr	r0, [sp, #4]
	orrs	r0, r1
	str	r0, [sp, #4]
	.loc	4 99 4                          @ ../Source/FMCUser.c:99:4
	b	.LBB3_4
.Ltmp54:
.LBB3_4:                                @   in Loop: Header=BB3_1 Depth=1
	.loc	4 100 7 is_stmt 1               @ ../Source/FMCUser.c:100:7
	ldr	r0, [sp, #8]
	.loc	4 100 16 is_stmt 0              @ ../Source/FMCUser.c:100:16
	ldr	r1, [sp, #16]
	.loc	4 100 14                        @ ../Source/FMCUser.c:100:14
	subs	r0, r0, r1
	.loc	4 100 22                        @ ../Source/FMCUser.c:100:22
	adds	r0, r0, #2
	.loc	4 100 27                        @ ../Source/FMCUser.c:100:27
	ldr	r1, [sp, #12]
.Ltmp55:
	.loc	4 100 6                         @ ../Source/FMCUser.c:100:6
	cmp	r0, r1
	bhs	.LBB3_6
	b	.LBB3_5
.LBB3_5:                                @   in Loop: Header=BB3_1 Depth=1
.Ltmp56:
	.loc	4 101 14 is_stmt 1              @ ../Source/FMCUser.c:101:14
	ldr	r1, [sp, #20]
	.loc	4 101 23 is_stmt 0              @ ../Source/FMCUser.c:101:23
	ldr	r0, [sp, #8]
	.loc	4 101 30                        @ ../Source/FMCUser.c:101:30
	ldr	r2, [sp, #16]
	.loc	4 101 29                        @ ../Source/FMCUser.c:101:29
	subs	r0, r0, r2
	.loc	4 101 36                        @ ../Source/FMCUser.c:101:36
	adds	r0, r0, r1
	.loc	4 101 14                        @ ../Source/FMCUser.c:101:14
	ldrb	r0, [r0, #2]
	.loc	4 101 40                        @ ../Source/FMCUser.c:101:40
	lsls	r1, r0, #8
	.loc	4 101 11                        @ ../Source/FMCUser.c:101:11
	ldr	r0, [sp, #4]
	orrs	r0, r1
	str	r0, [sp, #4]
	.loc	4 101 4                         @ ../Source/FMCUser.c:101:4
	b	.LBB3_6
.Ltmp57:
.LBB3_6:                                @   in Loop: Header=BB3_1 Depth=1
	.loc	4 102 7 is_stmt 1               @ ../Source/FMCUser.c:102:7
	ldr	r0, [sp, #8]
	.loc	4 102 16 is_stmt 0              @ ../Source/FMCUser.c:102:16
	ldr	r1, [sp, #16]
	.loc	4 102 14                        @ ../Source/FMCUser.c:102:14
	subs	r0, r0, r1
	.loc	4 102 22                        @ ../Source/FMCUser.c:102:22
	adds	r0, r0, #3
	.loc	4 102 27                        @ ../Source/FMCUser.c:102:27
	ldr	r1, [sp, #12]
.Ltmp58:
	.loc	4 102 6                         @ ../Source/FMCUser.c:102:6
	cmp	r0, r1
	bhs	.LBB3_8
	b	.LBB3_7
.LBB3_7:                                @   in Loop: Header=BB3_1 Depth=1
.Ltmp59:
	.loc	4 103 14 is_stmt 1              @ ../Source/FMCUser.c:103:14
	ldr	r1, [sp, #20]
	.loc	4 103 23 is_stmt 0              @ ../Source/FMCUser.c:103:23
	ldr	r0, [sp, #8]
	.loc	4 103 30                        @ ../Source/FMCUser.c:103:30
	ldr	r2, [sp, #16]
	.loc	4 103 29                        @ ../Source/FMCUser.c:103:29
	subs	r0, r0, r2
	.loc	4 103 36                        @ ../Source/FMCUser.c:103:36
	adds	r0, r0, r1
	.loc	4 103 14                        @ ../Source/FMCUser.c:103:14
	ldrb	r1, [r0, #3]
	.loc	4 103 11                        @ ../Source/FMCUser.c:103:11
	ldr	r0, [sp, #4]
	orrs	r0, r1
	str	r0, [sp, #4]
	.loc	4 103 4                         @ ../Source/FMCUser.c:103:4
	b	.LBB3_8
.Ltmp60:
.LBB3_8:                                @   in Loop: Header=BB3_1 Depth=1
	.loc	4 105 13 is_stmt 1              @ ../Source/FMCUser.c:105:13
	ldr	r0, [sp, #8]
	.loc	4 105 21 is_stmt 0              @ ../Source/FMCUser.c:105:21
	ldr	r1, [sp, #4]
	.loc	4 105 3                         @ ../Source/FMCUser.c:105:3
	bl	FMC_Write
	.loc	4 106 2 is_stmt 1               @ ../Source/FMCUser.c:106:2
	b	.LBB3_9
.Ltmp61:
.LBB3_9:                                @   in Loop: Header=BB3_1 Depth=1
	.loc	4 95 54                         @ ../Source/FMCUser.c:95:54
	ldr	r0, [sp, #8]
	adds	r0, r0, #4
	str	r0, [sp, #8]
	.loc	4 95 2 is_stmt 0                @ ../Source/FMCUser.c:95:2
	b	.LBB3_1
.Ltmp62:
.LBB3_10:
	.loc	4 107 1 is_stmt 1               @ ../Source/FMCUser.c:107:1
	add	sp, #24
	pop	{r7, pc}
.Ltmp63:
.Lfunc_end3:
	.size	WriteFMCData, .Lfunc_end3-WriteFMCData
	.cfi_endproc
	.cantunwind
	.fnend
                                        @ -- End function
	.section	.debug_abbrev,"",%progbits
	.byte	1                               @ Abbreviation Code
	.byte	17                              @ DW_TAG_compile_unit
	.byte	1                               @ DW_CHILDREN_yes
	.byte	37                              @ DW_AT_producer
	.byte	14                              @ DW_FORM_strp
	.byte	19                              @ DW_AT_language
	.byte	5                               @ DW_FORM_data2
	.byte	3                               @ DW_AT_name
	.byte	14                              @ DW_FORM_strp
	.byte	16                              @ DW_AT_stmt_list
	.byte	23                              @ DW_FORM_sec_offset
	.byte	27                              @ DW_AT_comp_dir
	.byte	14                              @ DW_FORM_strp
	.byte	17                              @ DW_AT_low_pc
	.byte	1                               @ DW_FORM_addr
	.byte	85                              @ DW_AT_ranges
	.byte	23                              @ DW_FORM_sec_offset
	.byte	0                               @ EOM(1)
	.byte	0                               @ EOM(2)
	.byte	2                               @ Abbreviation Code
	.byte	15                              @ DW_TAG_pointer_type
	.byte	0                               @ DW_CHILDREN_no
	.byte	73                              @ DW_AT_type
	.byte	19                              @ DW_FORM_ref4
	.byte	0                               @ EOM(1)
	.byte	0                               @ EOM(2)
	.byte	3                               @ Abbreviation Code
	.byte	22                              @ DW_TAG_typedef
	.byte	0                               @ DW_CHILDREN_no
	.byte	73                              @ DW_AT_type
	.byte	19                              @ DW_FORM_ref4
	.byte	3                               @ DW_AT_name
	.byte	14                              @ DW_FORM_strp
	.byte	58                              @ DW_AT_decl_file
	.byte	11                              @ DW_FORM_data1
	.byte	59                              @ DW_AT_decl_line
	.byte	11                              @ DW_FORM_data1
	.byte	0                               @ EOM(1)
	.byte	0                               @ EOM(2)
	.byte	4                               @ Abbreviation Code
	.byte	19                              @ DW_TAG_structure_type
	.byte	1                               @ DW_CHILDREN_yes
	.byte	11                              @ DW_AT_byte_size
	.byte	5                               @ DW_FORM_data2
	.byte	58                              @ DW_AT_decl_file
	.byte	11                              @ DW_FORM_data1
	.byte	59                              @ DW_AT_decl_line
	.byte	11                              @ DW_FORM_data1
	.byte	0                               @ EOM(1)
	.byte	0                               @ EOM(2)
	.byte	5                               @ Abbreviation Code
	.byte	13                              @ DW_TAG_member
	.byte	0                               @ DW_CHILDREN_no
	.byte	3                               @ DW_AT_name
	.byte	14                              @ DW_FORM_strp
	.byte	73                              @ DW_AT_type
	.byte	19                              @ DW_FORM_ref4
	.byte	58                              @ DW_AT_decl_file
	.byte	11                              @ DW_FORM_data1
	.byte	59                              @ DW_AT_decl_line
	.byte	11                              @ DW_FORM_data1
	.byte	56                              @ DW_AT_data_member_location
	.byte	11                              @ DW_FORM_data1
	.byte	0                               @ EOM(1)
	.byte	0                               @ EOM(2)
	.byte	6                               @ Abbreviation Code
	.byte	13                              @ DW_TAG_member
	.byte	0                               @ DW_CHILDREN_no
	.byte	3                               @ DW_AT_name
	.byte	14                              @ DW_FORM_strp
	.byte	73                              @ DW_AT_type
	.byte	19                              @ DW_FORM_ref4
	.byte	58                              @ DW_AT_decl_file
	.byte	11                              @ DW_FORM_data1
	.byte	59                              @ DW_AT_decl_line
	.byte	11                              @ DW_FORM_data1
	.byte	56                              @ DW_AT_data_member_location
	.byte	5                               @ DW_FORM_data2
	.byte	0                               @ EOM(1)
	.byte	0                               @ EOM(2)
	.byte	7                               @ Abbreviation Code
	.byte	53                              @ DW_TAG_volatile_type
	.byte	0                               @ DW_CHILDREN_no
	.byte	73                              @ DW_AT_type
	.byte	19                              @ DW_FORM_ref4
	.byte	0                               @ EOM(1)
	.byte	0                               @ EOM(2)
	.byte	8                               @ Abbreviation Code
	.byte	36                              @ DW_TAG_base_type
	.byte	0                               @ DW_CHILDREN_no
	.byte	3                               @ DW_AT_name
	.byte	14                              @ DW_FORM_strp
	.byte	62                              @ DW_AT_encoding
	.byte	11                              @ DW_FORM_data1
	.byte	11                              @ DW_AT_byte_size
	.byte	11                              @ DW_FORM_data1
	.byte	0                               @ EOM(1)
	.byte	0                               @ EOM(2)
	.byte	9                               @ Abbreviation Code
	.byte	38                              @ DW_TAG_const_type
	.byte	0                               @ DW_CHILDREN_no
	.byte	73                              @ DW_AT_type
	.byte	19                              @ DW_FORM_ref4
	.byte	0                               @ EOM(1)
	.byte	0                               @ EOM(2)
	.byte	10                              @ Abbreviation Code
	.byte	1                               @ DW_TAG_array_type
	.byte	1                               @ DW_CHILDREN_yes
	.byte	73                              @ DW_AT_type
	.byte	19                              @ DW_FORM_ref4
	.byte	0                               @ EOM(1)
	.byte	0                               @ EOM(2)
	.byte	11                              @ Abbreviation Code
	.byte	33                              @ DW_TAG_subrange_type
	.byte	0                               @ DW_CHILDREN_no
	.byte	73                              @ DW_AT_type
	.byte	19                              @ DW_FORM_ref4
	.byte	55                              @ DW_AT_count
	.byte	11                              @ DW_FORM_data1
	.byte	0                               @ EOM(1)
	.byte	0                               @ EOM(2)
	.byte	12                              @ Abbreviation Code
	.byte	36                              @ DW_TAG_base_type
	.byte	0                               @ DW_CHILDREN_no
	.byte	3                               @ DW_AT_name
	.byte	14                              @ DW_FORM_strp
	.byte	11                              @ DW_AT_byte_size
	.byte	11                              @ DW_FORM_data1
	.byte	62                              @ DW_AT_encoding
	.byte	11                              @ DW_FORM_data1
	.byte	0                               @ EOM(1)
	.byte	0                               @ EOM(2)
	.byte	13                              @ Abbreviation Code
	.byte	33                              @ DW_TAG_subrange_type
	.byte	0                               @ DW_CHILDREN_no
	.byte	73                              @ DW_AT_type
	.byte	19                              @ DW_FORM_ref4
	.byte	55                              @ DW_AT_count
	.byte	5                               @ DW_FORM_data2
	.byte	0                               @ EOM(1)
	.byte	0                               @ EOM(2)
	.byte	14                              @ Abbreviation Code
	.byte	22                              @ DW_TAG_typedef
	.byte	0                               @ DW_CHILDREN_no
	.byte	73                              @ DW_AT_type
	.byte	19                              @ DW_FORM_ref4
	.byte	3                               @ DW_AT_name
	.byte	14                              @ DW_FORM_strp
	.byte	58                              @ DW_AT_decl_file
	.byte	11                              @ DW_FORM_data1
	.byte	59                              @ DW_AT_decl_line
	.byte	5                               @ DW_FORM_data2
	.byte	0                               @ EOM(1)
	.byte	0                               @ EOM(2)
	.byte	15                              @ Abbreviation Code
	.byte	13                              @ DW_TAG_member
	.byte	0                               @ DW_CHILDREN_no
	.byte	3                               @ DW_AT_name
	.byte	14                              @ DW_FORM_strp
	.byte	73                              @ DW_AT_type
	.byte	19                              @ DW_FORM_ref4
	.byte	58                              @ DW_AT_decl_file
	.byte	11                              @ DW_FORM_data1
	.byte	59                              @ DW_AT_decl_line
	.byte	5                               @ DW_FORM_data2
	.byte	56                              @ DW_AT_data_member_location
	.byte	11                              @ DW_FORM_data1
	.byte	0                               @ EOM(1)
	.byte	0                               @ EOM(2)
	.byte	16                              @ Abbreviation Code
	.byte	13                              @ DW_TAG_member
	.byte	0                               @ DW_CHILDREN_no
	.byte	3                               @ DW_AT_name
	.byte	14                              @ DW_FORM_strp
	.byte	73                              @ DW_AT_type
	.byte	19                              @ DW_FORM_ref4
	.byte	58                              @ DW_AT_decl_file
	.byte	11                              @ DW_FORM_data1
	.byte	59                              @ DW_AT_decl_line
	.byte	5                               @ DW_FORM_data2
	.byte	56                              @ DW_AT_data_member_location
	.byte	5                               @ DW_FORM_data2
	.byte	0                               @ EOM(1)
	.byte	0                               @ EOM(2)
	.byte	17                              @ Abbreviation Code
	.byte	46                              @ DW_TAG_subprogram
	.byte	1                               @ DW_CHILDREN_yes
	.byte	17                              @ DW_AT_low_pc
	.byte	1                               @ DW_FORM_addr
	.byte	18                              @ DW_AT_high_pc
	.byte	6                               @ DW_FORM_data4
	.byte	64                              @ DW_AT_frame_base
	.byte	24                              @ DW_FORM_exprloc
	.byte	3                               @ DW_AT_name
	.byte	14                              @ DW_FORM_strp
	.byte	58                              @ DW_AT_decl_file
	.byte	11                              @ DW_FORM_data1
	.byte	59                              @ DW_AT_decl_line
	.byte	11                              @ DW_FORM_data1
	.byte	39                              @ DW_AT_prototyped
	.byte	25                              @ DW_FORM_flag_present
	.byte	73                              @ DW_AT_type
	.byte	19                              @ DW_FORM_ref4
	.byte	63                              @ DW_AT_external
	.byte	25                              @ DW_FORM_flag_present
	.byte	0                               @ EOM(1)
	.byte	0                               @ EOM(2)
	.byte	18                              @ Abbreviation Code
	.byte	52                              @ DW_TAG_variable
	.byte	0                               @ DW_CHILDREN_no
	.byte	2                               @ DW_AT_location
	.byte	24                              @ DW_FORM_exprloc
	.byte	3                               @ DW_AT_name
	.byte	14                              @ DW_FORM_strp
	.byte	58                              @ DW_AT_decl_file
	.byte	11                              @ DW_FORM_data1
	.byte	59                              @ DW_AT_decl_line
	.byte	11                              @ DW_FORM_data1
	.byte	73                              @ DW_AT_type
	.byte	19                              @ DW_FORM_ref4
	.byte	0                               @ EOM(1)
	.byte	0                               @ EOM(2)
	.byte	19                              @ Abbreviation Code
	.byte	46                              @ DW_TAG_subprogram
	.byte	1                               @ DW_CHILDREN_yes
	.byte	17                              @ DW_AT_low_pc
	.byte	1                               @ DW_FORM_addr
	.byte	18                              @ DW_AT_high_pc
	.byte	6                               @ DW_FORM_data4
	.byte	64                              @ DW_AT_frame_base
	.byte	24                              @ DW_FORM_exprloc
	.byte	3                               @ DW_AT_name
	.byte	14                              @ DW_FORM_strp
	.byte	58                              @ DW_AT_decl_file
	.byte	11                              @ DW_FORM_data1
	.byte	59                              @ DW_AT_decl_line
	.byte	11                              @ DW_FORM_data1
	.byte	39                              @ DW_AT_prototyped
	.byte	25                              @ DW_FORM_flag_present
	.byte	63                              @ DW_AT_external
	.byte	25                              @ DW_FORM_flag_present
	.byte	0                               @ EOM(1)
	.byte	0                               @ EOM(2)
	.byte	20                              @ Abbreviation Code
	.byte	5                               @ DW_TAG_formal_parameter
	.byte	0                               @ DW_CHILDREN_no
	.byte	2                               @ DW_AT_location
	.byte	24                              @ DW_FORM_exprloc
	.byte	3                               @ DW_AT_name
	.byte	14                              @ DW_FORM_strp
	.byte	58                              @ DW_AT_decl_file
	.byte	11                              @ DW_FORM_data1
	.byte	59                              @ DW_AT_decl_line
	.byte	11                              @ DW_FORM_data1
	.byte	73                              @ DW_AT_type
	.byte	19                              @ DW_FORM_ref4
	.byte	0                               @ EOM(1)
	.byte	0                               @ EOM(2)
	.byte	0                               @ EOM(3)
	.section	.debug_info,"",%progbits
.Lcu_begin0:
	.long	.Ldebug_info_end0-.Ldebug_info_start0 @ Length of Unit
.Ldebug_info_start0:
	.short	4                               @ DWARF version number
	.long	.debug_abbrev                   @ Offset Into Abbrev. Section
	.byte	4                               @ Address Size (in bytes)
	.byte	1                               @ Abbrev [1] 0xb:0x670 DW_TAG_compile_unit
	.long	.Linfo_string0                  @ DW_AT_producer
	.short	12                              @ DW_AT_language
	.long	.Linfo_string1                  @ DW_AT_name
	.long	.Lline_table_start0             @ DW_AT_stmt_list
	.long	.Linfo_string2                  @ DW_AT_comp_dir
	.long	0                               @ DW_AT_low_pc
	.long	.Ldebug_ranges0                 @ DW_AT_ranges
	.byte	2                               @ Abbrev [2] 0x26:0x5 DW_TAG_pointer_type
	.long	43                              @ DW_AT_type
	.byte	3                               @ Abbrev [3] 0x2b:0xb DW_TAG_typedef
	.long	54                              @ DW_AT_type
	.long	.Linfo_string26                 @ DW_AT_name
	.byte	2                               @ DW_AT_decl_file
	.byte	200                             @ DW_AT_decl_line
	.byte	4                               @ Abbrev [4] 0x36:0xf7 DW_TAG_structure_type
	.short	4096                            @ DW_AT_byte_size
	.byte	2                               @ DW_AT_decl_file
	.byte	26                              @ DW_AT_decl_line
	.byte	5                               @ Abbrev [5] 0x3b:0xc DW_TAG_member
	.long	.Linfo_string3                  @ DW_AT_name
	.long	301                             @ DW_AT_type
	.byte	2                               @ DW_AT_decl_file
	.byte	180                             @ DW_AT_decl_line
	.byte	0                               @ DW_AT_data_member_location
	.byte	5                               @ Abbrev [5] 0x47:0xc DW_TAG_member
	.long	.Linfo_string6                  @ DW_AT_name
	.long	301                             @ DW_AT_type
	.byte	2                               @ DW_AT_decl_file
	.byte	181                             @ DW_AT_decl_line
	.byte	4                               @ DW_AT_data_member_location
	.byte	5                               @ Abbrev [5] 0x53:0xc DW_TAG_member
	.long	.Linfo_string7                  @ DW_AT_name
	.long	301                             @ DW_AT_type
	.byte	2                               @ DW_AT_decl_file
	.byte	182                             @ DW_AT_decl_line
	.byte	8                               @ DW_AT_data_member_location
	.byte	5                               @ Abbrev [5] 0x5f:0xc DW_TAG_member
	.long	.Linfo_string8                  @ DW_AT_name
	.long	301                             @ DW_AT_type
	.byte	2                               @ DW_AT_decl_file
	.byte	183                             @ DW_AT_decl_line
	.byte	12                              @ DW_AT_data_member_location
	.byte	5                               @ Abbrev [5] 0x6b:0xc DW_TAG_member
	.long	.Linfo_string9                  @ DW_AT_name
	.long	301                             @ DW_AT_type
	.byte	2                               @ DW_AT_decl_file
	.byte	184                             @ DW_AT_decl_line
	.byte	16                              @ DW_AT_data_member_location
	.byte	5                               @ Abbrev [5] 0x77:0xc DW_TAG_member
	.long	.Linfo_string10                 @ DW_AT_name
	.long	324                             @ DW_AT_type
	.byte	2                               @ DW_AT_decl_file
	.byte	185                             @ DW_AT_decl_line
	.byte	20                              @ DW_AT_data_member_location
	.byte	5                               @ Abbrev [5] 0x83:0xc DW_TAG_member
	.long	.Linfo_string11                 @ DW_AT_name
	.long	301                             @ DW_AT_type
	.byte	2                               @ DW_AT_decl_file
	.byte	186                             @ DW_AT_decl_line
	.byte	24                              @ DW_AT_data_member_location
	.byte	5                               @ Abbrev [5] 0x8f:0xc DW_TAG_member
	.long	.Linfo_string12                 @ DW_AT_name
	.long	301                             @ DW_AT_type
	.byte	2                               @ DW_AT_decl_file
	.byte	187                             @ DW_AT_decl_line
	.byte	28                              @ DW_AT_data_member_location
	.byte	5                               @ Abbrev [5] 0x9b:0xc DW_TAG_member
	.long	.Linfo_string13                 @ DW_AT_name
	.long	329                             @ DW_AT_type
	.byte	2                               @ DW_AT_decl_file
	.byte	188                             @ DW_AT_decl_line
	.byte	32                              @ DW_AT_data_member_location
	.byte	5                               @ Abbrev [5] 0xa7:0xc DW_TAG_member
	.long	.Linfo_string15                 @ DW_AT_name
	.long	301                             @ DW_AT_type
	.byte	2                               @ DW_AT_decl_file
	.byte	189                             @ DW_AT_decl_line
	.byte	64                              @ DW_AT_data_member_location
	.byte	5                               @ Abbrev [5] 0xb3:0xc DW_TAG_member
	.long	.Linfo_string16                 @ DW_AT_name
	.long	348                             @ DW_AT_type
	.byte	2                               @ DW_AT_decl_file
	.byte	190                             @ DW_AT_decl_line
	.byte	68                              @ DW_AT_data_member_location
	.byte	5                               @ Abbrev [5] 0xbf:0xc DW_TAG_member
	.long	.Linfo_string17                 @ DW_AT_name
	.long	301                             @ DW_AT_type
	.byte	2                               @ DW_AT_decl_file
	.byte	191                             @ DW_AT_decl_line
	.byte	128                             @ DW_AT_data_member_location
	.byte	5                               @ Abbrev [5] 0xcb:0xc DW_TAG_member
	.long	.Linfo_string18                 @ DW_AT_name
	.long	301                             @ DW_AT_type
	.byte	2                               @ DW_AT_decl_file
	.byte	192                             @ DW_AT_decl_line
	.byte	132                             @ DW_AT_data_member_location
	.byte	5                               @ Abbrev [5] 0xd7:0xc DW_TAG_member
	.long	.Linfo_string19                 @ DW_AT_name
	.long	301                             @ DW_AT_type
	.byte	2                               @ DW_AT_decl_file
	.byte	193                             @ DW_AT_decl_line
	.byte	136                             @ DW_AT_data_member_location
	.byte	5                               @ Abbrev [5] 0xe3:0xc DW_TAG_member
	.long	.Linfo_string20                 @ DW_AT_name
	.long	301                             @ DW_AT_type
	.byte	2                               @ DW_AT_decl_file
	.byte	194                             @ DW_AT_decl_line
	.byte	140                             @ DW_AT_data_member_location
	.byte	5                               @ Abbrev [5] 0xef:0xc DW_TAG_member
	.long	.Linfo_string21                 @ DW_AT_name
	.long	360                             @ DW_AT_type
	.byte	2                               @ DW_AT_decl_file
	.byte	195                             @ DW_AT_decl_line
	.byte	144                             @ DW_AT_data_member_location
	.byte	5                               @ Abbrev [5] 0xfb:0xc DW_TAG_member
	.long	.Linfo_string22                 @ DW_AT_name
	.long	324                             @ DW_AT_type
	.byte	2                               @ DW_AT_decl_file
	.byte	196                             @ DW_AT_decl_line
	.byte	192                             @ DW_AT_data_member_location
	.byte	5                               @ Abbrev [5] 0x107:0xc DW_TAG_member
	.long	.Linfo_string23                 @ DW_AT_name
	.long	324                             @ DW_AT_type
	.byte	2                               @ DW_AT_decl_file
	.byte	197                             @ DW_AT_decl_line
	.byte	196                             @ DW_AT_data_member_location
	.byte	5                               @ Abbrev [5] 0x113:0xc DW_TAG_member
	.long	.Linfo_string24                 @ DW_AT_name
	.long	372                             @ DW_AT_type
	.byte	2                               @ DW_AT_decl_file
	.byte	198                             @ DW_AT_decl_line
	.byte	200                             @ DW_AT_data_member_location
	.byte	6                               @ Abbrev [6] 0x11f:0xd DW_TAG_member
	.long	.Linfo_string25                 @ DW_AT_name
	.long	324                             @ DW_AT_type
	.byte	2                               @ DW_AT_decl_file
	.byte	199                             @ DW_AT_decl_line
	.short	4092                            @ DW_AT_data_member_location
	.byte	0                               @ End Of Children Mark
	.byte	7                               @ Abbrev [7] 0x12d:0x5 DW_TAG_volatile_type
	.long	306                             @ DW_AT_type
	.byte	3                               @ Abbrev [3] 0x132:0xb DW_TAG_typedef
	.long	317                             @ DW_AT_type
	.long	.Linfo_string5                  @ DW_AT_name
	.byte	1                               @ DW_AT_decl_file
	.byte	64                              @ DW_AT_decl_line
	.byte	8                               @ Abbrev [8] 0x13d:0x7 DW_TAG_base_type
	.long	.Linfo_string4                  @ DW_AT_name
	.byte	7                               @ DW_AT_encoding
	.byte	4                               @ DW_AT_byte_size
	.byte	9                               @ Abbrev [9] 0x144:0x5 DW_TAG_const_type
	.long	301                             @ DW_AT_type
	.byte	10                              @ Abbrev [10] 0x149:0xc DW_TAG_array_type
	.long	324                             @ DW_AT_type
	.byte	11                              @ Abbrev [11] 0x14e:0x6 DW_TAG_subrange_type
	.long	341                             @ DW_AT_type
	.byte	8                               @ DW_AT_count
	.byte	0                               @ End Of Children Mark
	.byte	12                              @ Abbrev [12] 0x155:0x7 DW_TAG_base_type
	.long	.Linfo_string14                 @ DW_AT_name
	.byte	8                               @ DW_AT_byte_size
	.byte	7                               @ DW_AT_encoding
	.byte	10                              @ Abbrev [10] 0x15c:0xc DW_TAG_array_type
	.long	324                             @ DW_AT_type
	.byte	11                              @ Abbrev [11] 0x161:0x6 DW_TAG_subrange_type
	.long	341                             @ DW_AT_type
	.byte	15                              @ DW_AT_count
	.byte	0                               @ End Of Children Mark
	.byte	10                              @ Abbrev [10] 0x168:0xc DW_TAG_array_type
	.long	324                             @ DW_AT_type
	.byte	11                              @ Abbrev [11] 0x16d:0x6 DW_TAG_subrange_type
	.long	341                             @ DW_AT_type
	.byte	12                              @ DW_AT_count
	.byte	0                               @ End Of Children Mark
	.byte	10                              @ Abbrev [10] 0x174:0xd DW_TAG_array_type
	.long	324                             @ DW_AT_type
	.byte	13                              @ Abbrev [13] 0x179:0x7 DW_TAG_subrange_type
	.long	341                             @ DW_AT_type
	.short	973                             @ DW_AT_count
	.byte	0                               @ End Of Children Mark
	.byte	2                               @ Abbrev [2] 0x181:0x5 DW_TAG_pointer_type
	.long	390                             @ DW_AT_type
	.byte	14                              @ Abbrev [14] 0x186:0xc DW_TAG_typedef
	.long	402                             @ DW_AT_type
	.long	.Linfo_string85                 @ DW_AT_name
	.byte	3                               @ DW_AT_decl_file
	.short	641                             @ DW_AT_decl_line
	.byte	4                               @ Abbrev [4] 0x192:0x340 DW_TAG_structure_type
	.short	496                             @ DW_AT_byte_size
	.byte	3                               @ DW_AT_decl_file
	.byte	26                              @ DW_AT_decl_line
	.byte	15                              @ Abbrev [15] 0x197:0xd DW_TAG_member
	.long	.Linfo_string27                 @ DW_AT_name
	.long	324                             @ DW_AT_type
	.byte	3                               @ DW_AT_decl_file
	.short	579                             @ DW_AT_decl_line
	.byte	0                               @ DW_AT_data_member_location
	.byte	15                              @ Abbrev [15] 0x1a4:0xd DW_TAG_member
	.long	.Linfo_string28                 @ DW_AT_name
	.long	301                             @ DW_AT_type
	.byte	3                               @ DW_AT_decl_file
	.short	580                             @ DW_AT_decl_line
	.byte	4                               @ DW_AT_data_member_location
	.byte	15                              @ Abbrev [15] 0x1b1:0xd DW_TAG_member
	.long	.Linfo_string29                 @ DW_AT_name
	.long	301                             @ DW_AT_type
	.byte	3                               @ DW_AT_decl_file
	.short	581                             @ DW_AT_decl_line
	.byte	8                               @ DW_AT_data_member_location
	.byte	15                              @ Abbrev [15] 0x1be:0xd DW_TAG_member
	.long	.Linfo_string30                 @ DW_AT_name
	.long	301                             @ DW_AT_type
	.byte	3                               @ DW_AT_decl_file
	.short	582                             @ DW_AT_decl_line
	.byte	12                              @ DW_AT_data_member_location
	.byte	15                              @ Abbrev [15] 0x1cb:0xd DW_TAG_member
	.long	.Linfo_string31                 @ DW_AT_name
	.long	301                             @ DW_AT_type
	.byte	3                               @ DW_AT_decl_file
	.short	583                             @ DW_AT_decl_line
	.byte	16                              @ DW_AT_data_member_location
	.byte	15                              @ Abbrev [15] 0x1d8:0xd DW_TAG_member
	.long	.Linfo_string13                 @ DW_AT_name
	.long	1234                            @ DW_AT_type
	.byte	3                               @ DW_AT_decl_file
	.short	584                             @ DW_AT_decl_line
	.byte	20                              @ DW_AT_data_member_location
	.byte	15                              @ Abbrev [15] 0x1e5:0xd DW_TAG_member
	.long	.Linfo_string32                 @ DW_AT_name
	.long	301                             @ DW_AT_type
	.byte	3                               @ DW_AT_decl_file
	.short	585                             @ DW_AT_decl_line
	.byte	24                              @ DW_AT_data_member_location
	.byte	15                              @ Abbrev [15] 0x1f2:0xd DW_TAG_member
	.long	.Linfo_string16                 @ DW_AT_name
	.long	1246                            @ DW_AT_type
	.byte	3                               @ DW_AT_decl_file
	.short	586                             @ DW_AT_decl_line
	.byte	28                              @ DW_AT_data_member_location
	.byte	15                              @ Abbrev [15] 0x1ff:0xd DW_TAG_member
	.long	.Linfo_string33                 @ DW_AT_name
	.long	301                             @ DW_AT_type
	.byte	3                               @ DW_AT_decl_file
	.short	587                             @ DW_AT_decl_line
	.byte	36                              @ DW_AT_data_member_location
	.byte	15                              @ Abbrev [15] 0x20c:0xd DW_TAG_member
	.long	.Linfo_string21                 @ DW_AT_name
	.long	1246                            @ DW_AT_type
	.byte	3                               @ DW_AT_decl_file
	.short	588                             @ DW_AT_decl_line
	.byte	40                              @ DW_AT_data_member_location
	.byte	15                              @ Abbrev [15] 0x219:0xd DW_TAG_member
	.long	.Linfo_string34                 @ DW_AT_name
	.long	301                             @ DW_AT_type
	.byte	3                               @ DW_AT_decl_file
	.short	589                             @ DW_AT_decl_line
	.byte	48                              @ DW_AT_data_member_location
	.byte	15                              @ Abbrev [15] 0x226:0xd DW_TAG_member
	.long	.Linfo_string35                 @ DW_AT_name
	.long	301                             @ DW_AT_type
	.byte	3                               @ DW_AT_decl_file
	.short	590                             @ DW_AT_decl_line
	.byte	52                              @ DW_AT_data_member_location
	.byte	15                              @ Abbrev [15] 0x233:0xd DW_TAG_member
	.long	.Linfo_string36                 @ DW_AT_name
	.long	301                             @ DW_AT_type
	.byte	3                               @ DW_AT_decl_file
	.short	591                             @ DW_AT_decl_line
	.byte	56                              @ DW_AT_data_member_location
	.byte	15                              @ Abbrev [15] 0x240:0xd DW_TAG_member
	.long	.Linfo_string37                 @ DW_AT_name
	.long	301                             @ DW_AT_type
	.byte	3                               @ DW_AT_decl_file
	.short	592                             @ DW_AT_decl_line
	.byte	60                              @ DW_AT_data_member_location
	.byte	15                              @ Abbrev [15] 0x24d:0xd DW_TAG_member
	.long	.Linfo_string38                 @ DW_AT_name
	.long	301                             @ DW_AT_type
	.byte	3                               @ DW_AT_decl_file
	.short	593                             @ DW_AT_decl_line
	.byte	64                              @ DW_AT_data_member_location
	.byte	15                              @ Abbrev [15] 0x25a:0xd DW_TAG_member
	.long	.Linfo_string39                 @ DW_AT_name
	.long	301                             @ DW_AT_type
	.byte	3                               @ DW_AT_decl_file
	.short	594                             @ DW_AT_decl_line
	.byte	68                              @ DW_AT_data_member_location
	.byte	15                              @ Abbrev [15] 0x267:0xd DW_TAG_member
	.long	.Linfo_string40                 @ DW_AT_name
	.long	301                             @ DW_AT_type
	.byte	3                               @ DW_AT_decl_file
	.short	595                             @ DW_AT_decl_line
	.byte	72                              @ DW_AT_data_member_location
	.byte	15                              @ Abbrev [15] 0x274:0xd DW_TAG_member
	.long	.Linfo_string41                 @ DW_AT_name
	.long	301                             @ DW_AT_type
	.byte	3                               @ DW_AT_decl_file
	.short	596                             @ DW_AT_decl_line
	.byte	76                              @ DW_AT_data_member_location
	.byte	15                              @ Abbrev [15] 0x281:0xd DW_TAG_member
	.long	.Linfo_string42                 @ DW_AT_name
	.long	301                             @ DW_AT_type
	.byte	3                               @ DW_AT_decl_file
	.short	597                             @ DW_AT_decl_line
	.byte	80                              @ DW_AT_data_member_location
	.byte	15                              @ Abbrev [15] 0x28e:0xd DW_TAG_member
	.long	.Linfo_string43                 @ DW_AT_name
	.long	301                             @ DW_AT_type
	.byte	3                               @ DW_AT_decl_file
	.short	598                             @ DW_AT_decl_line
	.byte	84                              @ DW_AT_data_member_location
	.byte	15                              @ Abbrev [15] 0x29b:0xd DW_TAG_member
	.long	.Linfo_string44                 @ DW_AT_name
	.long	301                             @ DW_AT_type
	.byte	3                               @ DW_AT_decl_file
	.short	599                             @ DW_AT_decl_line
	.byte	88                              @ DW_AT_data_member_location
	.byte	15                              @ Abbrev [15] 0x2a8:0xd DW_TAG_member
	.long	.Linfo_string45                 @ DW_AT_name
	.long	301                             @ DW_AT_type
	.byte	3                               @ DW_AT_decl_file
	.short	600                             @ DW_AT_decl_line
	.byte	92                              @ DW_AT_data_member_location
	.byte	15                              @ Abbrev [15] 0x2b5:0xd DW_TAG_member
	.long	.Linfo_string46                 @ DW_AT_name
	.long	301                             @ DW_AT_type
	.byte	3                               @ DW_AT_decl_file
	.short	601                             @ DW_AT_decl_line
	.byte	96                              @ DW_AT_data_member_location
	.byte	15                              @ Abbrev [15] 0x2c2:0xd DW_TAG_member
	.long	.Linfo_string47                 @ DW_AT_name
	.long	301                             @ DW_AT_type
	.byte	3                               @ DW_AT_decl_file
	.short	602                             @ DW_AT_decl_line
	.byte	100                             @ DW_AT_data_member_location
	.byte	15                              @ Abbrev [15] 0x2cf:0xd DW_TAG_member
	.long	.Linfo_string48                 @ DW_AT_name
	.long	301                             @ DW_AT_type
	.byte	3                               @ DW_AT_decl_file
	.short	603                             @ DW_AT_decl_line
	.byte	104                             @ DW_AT_data_member_location
	.byte	15                              @ Abbrev [15] 0x2dc:0xd DW_TAG_member
	.long	.Linfo_string49                 @ DW_AT_name
	.long	301                             @ DW_AT_type
	.byte	3                               @ DW_AT_decl_file
	.short	604                             @ DW_AT_decl_line
	.byte	108                             @ DW_AT_data_member_location
	.byte	15                              @ Abbrev [15] 0x2e9:0xd DW_TAG_member
	.long	.Linfo_string24                 @ DW_AT_name
	.long	1246                            @ DW_AT_type
	.byte	3                               @ DW_AT_decl_file
	.short	605                             @ DW_AT_decl_line
	.byte	112                             @ DW_AT_data_member_location
	.byte	15                              @ Abbrev [15] 0x2f6:0xd DW_TAG_member
	.long	.Linfo_string50                 @ DW_AT_name
	.long	301                             @ DW_AT_type
	.byte	3                               @ DW_AT_decl_file
	.short	606                             @ DW_AT_decl_line
	.byte	120                             @ DW_AT_data_member_location
	.byte	15                              @ Abbrev [15] 0x303:0xd DW_TAG_member
	.long	.Linfo_string51                 @ DW_AT_name
	.long	1258                            @ DW_AT_type
	.byte	3                               @ DW_AT_decl_file
	.short	607                             @ DW_AT_decl_line
	.byte	124                             @ DW_AT_data_member_location
	.byte	15                              @ Abbrev [15] 0x310:0xd DW_TAG_member
	.long	.Linfo_string52                 @ DW_AT_name
	.long	301                             @ DW_AT_type
	.byte	3                               @ DW_AT_decl_file
	.short	608                             @ DW_AT_decl_line
	.byte	192                             @ DW_AT_data_member_location
	.byte	15                              @ Abbrev [15] 0x31d:0xd DW_TAG_member
	.long	.Linfo_string53                 @ DW_AT_name
	.long	1270                            @ DW_AT_type
	.byte	3                               @ DW_AT_decl_file
	.short	609                             @ DW_AT_decl_line
	.byte	196                             @ DW_AT_data_member_location
	.byte	15                              @ Abbrev [15] 0x32a:0xd DW_TAG_member
	.long	.Linfo_string54                 @ DW_AT_name
	.long	301                             @ DW_AT_type
	.byte	3                               @ DW_AT_decl_file
	.short	610                             @ DW_AT_decl_line
	.byte	208                             @ DW_AT_data_member_location
	.byte	15                              @ Abbrev [15] 0x337:0xd DW_TAG_member
	.long	.Linfo_string55                 @ DW_AT_name
	.long	324                             @ DW_AT_type
	.byte	3                               @ DW_AT_decl_file
	.short	611                             @ DW_AT_decl_line
	.byte	212                             @ DW_AT_data_member_location
	.byte	15                              @ Abbrev [15] 0x344:0xd DW_TAG_member
	.long	.Linfo_string56                 @ DW_AT_name
	.long	301                             @ DW_AT_type
	.byte	3                               @ DW_AT_decl_file
	.short	612                             @ DW_AT_decl_line
	.byte	216                             @ DW_AT_data_member_location
	.byte	15                              @ Abbrev [15] 0x351:0xd DW_TAG_member
	.long	.Linfo_string57                 @ DW_AT_name
	.long	301                             @ DW_AT_type
	.byte	3                               @ DW_AT_decl_file
	.short	613                             @ DW_AT_decl_line
	.byte	220                             @ DW_AT_data_member_location
	.byte	15                              @ Abbrev [15] 0x35e:0xd DW_TAG_member
	.long	.Linfo_string58                 @ DW_AT_name
	.long	301                             @ DW_AT_type
	.byte	3                               @ DW_AT_decl_file
	.short	614                             @ DW_AT_decl_line
	.byte	224                             @ DW_AT_data_member_location
	.byte	15                              @ Abbrev [15] 0x36b:0xd DW_TAG_member
	.long	.Linfo_string59                 @ DW_AT_name
	.long	324                             @ DW_AT_type
	.byte	3                               @ DW_AT_decl_file
	.short	615                             @ DW_AT_decl_line
	.byte	228                             @ DW_AT_data_member_location
	.byte	15                              @ Abbrev [15] 0x378:0xd DW_TAG_member
	.long	.Linfo_string60                 @ DW_AT_name
	.long	1246                            @ DW_AT_type
	.byte	3                               @ DW_AT_decl_file
	.short	616                             @ DW_AT_decl_line
	.byte	232                             @ DW_AT_data_member_location
	.byte	15                              @ Abbrev [15] 0x385:0xd DW_TAG_member
	.long	.Linfo_string61                 @ DW_AT_name
	.long	301                             @ DW_AT_type
	.byte	3                               @ DW_AT_decl_file
	.short	617                             @ DW_AT_decl_line
	.byte	240                             @ DW_AT_data_member_location
	.byte	15                              @ Abbrev [15] 0x392:0xd DW_TAG_member
	.long	.Linfo_string62                 @ DW_AT_name
	.long	301                             @ DW_AT_type
	.byte	3                               @ DW_AT_decl_file
	.short	618                             @ DW_AT_decl_line
	.byte	244                             @ DW_AT_data_member_location
	.byte	15                              @ Abbrev [15] 0x39f:0xd DW_TAG_member
	.long	.Linfo_string63                 @ DW_AT_name
	.long	301                             @ DW_AT_type
	.byte	3                               @ DW_AT_decl_file
	.short	619                             @ DW_AT_decl_line
	.byte	248                             @ DW_AT_data_member_location
	.byte	15                              @ Abbrev [15] 0x3ac:0xd DW_TAG_member
	.long	.Linfo_string64                 @ DW_AT_name
	.long	1234                            @ DW_AT_type
	.byte	3                               @ DW_AT_decl_file
	.short	620                             @ DW_AT_decl_line
	.byte	252                             @ DW_AT_data_member_location
	.byte	16                              @ Abbrev [16] 0x3b9:0xe DW_TAG_member
	.long	.Linfo_string65                 @ DW_AT_name
	.long	301                             @ DW_AT_type
	.byte	3                               @ DW_AT_decl_file
	.short	621                             @ DW_AT_decl_line
	.short	256                             @ DW_AT_data_member_location
	.byte	16                              @ Abbrev [16] 0x3c7:0xe DW_TAG_member
	.long	.Linfo_string66                 @ DW_AT_name
	.long	1282                            @ DW_AT_type
	.byte	3                               @ DW_AT_decl_file
	.short	622                             @ DW_AT_decl_line
	.short	260                             @ DW_AT_data_member_location
	.byte	16                              @ Abbrev [16] 0x3d5:0xe DW_TAG_member
	.long	.Linfo_string67                 @ DW_AT_name
	.long	301                             @ DW_AT_type
	.byte	3                               @ DW_AT_decl_file
	.short	623                             @ DW_AT_decl_line
	.short	280                             @ DW_AT_data_member_location
	.byte	16                              @ Abbrev [16] 0x3e3:0xe DW_TAG_member
	.long	.Linfo_string68                 @ DW_AT_name
	.long	1234                            @ DW_AT_type
	.byte	3                               @ DW_AT_decl_file
	.short	624                             @ DW_AT_decl_line
	.short	284                             @ DW_AT_data_member_location
	.byte	16                              @ Abbrev [16] 0x3f1:0xe DW_TAG_member
	.long	.Linfo_string69                 @ DW_AT_name
	.long	324                             @ DW_AT_type
	.byte	3                               @ DW_AT_decl_file
	.short	625                             @ DW_AT_decl_line
	.short	288                             @ DW_AT_data_member_location
	.byte	16                              @ Abbrev [16] 0x3ff:0xe DW_TAG_member
	.long	.Linfo_string70                 @ DW_AT_name
	.long	324                             @ DW_AT_type
	.byte	3                               @ DW_AT_decl_file
	.short	626                             @ DW_AT_decl_line
	.short	292                             @ DW_AT_data_member_location
	.byte	16                              @ Abbrev [16] 0x40d:0xe DW_TAG_member
	.long	.Linfo_string71                 @ DW_AT_name
	.long	1294                            @ DW_AT_type
	.byte	3                               @ DW_AT_decl_file
	.short	627                             @ DW_AT_decl_line
	.short	296                             @ DW_AT_data_member_location
	.byte	16                              @ Abbrev [16] 0x41b:0xe DW_TAG_member
	.long	.Linfo_string72                 @ DW_AT_name
	.long	324                             @ DW_AT_type
	.byte	3                               @ DW_AT_decl_file
	.short	628                             @ DW_AT_decl_line
	.short	312                             @ DW_AT_data_member_location
	.byte	16                              @ Abbrev [16] 0x429:0xe DW_TAG_member
	.long	.Linfo_string73                 @ DW_AT_name
	.long	1282                            @ DW_AT_type
	.byte	3                               @ DW_AT_decl_file
	.short	629                             @ DW_AT_decl_line
	.short	316                             @ DW_AT_data_member_location
	.byte	16                              @ Abbrev [16] 0x437:0xe DW_TAG_member
	.long	.Linfo_string74                 @ DW_AT_name
	.long	324                             @ DW_AT_type
	.byte	3                               @ DW_AT_decl_file
	.short	630                             @ DW_AT_decl_line
	.short	336                             @ DW_AT_data_member_location
	.byte	16                              @ Abbrev [16] 0x445:0xe DW_TAG_member
	.long	.Linfo_string75                 @ DW_AT_name
	.long	324                             @ DW_AT_type
	.byte	3                               @ DW_AT_decl_file
	.short	631                             @ DW_AT_decl_line
	.short	340                             @ DW_AT_data_member_location
	.byte	16                              @ Abbrev [16] 0x453:0xe DW_TAG_member
	.long	.Linfo_string76                 @ DW_AT_name
	.long	324                             @ DW_AT_type
	.byte	3                               @ DW_AT_decl_file
	.short	632                             @ DW_AT_decl_line
	.short	344                             @ DW_AT_data_member_location
	.byte	16                              @ Abbrev [16] 0x461:0xe DW_TAG_member
	.long	.Linfo_string77                 @ DW_AT_name
	.long	324                             @ DW_AT_type
	.byte	3                               @ DW_AT_decl_file
	.short	633                             @ DW_AT_decl_line
	.short	348                             @ DW_AT_data_member_location
	.byte	16                              @ Abbrev [16] 0x46f:0xe DW_TAG_member
	.long	.Linfo_string78                 @ DW_AT_name
	.long	301                             @ DW_AT_type
	.byte	3                               @ DW_AT_decl_file
	.short	634                             @ DW_AT_decl_line
	.short	352                             @ DW_AT_data_member_location
	.byte	16                              @ Abbrev [16] 0x47d:0xe DW_TAG_member
	.long	.Linfo_string79                 @ DW_AT_name
	.long	1306                            @ DW_AT_type
	.byte	3                               @ DW_AT_decl_file
	.short	635                             @ DW_AT_decl_line
	.short	356                             @ DW_AT_data_member_location
	.byte	16                              @ Abbrev [16] 0x48b:0xe DW_TAG_member
	.long	.Linfo_string80                 @ DW_AT_name
	.long	301                             @ DW_AT_type
	.byte	3                               @ DW_AT_decl_file
	.short	636                             @ DW_AT_decl_line
	.short	392                             @ DW_AT_data_member_location
	.byte	16                              @ Abbrev [16] 0x499:0xe DW_TAG_member
	.long	.Linfo_string81                 @ DW_AT_name
	.long	301                             @ DW_AT_type
	.byte	3                               @ DW_AT_decl_file
	.short	637                             @ DW_AT_decl_line
	.short	396                             @ DW_AT_data_member_location
	.byte	16                              @ Abbrev [16] 0x4a7:0xe DW_TAG_member
	.long	.Linfo_string82                 @ DW_AT_name
	.long	301                             @ DW_AT_type
	.byte	3                               @ DW_AT_decl_file
	.short	638                             @ DW_AT_decl_line
	.short	400                             @ DW_AT_data_member_location
	.byte	16                              @ Abbrev [16] 0x4b5:0xe DW_TAG_member
	.long	.Linfo_string83                 @ DW_AT_name
	.long	1318                            @ DW_AT_type
	.byte	3                               @ DW_AT_decl_file
	.short	639                             @ DW_AT_decl_line
	.short	404                             @ DW_AT_data_member_location
	.byte	16                              @ Abbrev [16] 0x4c3:0xe DW_TAG_member
	.long	.Linfo_string84                 @ DW_AT_name
	.long	301                             @ DW_AT_type
	.byte	3                               @ DW_AT_decl_file
	.short	640                             @ DW_AT_decl_line
	.short	492                             @ DW_AT_data_member_location
	.byte	0                               @ End Of Children Mark
	.byte	10                              @ Abbrev [10] 0x4d2:0xc DW_TAG_array_type
	.long	324                             @ DW_AT_type
	.byte	11                              @ Abbrev [11] 0x4d7:0x6 DW_TAG_subrange_type
	.long	341                             @ DW_AT_type
	.byte	1                               @ DW_AT_count
	.byte	0                               @ End Of Children Mark
	.byte	10                              @ Abbrev [10] 0x4de:0xc DW_TAG_array_type
	.long	324                             @ DW_AT_type
	.byte	11                              @ Abbrev [11] 0x4e3:0x6 DW_TAG_subrange_type
	.long	341                             @ DW_AT_type
	.byte	2                               @ DW_AT_count
	.byte	0                               @ End Of Children Mark
	.byte	10                              @ Abbrev [10] 0x4ea:0xc DW_TAG_array_type
	.long	324                             @ DW_AT_type
	.byte	11                              @ Abbrev [11] 0x4ef:0x6 DW_TAG_subrange_type
	.long	341                             @ DW_AT_type
	.byte	17                              @ DW_AT_count
	.byte	0                               @ End Of Children Mark
	.byte	10                              @ Abbrev [10] 0x4f6:0xc DW_TAG_array_type
	.long	324                             @ DW_AT_type
	.byte	11                              @ Abbrev [11] 0x4fb:0x6 DW_TAG_subrange_type
	.long	341                             @ DW_AT_type
	.byte	3                               @ DW_AT_count
	.byte	0                               @ End Of Children Mark
	.byte	10                              @ Abbrev [10] 0x502:0xc DW_TAG_array_type
	.long	324                             @ DW_AT_type
	.byte	11                              @ Abbrev [11] 0x507:0x6 DW_TAG_subrange_type
	.long	341                             @ DW_AT_type
	.byte	5                               @ DW_AT_count
	.byte	0                               @ End Of Children Mark
	.byte	10                              @ Abbrev [10] 0x50e:0xc DW_TAG_array_type
	.long	324                             @ DW_AT_type
	.byte	11                              @ Abbrev [11] 0x513:0x6 DW_TAG_subrange_type
	.long	341                             @ DW_AT_type
	.byte	4                               @ DW_AT_count
	.byte	0                               @ End Of Children Mark
	.byte	10                              @ Abbrev [10] 0x51a:0xc DW_TAG_array_type
	.long	324                             @ DW_AT_type
	.byte	11                              @ Abbrev [11] 0x51f:0x6 DW_TAG_subrange_type
	.long	341                             @ DW_AT_type
	.byte	9                               @ DW_AT_count
	.byte	0                               @ End Of Children Mark
	.byte	10                              @ Abbrev [10] 0x526:0xc DW_TAG_array_type
	.long	324                             @ DW_AT_type
	.byte	11                              @ Abbrev [11] 0x52b:0x6 DW_TAG_subrange_type
	.long	341                             @ DW_AT_type
	.byte	22                              @ DW_AT_count
	.byte	0                               @ End Of Children Mark
	.byte	17                              @ Abbrev [17] 0x532:0x24 DW_TAG_subprogram
	.long	.Lfunc_begin0                   @ DW_AT_low_pc
	.long	.Lfunc_end0-.Lfunc_begin0       @ DW_AT_high_pc
	.byte	1                               @ DW_AT_frame_base
	.byte	93
	.long	.Linfo_string86                 @ DW_AT_name
	.byte	4                               @ DW_AT_decl_file
	.byte	9                               @ DW_AT_decl_line
                                        @ DW_AT_prototyped
	.long	1616                            @ DW_AT_type
                                        @ DW_AT_external
	.byte	18                              @ Abbrev [18] 0x547:0xe DW_TAG_variable
	.byte	2                               @ DW_AT_location
	.byte	145
	.byte	4
	.long	.Linfo_string91                 @ DW_AT_name
	.byte	4                               @ DW_AT_decl_file
	.byte	11                              @ DW_AT_decl_line
	.long	1623                            @ DW_AT_type
	.byte	0                               @ End Of Children Mark
	.byte	19                              @ Abbrev [19] 0x556:0x58 DW_TAG_subprogram
	.long	.Lfunc_begin1                   @ DW_AT_low_pc
	.long	.Lfunc_end1-.Lfunc_begin1       @ DW_AT_high_pc
	.byte	1                               @ DW_AT_frame_base
	.byte	93
	.long	.Linfo_string88                 @ DW_AT_name
	.byte	4                               @ DW_AT_decl_file
	.byte	42                              @ DW_AT_decl_line
                                        @ DW_AT_prototyped
                                        @ DW_AT_external
	.byte	20                              @ Abbrev [20] 0x567:0xe DW_TAG_formal_parameter
	.byte	2                               @ DW_AT_location
	.byte	145
	.byte	20
	.long	.Linfo_string92                 @ DW_AT_name
	.byte	4                               @ DW_AT_decl_file
	.byte	42                              @ DW_AT_decl_line
	.long	1635                            @ DW_AT_type
	.byte	20                              @ Abbrev [20] 0x575:0xe DW_TAG_formal_parameter
	.byte	2                               @ DW_AT_location
	.byte	145
	.byte	16
	.long	.Linfo_string95                 @ DW_AT_name
	.byte	4                               @ DW_AT_decl_file
	.byte	42                              @ DW_AT_decl_line
	.long	306                             @ DW_AT_type
	.byte	20                              @ Abbrev [20] 0x583:0xe DW_TAG_formal_parameter
	.byte	2                               @ DW_AT_location
	.byte	145
	.byte	12
	.long	.Linfo_string96                 @ DW_AT_name
	.byte	4                               @ DW_AT_decl_file
	.byte	42                              @ DW_AT_decl_line
	.long	306                             @ DW_AT_type
	.byte	18                              @ Abbrev [18] 0x591:0xe DW_TAG_variable
	.byte	2                               @ DW_AT_location
	.byte	145
	.byte	8
	.long	.Linfo_string97                 @ DW_AT_name
	.byte	4                               @ DW_AT_decl_file
	.byte	44                              @ DW_AT_decl_line
	.long	306                             @ DW_AT_type
	.byte	18                              @ Abbrev [18] 0x59f:0xe DW_TAG_variable
	.byte	2                               @ DW_AT_location
	.byte	145
	.byte	4
	.long	.Linfo_string98                 @ DW_AT_name
	.byte	4                               @ DW_AT_decl_file
	.byte	45                              @ DW_AT_decl_line
	.long	306                             @ DW_AT_type
	.byte	0                               @ End Of Children Mark
	.byte	19                              @ Abbrev [19] 0x5ae:0x4a DW_TAG_subprogram
	.long	.Lfunc_begin2                   @ DW_AT_low_pc
	.long	.Lfunc_end2-.Lfunc_begin2       @ DW_AT_high_pc
	.byte	1                               @ DW_AT_frame_base
	.byte	93
	.long	.Linfo_string89                 @ DW_AT_name
	.byte	4                               @ DW_AT_decl_file
	.byte	67                              @ DW_AT_decl_line
                                        @ DW_AT_prototyped
                                        @ DW_AT_external
	.byte	20                              @ Abbrev [20] 0x5bf:0xe DW_TAG_formal_parameter
	.byte	2                               @ DW_AT_location
	.byte	145
	.byte	12
	.long	.Linfo_string95                 @ DW_AT_name
	.byte	4                               @ DW_AT_decl_file
	.byte	67                              @ DW_AT_decl_line
	.long	306                             @ DW_AT_type
	.byte	20                              @ Abbrev [20] 0x5cd:0xe DW_TAG_formal_parameter
	.byte	2                               @ DW_AT_location
	.byte	145
	.byte	8
	.long	.Linfo_string96                 @ DW_AT_name
	.byte	4                               @ DW_AT_decl_file
	.byte	67                              @ DW_AT_decl_line
	.long	306                             @ DW_AT_type
	.byte	18                              @ Abbrev [18] 0x5db:0xe DW_TAG_variable
	.byte	2                               @ DW_AT_location
	.byte	145
	.byte	4
	.long	.Linfo_string97                 @ DW_AT_name
	.byte	4                               @ DW_AT_decl_file
	.byte	69                              @ DW_AT_decl_line
	.long	306                             @ DW_AT_type
	.byte	18                              @ Abbrev [18] 0x5e9:0xe DW_TAG_variable
	.byte	2                               @ DW_AT_location
	.byte	145
	.byte	0
	.long	.Linfo_string98                 @ DW_AT_name
	.byte	4                               @ DW_AT_decl_file
	.byte	70                              @ DW_AT_decl_line
	.long	306                             @ DW_AT_type
	.byte	0                               @ End Of Children Mark
	.byte	19                              @ Abbrev [19] 0x5f8:0x58 DW_TAG_subprogram
	.long	.Lfunc_begin3                   @ DW_AT_low_pc
	.long	.Lfunc_end3-.Lfunc_begin3       @ DW_AT_high_pc
	.byte	1                               @ DW_AT_frame_base
	.byte	93
	.long	.Linfo_string90                 @ DW_AT_name
	.byte	4                               @ DW_AT_decl_file
	.byte	91                              @ DW_AT_decl_line
                                        @ DW_AT_prototyped
                                        @ DW_AT_external
	.byte	20                              @ Abbrev [20] 0x609:0xe DW_TAG_formal_parameter
	.byte	2                               @ DW_AT_location
	.byte	145
	.byte	20
	.long	.Linfo_string99                 @ DW_AT_name
	.byte	4                               @ DW_AT_decl_file
	.byte	91                              @ DW_AT_decl_line
	.long	1635                            @ DW_AT_type
	.byte	20                              @ Abbrev [20] 0x617:0xe DW_TAG_formal_parameter
	.byte	2                               @ DW_AT_location
	.byte	145
	.byte	16
	.long	.Linfo_string95                 @ DW_AT_name
	.byte	4                               @ DW_AT_decl_file
	.byte	91                              @ DW_AT_decl_line
	.long	306                             @ DW_AT_type
	.byte	20                              @ Abbrev [20] 0x625:0xe DW_TAG_formal_parameter
	.byte	2                               @ DW_AT_location
	.byte	145
	.byte	12
	.long	.Linfo_string96                 @ DW_AT_name
	.byte	4                               @ DW_AT_decl_file
	.byte	91                              @ DW_AT_decl_line
	.long	306                             @ DW_AT_type
	.byte	18                              @ Abbrev [18] 0x633:0xe DW_TAG_variable
	.byte	2                               @ DW_AT_location
	.byte	145
	.byte	8
	.long	.Linfo_string97                 @ DW_AT_name
	.byte	4                               @ DW_AT_decl_file
	.byte	93                              @ DW_AT_decl_line
	.long	306                             @ DW_AT_type
	.byte	18                              @ Abbrev [18] 0x641:0xe DW_TAG_variable
	.byte	2                               @ DW_AT_location
	.byte	145
	.byte	4
	.long	.Linfo_string98                 @ DW_AT_name
	.byte	4                               @ DW_AT_decl_file
	.byte	94                              @ DW_AT_decl_line
	.long	306                             @ DW_AT_type
	.byte	0                               @ End Of Children Mark
	.byte	8                               @ Abbrev [8] 0x650:0x7 DW_TAG_base_type
	.long	.Linfo_string87                 @ DW_AT_name
	.byte	5                               @ DW_AT_encoding
	.byte	4                               @ DW_AT_byte_size
	.byte	10                              @ Abbrev [10] 0x657:0xc DW_TAG_array_type
	.long	306                             @ DW_AT_type
	.byte	11                              @ Abbrev [11] 0x65c:0x6 DW_TAG_subrange_type
	.long	341                             @ DW_AT_type
	.byte	2                               @ DW_AT_count
	.byte	0                               @ End Of Children Mark
	.byte	2                               @ Abbrev [2] 0x663:0x5 DW_TAG_pointer_type
	.long	1640                            @ DW_AT_type
	.byte	3                               @ Abbrev [3] 0x668:0xb DW_TAG_typedef
	.long	1651                            @ DW_AT_type
	.long	.Linfo_string94                 @ DW_AT_name
	.byte	1                               @ DW_AT_decl_file
	.byte	62                              @ DW_AT_decl_line
	.byte	8                               @ Abbrev [8] 0x673:0x7 DW_TAG_base_type
	.long	.Linfo_string93                 @ DW_AT_name
	.byte	8                               @ DW_AT_encoding
	.byte	1                               @ DW_AT_byte_size
	.byte	0                               @ End Of Children Mark
.Ldebug_info_end0:
	.section	.debug_ranges,"",%progbits
.Ldebug_ranges0:
	.long	.Lfunc_begin0
	.long	.Lfunc_end0
	.long	.Lfunc_begin1
	.long	.Lfunc_end1
	.long	.Lfunc_begin2
	.long	.Lfunc_end2
	.long	.Lfunc_begin3
	.long	.Lfunc_end3
	.long	0
	.long	0
	.section	.debug_str,"MS",%progbits,1
.Linfo_string0:
	.asciz	"Component: ARM Compiler 6.16 Tool: armclang [5dfeb700]" @ string offset=0
.Linfo_string1:
	.asciz	"../Source\\FMCUser.c"          @ string offset=55
.Linfo_string2:
	.asciz	"D:\\Projects\\CCMSFloridaPhpr\\Application\\KEIL" @ string offset=75
.Linfo_string3:
	.asciz	"ISPCTL"                        @ string offset=120
.Linfo_string4:
	.asciz	"unsigned int"                  @ string offset=127
.Linfo_string5:
	.asciz	"uint32_t"                      @ string offset=140
.Linfo_string6:
	.asciz	"ISPADDR"                       @ string offset=149
.Linfo_string7:
	.asciz	"ISPDAT"                        @ string offset=157
.Linfo_string8:
	.asciz	"ISPCMD"                        @ string offset=164
.Linfo_string9:
	.asciz	"ISPTRG"                        @ string offset=171
.Linfo_string10:
	.asciz	"DFBA"                          @ string offset=178
.Linfo_string11:
	.asciz	"FTCTL"                         @ string offset=183
.Linfo_string12:
	.asciz	"ICPCTL"                        @ string offset=189
.Linfo_string13:
	.asciz	"RESERVE0"                      @ string offset=196
.Linfo_string14:
	.asciz	"__ARRAY_SIZE_TYPE__"           @ string offset=205
.Linfo_string15:
	.asciz	"ISPSTS"                        @ string offset=225
.Linfo_string16:
	.asciz	"RESERVE1"                      @ string offset=232
.Linfo_string17:
	.asciz	"MPDAT0"                        @ string offset=241
.Linfo_string18:
	.asciz	"MPDAT1"                        @ string offset=248
.Linfo_string19:
	.asciz	"MPDAT2"                        @ string offset=255
.Linfo_string20:
	.asciz	"MPDAT3"                        @ string offset=262
.Linfo_string21:
	.asciz	"RESERVE2"                      @ string offset=269
.Linfo_string22:
	.asciz	"MPSTS"                         @ string offset=278
.Linfo_string23:
	.asciz	"MPADDR"                        @ string offset=284
.Linfo_string24:
	.asciz	"RESERVE3"                      @ string offset=291
.Linfo_string25:
	.asciz	"VERSION"                       @ string offset=300
.Linfo_string26:
	.asciz	"FMC_T"                         @ string offset=308
.Linfo_string27:
	.asciz	"PDID"                          @ string offset=314
.Linfo_string28:
	.asciz	"RSTSTS"                        @ string offset=319
.Linfo_string29:
	.asciz	"IPRST0"                        @ string offset=326
.Linfo_string30:
	.asciz	"IPRST1"                        @ string offset=333
.Linfo_string31:
	.asciz	"IPRST2"                        @ string offset=340
.Linfo_string32:
	.asciz	"BODCTL"                        @ string offset=347
.Linfo_string33:
	.asciz	"PORCTL"                        @ string offset=354
.Linfo_string34:
	.asciz	"GPA_MFPL"                      @ string offset=361
.Linfo_string35:
	.asciz	"GPA_MFPH"                      @ string offset=370
.Linfo_string36:
	.asciz	"GPB_MFPL"                      @ string offset=379
.Linfo_string37:
	.asciz	"GPB_MFPH"                      @ string offset=388
.Linfo_string38:
	.asciz	"GPC_MFPL"                      @ string offset=397
.Linfo_string39:
	.asciz	"GPC_MFPH"                      @ string offset=406
.Linfo_string40:
	.asciz	"GPD_MFPL"                      @ string offset=415
.Linfo_string41:
	.asciz	"GPD_MFPH"                      @ string offset=424
.Linfo_string42:
	.asciz	"GPE_MFPL"                      @ string offset=433
.Linfo_string43:
	.asciz	"GPE_MFPH"                      @ string offset=442
.Linfo_string44:
	.asciz	"GPF_MFPL"                      @ string offset=451
.Linfo_string45:
	.asciz	"GPF_MFPH"                      @ string offset=460
.Linfo_string46:
	.asciz	"GPG_MFPL"                      @ string offset=469
.Linfo_string47:
	.asciz	"GPG_MFPH"                      @ string offset=478
.Linfo_string48:
	.asciz	"GPH_MFPL"                      @ string offset=487
.Linfo_string49:
	.asciz	"GPH_MFPH"                      @ string offset=496
.Linfo_string50:
	.asciz	"LPLDOCTL"                      @ string offset=505
.Linfo_string51:
	.asciz	"RESERVE4"                      @ string offset=514
.Linfo_string52:
	.asciz	"MODCTL"                        @ string offset=523
.Linfo_string53:
	.asciz	"RESERVE5"                      @ string offset=530
.Linfo_string54:
	.asciz	"SRAM_BISTCTL"                  @ string offset=539
.Linfo_string55:
	.asciz	"SRAM_BISTSTS"                  @ string offset=552
.Linfo_string56:
	.asciz	"SRAM_PARITY"                   @ string offset=565
.Linfo_string57:
	.asciz	"SRAM_INTCTL"                   @ string offset=577
.Linfo_string58:
	.asciz	"SRAM_STATUS"                   @ string offset=589
.Linfo_string59:
	.asciz	"SRAM_ERRADDR"                  @ string offset=601
.Linfo_string60:
	.asciz	"RESERVE6"                      @ string offset=614
.Linfo_string61:
	.asciz	"HIRCTRIMCTL"                   @ string offset=623
.Linfo_string62:
	.asciz	"HIRCTRIMIEN"                   @ string offset=635
.Linfo_string63:
	.asciz	"HIRCTRIMSTS"                   @ string offset=647
.Linfo_string64:
	.asciz	"RESERVE7"                      @ string offset=659
.Linfo_string65:
	.asciz	"REGLCTL"                       @ string offset=668
.Linfo_string66:
	.asciz	"RESERVE8"                      @ string offset=676
.Linfo_string67:
	.asciz	"HIRCADJ"                       @ string offset=685
.Linfo_string68:
	.asciz	"RESERVE9"                      @ string offset=693
.Linfo_string69:
	.asciz	"LDOTRIM"                       @ string offset=702
.Linfo_string70:
	.asciz	"LVR16TRIM"                     @ string offset=710
.Linfo_string71:
	.asciz	"RESERVE10"                     @ string offset=720
.Linfo_string72:
	.asciz	"LIRCT"                         @ string offset=730
.Linfo_string73:
	.asciz	"RESERVE11"                     @ string offset=736
.Linfo_string74:
	.asciz	"LVR17TRIM"                     @ string offset=746
.Linfo_string75:
	.asciz	"LVR20TRIM"                     @ string offset=756
.Linfo_string76:
	.asciz	"LVR25TRIM"                     @ string offset=766
.Linfo_string77:
	.asciz	"uLDOVITRIM"                    @ string offset=776
.Linfo_string78:
	.asciz	"LVRITRIMSEL"                   @ string offset=787
.Linfo_string79:
	.asciz	"RESERVE12"                     @ string offset=799
.Linfo_string80:
	.asciz	"HIRCTCTL"                      @ string offset=809
.Linfo_string81:
	.asciz	"ADCCHIP"                       @ string offset=818
.Linfo_string82:
	.asciz	"HXTTCTL"                       @ string offset=826
.Linfo_string83:
	.asciz	"RESERVE13"                     @ string offset=834
.Linfo_string84:
	.asciz	"PORDISAN"                      @ string offset=844
.Linfo_string85:
	.asciz	"SYS_T"                         @ string offset=853
.Linfo_string86:
	.asciz	"set_IAP_boot_mode"             @ string offset=859
.Linfo_string87:
	.asciz	"int"                           @ string offset=877
.Linfo_string88:
	.asciz	"ReadFMCDataBuffer"             @ string offset=881
.Linfo_string89:
	.asciz	"EraseFMCData"                  @ string offset=899
.Linfo_string90:
	.asciz	"WriteFMCData"                  @ string offset=912
.Linfo_string91:
	.asciz	"au32Config"                    @ string offset=925
.Linfo_string92:
	.asciz	"rxBuff"                        @ string offset=936
.Linfo_string93:
	.asciz	"unsigned char"                 @ string offset=943
.Linfo_string94:
	.asciz	"uint8_t"                       @ string offset=957
.Linfo_string95:
	.asciz	"strAdd"                        @ string offset=965
.Linfo_string96:
	.asciz	"size"                          @ string offset=972
.Linfo_string97:
	.asciz	"u32add"                        @ string offset=977
.Linfo_string98:
	.asciz	"u32data"                       @ string offset=984
.Linfo_string99:
	.asciz	"DataBuff"                      @ string offset=992
	.ident	"Component: ARM Compiler 6.16 Tool: armclang [5dfeb700]"
	.section	".note.GNU-stack","",%progbits
	.eabi_attribute	30, 6	@ Tag_ABI_optimization_goals
	.ARM_attribute	16, 1	@ Tag_AV_eba
	.section	.debug_line,"",%progbits
.Lline_table_start0:
