	.text
	.syntax unified
	.eabi_attribute	67, "2.09"	@ Tag_conformance
	.cpu	cortex-m0
	.eabi_attribute	6, 12	@ Tag_CPU_arch
	.eabi_attribute	7, 77	@ Tag_CPU_arch_profile
	.eabi_attribute	8, 0	@ Tag_ARM_ISA_use
	.eabi_attribute	9, 1	@ Tag_THUMB_ISA_use
	.eabi_attribute	34, 0	@ Tag_CPU_unaligned_access
	.eabi_attribute	17, 1	@ Tag_ABI_PCS_GOT_use
	.eabi_attribute	20, 2	@ Tag_ABI_FP_denormal
	.eabi_attribute	21, 0	@ Tag_ABI_FP_exceptions
	.eabi_attribute	23, 1	@ Tag_ABI_FP_number_model
	.eabi_attribute	24, 1	@ Tag_ABI_align_needed
	.eabi_attribute	25, 1	@ Tag_ABI_align_preserved
	.eabi_attribute	38, 1	@ Tag_ABI_FP_16bit_format
	.eabi_attribute	18, 2	@ Tag_ABI_PCS_wchar_t
	.eabi_attribute	26, 1	@ Tag_ABI_enum_size
	.eabi_attribute	14, 0	@ Tag_ABI_PCS_R9_use
	.file	"FMCUser.c"
	.section	.text.ReadFMCDataBuffer,"ax",%progbits
	.hidden	ReadFMCDataBuffer               @ -- Begin function ReadFMCDataBuffer
	.globl	ReadFMCDataBuffer
	.p2align	1
	.type	ReadFMCDataBuffer,%function
	.code	16                              @ @ReadFMCDataBuffer
	.thumb_func
ReadFMCDataBuffer:
.Lfunc_begin0:
	.file	1 "D:\\Projects\\CCMS\\CCMSFlorida\\BootLoader\\Keil" "../Source/FMCUser.c"
	.loc	1 5 0                           @ ../Source/FMCUser.c:5:0
	.fnstart
	.cfi_sections .debug_frame
	.cfi_startproc
@ %bb.0:
	.save	{r7, lr}
	push	{r7, lr}
	.cfi_def_cfa_offset 8
	.cfi_offset lr, -4
	.cfi_offset r7, -8
	.pad	#24
	sub	sp, #24
	.cfi_def_cfa_offset 32
	str	r0, [sp, #20]
	str	r1, [sp, #16]
	str	r2, [sp, #12]
.Ltmp0:
	.loc	1 10 15 prologue_end            @ ../Source/FMCUser.c:10:15
	ldr	r0, [sp, #16]
	.loc	1 10 13 is_stmt 0               @ ../Source/FMCUser.c:10:13
	str	r0, [sp, #8]
	.loc	1 10 6                          @ ../Source/FMCUser.c:10:6
	b	.LBB0_1
.LBB0_1:                                @ =>This Inner Loop Header: Depth=1
.Ltmp1:
	.loc	1 10 22                         @ ../Source/FMCUser.c:10:22
	ldr	r0, [sp, #8]
	.loc	1 10 32                         @ ../Source/FMCUser.c:10:32
	ldr	r1, [sp, #16]
	.loc	1 10 41                         @ ../Source/FMCUser.c:10:41
	ldr	r2, [sp, #12]
	.loc	1 10 39                         @ ../Source/FMCUser.c:10:39
	adds	r1, r1, r2
.Ltmp2:
	.loc	1 10 2                          @ ../Source/FMCUser.c:10:2
	cmp	r0, r1
	bhs	.LBB0_10
	b	.LBB0_2
.LBB0_2:                                @   in Loop: Header=BB0_1 Depth=1
.Ltmp3:
	.loc	1 12 22 is_stmt 1               @ ../Source/FMCUser.c:12:22
	ldr	r0, [sp, #8]
	.loc	1 12 13 is_stmt 0               @ ../Source/FMCUser.c:12:13
	bl	FMC_Read
	.loc	1 12 11                         @ ../Source/FMCUser.c:12:11
	str	r0, [sp, #4]
	add	r0, sp, #4
	.loc	1 13 29 is_stmt 1               @ ../Source/FMCUser.c:13:29
	ldrb	r0, [r0, #3]
	.loc	1 13 3 is_stmt 0                @ ../Source/FMCUser.c:13:3
	ldr	r1, [sp, #20]
	.loc	1 13 10                         @ ../Source/FMCUser.c:13:10
	ldr	r2, [sp, #8]
	.loc	1 13 17                         @ ../Source/FMCUser.c:13:17
	ldr	r3, [sp, #16]
	.loc	1 13 16                         @ ../Source/FMCUser.c:13:16
	subs	r2, r2, r3
	.loc	1 13 25                         @ ../Source/FMCUser.c:13:25
	strb	r0, [r1, r2]
.Ltmp4:
	.loc	1 14 7 is_stmt 1                @ ../Source/FMCUser.c:14:7
	ldr	r0, [sp, #8]
	.loc	1 14 14 is_stmt 0               @ ../Source/FMCUser.c:14:14
	ldr	r1, [sp, #16]
	.loc	1 14 13                         @ ../Source/FMCUser.c:14:13
	subs	r0, r0, r1
	.loc	1 14 20                         @ ../Source/FMCUser.c:14:20
	adds	r0, r0, #1
	.loc	1 14 26                         @ ../Source/FMCUser.c:14:26
	ldr	r1, [sp, #12]
.Ltmp5:
	.loc	1 14 6                          @ ../Source/FMCUser.c:14:6
	cmp	r0, r1
	bhs	.LBB0_4
	b	.LBB0_3
.LBB0_3:                                @   in Loop: Header=BB0_1 Depth=1
	.loc	1 0 6                           @ ../Source/FMCUser.c:0:6
	add	r0, sp, #4
.Ltmp6:
	.loc	1 15 31 is_stmt 1               @ ../Source/FMCUser.c:15:31
	ldrh	r0, [r0, #2]
	.loc	1 15 4 is_stmt 0                @ ../Source/FMCUser.c:15:4
	ldr	r2, [sp, #20]
	.loc	1 15 11                         @ ../Source/FMCUser.c:15:11
	ldr	r1, [sp, #8]
	.loc	1 15 18                         @ ../Source/FMCUser.c:15:18
	ldr	r3, [sp, #16]
	.loc	1 15 17                         @ ../Source/FMCUser.c:15:17
	subs	r1, r1, r3
	.loc	1 15 24                         @ ../Source/FMCUser.c:15:24
	adds	r1, r1, r2
	.loc	1 15 28                         @ ../Source/FMCUser.c:15:28
	strb	r0, [r1, #1]
	.loc	1 15 4                          @ ../Source/FMCUser.c:15:4
	b	.LBB0_4
.Ltmp7:
.LBB0_4:                                @   in Loop: Header=BB0_1 Depth=1
	.loc	1 18 7 is_stmt 1                @ ../Source/FMCUser.c:18:7
	ldr	r0, [sp, #8]
	.loc	1 18 14 is_stmt 0               @ ../Source/FMCUser.c:18:14
	ldr	r1, [sp, #16]
	.loc	1 18 13                         @ ../Source/FMCUser.c:18:13
	subs	r0, r0, r1
	.loc	1 18 20                         @ ../Source/FMCUser.c:18:20
	adds	r0, r0, #2
	.loc	1 18 26                         @ ../Source/FMCUser.c:18:26
	ldr	r1, [sp, #12]
.Ltmp8:
	.loc	1 18 6                          @ ../Source/FMCUser.c:18:6
	cmp	r0, r1
	bhs	.LBB0_6
	b	.LBB0_5
.LBB0_5:                                @   in Loop: Header=BB0_1 Depth=1
.Ltmp9:
	.loc	1 19 31 is_stmt 1               @ ../Source/FMCUser.c:19:31
	ldr	r0, [sp, #4]
	.loc	1 19 53 is_stmt 0               @ ../Source/FMCUser.c:19:53
	lsrs	r0, r0, #8
	.loc	1 19 4                          @ ../Source/FMCUser.c:19:4
	ldr	r2, [sp, #20]
	.loc	1 19 11                         @ ../Source/FMCUser.c:19:11
	ldr	r1, [sp, #8]
	.loc	1 19 18                         @ ../Source/FMCUser.c:19:18
	ldr	r3, [sp, #16]
	.loc	1 19 17                         @ ../Source/FMCUser.c:19:17
	subs	r1, r1, r3
	.loc	1 19 24                         @ ../Source/FMCUser.c:19:24
	adds	r1, r1, r2
	.loc	1 19 28                         @ ../Source/FMCUser.c:19:28
	strb	r0, [r1, #2]
	.loc	1 19 4                          @ ../Source/FMCUser.c:19:4
	b	.LBB0_6
.Ltmp10:
.LBB0_6:                                @   in Loop: Header=BB0_1 Depth=1
	.loc	1 22 7 is_stmt 1                @ ../Source/FMCUser.c:22:7
	ldr	r0, [sp, #8]
	.loc	1 22 14 is_stmt 0               @ ../Source/FMCUser.c:22:14
	ldr	r1, [sp, #16]
	.loc	1 22 13                         @ ../Source/FMCUser.c:22:13
	subs	r0, r0, r1
	.loc	1 22 20                         @ ../Source/FMCUser.c:22:20
	adds	r0, r0, #3
	.loc	1 22 26                         @ ../Source/FMCUser.c:22:26
	ldr	r1, [sp, #12]
.Ltmp11:
	.loc	1 22 6                          @ ../Source/FMCUser.c:22:6
	cmp	r0, r1
	bhs	.LBB0_8
	b	.LBB0_7
.LBB0_7:                                @   in Loop: Header=BB0_1 Depth=1
.Ltmp12:
	.loc	1 23 31 is_stmt 1               @ ../Source/FMCUser.c:23:31
	ldr	r0, [sp, #4]
	.loc	1 23 4 is_stmt 0                @ ../Source/FMCUser.c:23:4
	ldr	r2, [sp, #20]
	.loc	1 23 11                         @ ../Source/FMCUser.c:23:11
	ldr	r1, [sp, #8]
	.loc	1 23 18                         @ ../Source/FMCUser.c:23:18
	ldr	r3, [sp, #16]
	.loc	1 23 17                         @ ../Source/FMCUser.c:23:17
	subs	r1, r1, r3
	.loc	1 23 24                         @ ../Source/FMCUser.c:23:24
	adds	r1, r1, r2
	.loc	1 23 28                         @ ../Source/FMCUser.c:23:28
	strb	r0, [r1, #3]
	.loc	1 23 4                          @ ../Source/FMCUser.c:23:4
	b	.LBB0_8
.Ltmp13:
.LBB0_8:                                @   in Loop: Header=BB0_1 Depth=1
	.loc	1 25 2 is_stmt 1                @ ../Source/FMCUser.c:25:2
	b	.LBB0_9
.Ltmp14:
.LBB0_9:                                @   in Loop: Header=BB0_1 Depth=1
	.loc	1 10 54                         @ ../Source/FMCUser.c:10:54
	ldr	r0, [sp, #8]
	adds	r0, r0, #4
	str	r0, [sp, #8]
	.loc	1 10 2 is_stmt 0                @ ../Source/FMCUser.c:10:2
	b	.LBB0_1
.Ltmp15:
.LBB0_10:
	.loc	1 27 1 is_stmt 1                @ ../Source/FMCUser.c:27:1
	add	sp, #24
	pop	{r7, pc}
.Ltmp16:
.Lfunc_end0:
	.size	ReadFMCDataBuffer, .Lfunc_end0-ReadFMCDataBuffer
	.cfi_endproc
	.cantunwind
	.fnend
                                        @ -- End function
	.section	.text.EraseFMCData,"ax",%progbits
	.hidden	EraseFMCData                    @ -- Begin function EraseFMCData
	.globl	EraseFMCData
	.p2align	1
	.type	EraseFMCData,%function
	.code	16                              @ @EraseFMCData
	.thumb_func
EraseFMCData:
.Lfunc_begin1:
	.loc	1 30 0                          @ ../Source/FMCUser.c:30:0
	.fnstart
	.cfi_startproc
@ %bb.0:
	.save	{r7, lr}
	push	{r7, lr}
	.cfi_def_cfa_offset 8
	.cfi_offset lr, -4
	.cfi_offset r7, -8
	.pad	#16
	sub	sp, #16
	.cfi_def_cfa_offset 24
	str	r0, [sp, #12]
	str	r1, [sp, #8]
.Ltmp17:
	.loc	1 33 15 prologue_end            @ ../Source/FMCUser.c:33:15
	ldr	r0, [sp, #12]
	.loc	1 33 13 is_stmt 0               @ ../Source/FMCUser.c:33:13
	str	r0, [sp, #4]
	.loc	1 33 6                          @ ../Source/FMCUser.c:33:6
	b	.LBB1_1
.LBB1_1:                                @ =>This Inner Loop Header: Depth=1
.Ltmp18:
	.loc	1 33 23                         @ ../Source/FMCUser.c:33:23
	ldr	r0, [sp, #4]
	.loc	1 33 33                         @ ../Source/FMCUser.c:33:33
	ldr	r1, [sp, #12]
	.loc	1 33 40                         @ ../Source/FMCUser.c:33:40
	ldr	r2, [sp, #8]
	.loc	1 33 39                         @ ../Source/FMCUser.c:33:39
	adds	r1, r1, r2
.Ltmp19:
	.loc	1 33 2                          @ ../Source/FMCUser.c:33:2
	cmp	r0, r1
	bhs	.LBB1_6
	b	.LBB1_2
.LBB1_2:                                @   in Loop: Header=BB1_1 Depth=1
.Ltmp20:
	.loc	1 35 16 is_stmt 1               @ ../Source/FMCUser.c:35:16
	ldr	r0, [sp, #4]
	.loc	1 35 6 is_stmt 0                @ ../Source/FMCUser.c:35:6
	bl	FMC_Erase
.Ltmp21:
	.loc	1 35 6                          @ ../Source/FMCUser.c:35:6
	cmp	r0, #0
	bpl	.LBB1_4
	b	.LBB1_3
.LBB1_3:
	.loc	1 0 6                           @ ../Source/FMCUser.c:0:6
	movs	r0, #10
.Ltmp22:
	.loc	1 37 4 is_stmt 1                @ ../Source/FMCUser.c:37:4
	bl	DelayMS
	.loc	1 38 4                          @ ../Source/FMCUser.c:38:4
	b	.LBB1_12
.Ltmp23:
.LBB1_4:                                @   in Loop: Header=BB1_1 Depth=1
	.loc	1 40 2                          @ ../Source/FMCUser.c:40:2
	b	.LBB1_5
.Ltmp24:
.LBB1_5:                                @   in Loop: Header=BB1_1 Depth=1
	.loc	1 33 52                         @ ../Source/FMCUser.c:33:52
	ldr	r0, [sp, #4]
	movs	r1, #1
	lsls	r1, r1, #9
	adds	r0, r0, r1
	str	r0, [sp, #4]
	.loc	1 33 2 is_stmt 0                @ ../Source/FMCUser.c:33:2
	b	.LBB1_1
.Ltmp25:
.LBB1_6:
	.loc	1 41 15 is_stmt 1               @ ../Source/FMCUser.c:41:15
	ldr	r0, [sp, #12]
	.loc	1 41 13 is_stmt 0               @ ../Source/FMCUser.c:41:13
	str	r0, [sp, #4]
	.loc	1 41 6                          @ ../Source/FMCUser.c:41:6
	b	.LBB1_7
.LBB1_7:                                @ =>This Inner Loop Header: Depth=1
.Ltmp26:
	.loc	1 41 23                         @ ../Source/FMCUser.c:41:23
	ldr	r0, [sp, #4]
	.loc	1 41 33                         @ ../Source/FMCUser.c:41:33
	ldr	r1, [sp, #12]
	.loc	1 41 40                         @ ../Source/FMCUser.c:41:40
	ldr	r2, [sp, #8]
	.loc	1 41 39                         @ ../Source/FMCUser.c:41:39
	adds	r1, r1, r2
.Ltmp27:
	.loc	1 41 2                          @ ../Source/FMCUser.c:41:2
	cmp	r0, r1
	bhs	.LBB1_12
	b	.LBB1_8
.LBB1_8:                                @   in Loop: Header=BB1_7 Depth=1
.Ltmp28:
	.loc	1 43 22 is_stmt 1               @ ../Source/FMCUser.c:43:22
	ldr	r0, [sp, #4]
	.loc	1 43 13 is_stmt 0               @ ../Source/FMCUser.c:43:13
	bl	FMC_Read
	.loc	1 43 11                         @ ../Source/FMCUser.c:43:11
	str	r0, [sp]
.Ltmp29:
	.loc	1 44 6 is_stmt 1                @ ../Source/FMCUser.c:44:6
	ldr	r0, [sp]
.Ltmp30:
	.loc	1 44 6 is_stmt 0                @ ../Source/FMCUser.c:44:6
	adds	r0, r0, #1
	cmp	r0, #0
	beq	.LBB1_10
	b	.LBB1_9
.LBB1_9:
	.loc	1 0 6                           @ ../Source/FMCUser.c:0:6
	movs	r0, #10
.Ltmp31:
	.loc	1 46 4 is_stmt 1                @ ../Source/FMCUser.c:46:4
	bl	DelayMS
	.loc	1 47 4                          @ ../Source/FMCUser.c:47:4
	b	.LBB1_12
.Ltmp32:
.LBB1_10:                               @   in Loop: Header=BB1_7 Depth=1
	.loc	1 49 2                          @ ../Source/FMCUser.c:49:2
	b	.LBB1_11
.Ltmp33:
.LBB1_11:                               @   in Loop: Header=BB1_7 Depth=1
	.loc	1 41 52                         @ ../Source/FMCUser.c:41:52
	ldr	r0, [sp, #4]
	adds	r0, r0, #4
	str	r0, [sp, #4]
	.loc	1 41 2 is_stmt 0                @ ../Source/FMCUser.c:41:2
	b	.LBB1_7
.Ltmp34:
.LBB1_12:
	.loc	1 51 1 is_stmt 1                @ ../Source/FMCUser.c:51:1
	add	sp, #16
	pop	{r7, pc}
.Ltmp35:
.Lfunc_end1:
	.size	EraseFMCData, .Lfunc_end1-EraseFMCData
	.cfi_endproc
	.cantunwind
	.fnend
                                        @ -- End function
	.section	.text.WriteFMCData,"ax",%progbits
	.hidden	WriteFMCData                    @ -- Begin function WriteFMCData
	.globl	WriteFMCData
	.p2align	1
	.type	WriteFMCData,%function
	.code	16                              @ @WriteFMCData
	.thumb_func
WriteFMCData:
.Lfunc_begin2:
	.loc	1 54 0                          @ ../Source/FMCUser.c:54:0
	.fnstart
	.cfi_startproc
@ %bb.0:
	.save	{r7, lr}
	push	{r7, lr}
	.cfi_def_cfa_offset 8
	.cfi_offset lr, -4
	.cfi_offset r7, -8
	.pad	#24
	sub	sp, #24
	.cfi_def_cfa_offset 32
	str	r0, [sp, #20]
	str	r1, [sp, #16]
	str	r2, [sp, #12]
.Ltmp36:
	.loc	1 57 15 prologue_end            @ ../Source/FMCUser.c:57:15
	ldr	r0, [sp, #16]
	.loc	1 57 13 is_stmt 0               @ ../Source/FMCUser.c:57:13
	str	r0, [sp, #8]
	.loc	1 57 6                          @ ../Source/FMCUser.c:57:6
	b	.LBB2_1
.LBB2_1:                                @ =>This Inner Loop Header: Depth=1
.Ltmp37:
	.loc	1 57 22                         @ ../Source/FMCUser.c:57:22
	ldr	r0, [sp, #8]
	.loc	1 57 32                         @ ../Source/FMCUser.c:57:32
	ldr	r1, [sp, #16]
	.loc	1 57 41                         @ ../Source/FMCUser.c:57:41
	ldr	r2, [sp, #12]
	.loc	1 57 39                         @ ../Source/FMCUser.c:57:39
	adds	r1, r1, r2
.Ltmp38:
	.loc	1 57 2                          @ ../Source/FMCUser.c:57:2
	cmp	r0, r1
	bhs	.LBB2_10
	b	.LBB2_2
.LBB2_2:                                @   in Loop: Header=BB2_1 Depth=1
.Ltmp39:
	.loc	1 59 13 is_stmt 1               @ ../Source/FMCUser.c:59:13
	ldr	r0, [sp, #20]
	.loc	1 59 22 is_stmt 0               @ ../Source/FMCUser.c:59:22
	ldr	r1, [sp, #8]
	.loc	1 59 31                         @ ../Source/FMCUser.c:59:31
	ldr	r2, [sp, #16]
	.loc	1 59 29                         @ ../Source/FMCUser.c:59:29
	subs	r1, r1, r2
	.loc	1 59 13                         @ ../Source/FMCUser.c:59:13
	ldrb	r0, [r0, r1]
	.loc	1 59 39                         @ ../Source/FMCUser.c:59:39
	lsls	r0, r0, #24
	.loc	1 59 11                         @ ../Source/FMCUser.c:59:11
	str	r0, [sp, #4]
.Ltmp40:
	.loc	1 60 7 is_stmt 1                @ ../Source/FMCUser.c:60:7
	ldr	r0, [sp, #8]
	.loc	1 60 16 is_stmt 0               @ ../Source/FMCUser.c:60:16
	ldr	r1, [sp, #16]
	.loc	1 60 14                         @ ../Source/FMCUser.c:60:14
	subs	r0, r0, r1
	.loc	1 60 22                         @ ../Source/FMCUser.c:60:22
	adds	r0, r0, #1
	.loc	1 60 27                         @ ../Source/FMCUser.c:60:27
	ldr	r1, [sp, #12]
.Ltmp41:
	.loc	1 60 6                          @ ../Source/FMCUser.c:60:6
	cmp	r0, r1
	bhs	.LBB2_4
	b	.LBB2_3
.LBB2_3:                                @   in Loop: Header=BB2_1 Depth=1
.Ltmp42:
	.loc	1 61 14 is_stmt 1               @ ../Source/FMCUser.c:61:14
	ldr	r1, [sp, #20]
	.loc	1 61 23 is_stmt 0               @ ../Source/FMCUser.c:61:23
	ldr	r0, [sp, #8]
	.loc	1 61 30                         @ ../Source/FMCUser.c:61:30
	ldr	r2, [sp, #16]
	.loc	1 61 29                         @ ../Source/FMCUser.c:61:29
	subs	r0, r0, r2
	.loc	1 61 36                         @ ../Source/FMCUser.c:61:36
	adds	r0, r0, r1
	.loc	1 61 14                         @ ../Source/FMCUser.c:61:14
	ldrb	r0, [r0, #1]
	.loc	1 61 40                         @ ../Source/FMCUser.c:61:40
	lsls	r1, r0, #16
	.loc	1 61 11                         @ ../Source/FMCUser.c:61:11
	ldr	r0, [sp, #4]
	orrs	r0, r1
	str	r0, [sp, #4]
	.loc	1 61 4                          @ ../Source/FMCUser.c:61:4
	b	.LBB2_4
.Ltmp43:
.LBB2_4:                                @   in Loop: Header=BB2_1 Depth=1
	.loc	1 62 7 is_stmt 1                @ ../Source/FMCUser.c:62:7
	ldr	r0, [sp, #8]
	.loc	1 62 16 is_stmt 0               @ ../Source/FMCUser.c:62:16
	ldr	r1, [sp, #16]
	.loc	1 62 14                         @ ../Source/FMCUser.c:62:14
	subs	r0, r0, r1
	.loc	1 62 22                         @ ../Source/FMCUser.c:62:22
	adds	r0, r0, #2
	.loc	1 62 27                         @ ../Source/FMCUser.c:62:27
	ldr	r1, [sp, #12]
.Ltmp44:
	.loc	1 62 6                          @ ../Source/FMCUser.c:62:6
	cmp	r0, r1
	bhs	.LBB2_6
	b	.LBB2_5
.LBB2_5:                                @   in Loop: Header=BB2_1 Depth=1
.Ltmp45:
	.loc	1 63 14 is_stmt 1               @ ../Source/FMCUser.c:63:14
	ldr	r1, [sp, #20]
	.loc	1 63 23 is_stmt 0               @ ../Source/FMCUser.c:63:23
	ldr	r0, [sp, #8]
	.loc	1 63 30                         @ ../Source/FMCUser.c:63:30
	ldr	r2, [sp, #16]
	.loc	1 63 29                         @ ../Source/FMCUser.c:63:29
	subs	r0, r0, r2
	.loc	1 63 36                         @ ../Source/FMCUser.c:63:36
	adds	r0, r0, r1
	.loc	1 63 14                         @ ../Source/FMCUser.c:63:14
	ldrb	r0, [r0, #2]
	.loc	1 63 40                         @ ../Source/FMCUser.c:63:40
	lsls	r1, r0, #8
	.loc	1 63 11                         @ ../Source/FMCUser.c:63:11
	ldr	r0, [sp, #4]
	orrs	r0, r1
	str	r0, [sp, #4]
	.loc	1 63 4                          @ ../Source/FMCUser.c:63:4
	b	.LBB2_6
.Ltmp46:
.LBB2_6:                                @   in Loop: Header=BB2_1 Depth=1
	.loc	1 64 7 is_stmt 1                @ ../Source/FMCUser.c:64:7
	ldr	r0, [sp, #8]
	.loc	1 64 16 is_stmt 0               @ ../Source/FMCUser.c:64:16
	ldr	r1, [sp, #16]
	.loc	1 64 14                         @ ../Source/FMCUser.c:64:14
	subs	r0, r0, r1
	.loc	1 64 22                         @ ../Source/FMCUser.c:64:22
	adds	r0, r0, #3
	.loc	1 64 27                         @ ../Source/FMCUser.c:64:27
	ldr	r1, [sp, #12]
.Ltmp47:
	.loc	1 64 6                          @ ../Source/FMCUser.c:64:6
	cmp	r0, r1
	bhs	.LBB2_8
	b	.LBB2_7
.LBB2_7:                                @   in Loop: Header=BB2_1 Depth=1
.Ltmp48:
	.loc	1 65 14 is_stmt 1               @ ../Source/FMCUser.c:65:14
	ldr	r1, [sp, #20]
	.loc	1 65 23 is_stmt 0               @ ../Source/FMCUser.c:65:23
	ldr	r0, [sp, #8]
	.loc	1 65 30                         @ ../Source/FMCUser.c:65:30
	ldr	r2, [sp, #16]
	.loc	1 65 29                         @ ../Source/FMCUser.c:65:29
	subs	r0, r0, r2
	.loc	1 65 36                         @ ../Source/FMCUser.c:65:36
	adds	r0, r0, r1
	.loc	1 65 14                         @ ../Source/FMCUser.c:65:14
	ldrb	r1, [r0, #3]
	.loc	1 65 11                         @ ../Source/FMCUser.c:65:11
	ldr	r0, [sp, #4]
	orrs	r0, r1
	str	r0, [sp, #4]
	.loc	1 65 4                          @ ../Source/FMCUser.c:65:4
	b	.LBB2_8
.Ltmp49:
.LBB2_8:                                @   in Loop: Header=BB2_1 Depth=1
	.loc	1 67 13 is_stmt 1               @ ../Source/FMCUser.c:67:13
	ldr	r0, [sp, #8]
	.loc	1 67 21 is_stmt 0               @ ../Source/FMCUser.c:67:21
	ldr	r1, [sp, #4]
	.loc	1 67 3                          @ ../Source/FMCUser.c:67:3
	bl	FMC_Write
	.loc	1 68 2 is_stmt 1                @ ../Source/FMCUser.c:68:2
	b	.LBB2_9
.Ltmp50:
.LBB2_9:                                @   in Loop: Header=BB2_1 Depth=1
	.loc	1 57 54                         @ ../Source/FMCUser.c:57:54
	ldr	r0, [sp, #8]
	adds	r0, r0, #4
	str	r0, [sp, #8]
	.loc	1 57 2 is_stmt 0                @ ../Source/FMCUser.c:57:2
	b	.LBB2_1
.Ltmp51:
.LBB2_10:
	.loc	1 69 1 is_stmt 1                @ ../Source/FMCUser.c:69:1
	add	sp, #24
	pop	{r7, pc}
.Ltmp52:
.Lfunc_end2:
	.size	WriteFMCData, .Lfunc_end2-WriteFMCData
	.cfi_endproc
	.cantunwind
	.fnend
                                        @ -- End function
	.file	2 "C:\\Keil_v5\\ARM\\ARMCLANG\\Bin\\..\\include" "stdint.h"
	.section	.debug_abbrev,"",%progbits
	.byte	1                               @ Abbreviation Code
	.byte	17                              @ DW_TAG_compile_unit
	.byte	1                               @ DW_CHILDREN_yes
	.byte	37                              @ DW_AT_producer
	.byte	14                              @ DW_FORM_strp
	.byte	19                              @ DW_AT_language
	.byte	5                               @ DW_FORM_data2
	.byte	3                               @ DW_AT_name
	.byte	14                              @ DW_FORM_strp
	.byte	16                              @ DW_AT_stmt_list
	.byte	23                              @ DW_FORM_sec_offset
	.byte	27                              @ DW_AT_comp_dir
	.byte	14                              @ DW_FORM_strp
	.byte	17                              @ DW_AT_low_pc
	.byte	1                               @ DW_FORM_addr
	.byte	85                              @ DW_AT_ranges
	.byte	23                              @ DW_FORM_sec_offset
	.byte	0                               @ EOM(1)
	.byte	0                               @ EOM(2)
	.byte	2                               @ Abbreviation Code
	.byte	46                              @ DW_TAG_subprogram
	.byte	1                               @ DW_CHILDREN_yes
	.byte	17                              @ DW_AT_low_pc
	.byte	1                               @ DW_FORM_addr
	.byte	18                              @ DW_AT_high_pc
	.byte	6                               @ DW_FORM_data4
	.byte	64                              @ DW_AT_frame_base
	.byte	24                              @ DW_FORM_exprloc
	.byte	3                               @ DW_AT_name
	.byte	14                              @ DW_FORM_strp
	.byte	58                              @ DW_AT_decl_file
	.byte	11                              @ DW_FORM_data1
	.byte	59                              @ DW_AT_decl_line
	.byte	11                              @ DW_FORM_data1
	.byte	39                              @ DW_AT_prototyped
	.byte	25                              @ DW_FORM_flag_present
	.byte	63                              @ DW_AT_external
	.byte	25                              @ DW_FORM_flag_present
	.byte	0                               @ EOM(1)
	.byte	0                               @ EOM(2)
	.byte	3                               @ Abbreviation Code
	.byte	5                               @ DW_TAG_formal_parameter
	.byte	0                               @ DW_CHILDREN_no
	.byte	2                               @ DW_AT_location
	.byte	24                              @ DW_FORM_exprloc
	.byte	3                               @ DW_AT_name
	.byte	14                              @ DW_FORM_strp
	.byte	58                              @ DW_AT_decl_file
	.byte	11                              @ DW_FORM_data1
	.byte	59                              @ DW_AT_decl_line
	.byte	11                              @ DW_FORM_data1
	.byte	73                              @ DW_AT_type
	.byte	19                              @ DW_FORM_ref4
	.byte	0                               @ EOM(1)
	.byte	0                               @ EOM(2)
	.byte	4                               @ Abbreviation Code
	.byte	52                              @ DW_TAG_variable
	.byte	0                               @ DW_CHILDREN_no
	.byte	2                               @ DW_AT_location
	.byte	24                              @ DW_FORM_exprloc
	.byte	3                               @ DW_AT_name
	.byte	14                              @ DW_FORM_strp
	.byte	58                              @ DW_AT_decl_file
	.byte	11                              @ DW_FORM_data1
	.byte	59                              @ DW_AT_decl_line
	.byte	11                              @ DW_FORM_data1
	.byte	73                              @ DW_AT_type
	.byte	19                              @ DW_FORM_ref4
	.byte	0                               @ EOM(1)
	.byte	0                               @ EOM(2)
	.byte	5                               @ Abbreviation Code
	.byte	15                              @ DW_TAG_pointer_type
	.byte	0                               @ DW_CHILDREN_no
	.byte	73                              @ DW_AT_type
	.byte	19                              @ DW_FORM_ref4
	.byte	0                               @ EOM(1)
	.byte	0                               @ EOM(2)
	.byte	6                               @ Abbreviation Code
	.byte	22                              @ DW_TAG_typedef
	.byte	0                               @ DW_CHILDREN_no
	.byte	73                              @ DW_AT_type
	.byte	19                              @ DW_FORM_ref4
	.byte	3                               @ DW_AT_name
	.byte	14                              @ DW_FORM_strp
	.byte	58                              @ DW_AT_decl_file
	.byte	11                              @ DW_FORM_data1
	.byte	59                              @ DW_AT_decl_line
	.byte	11                              @ DW_FORM_data1
	.byte	0                               @ EOM(1)
	.byte	0                               @ EOM(2)
	.byte	7                               @ Abbreviation Code
	.byte	36                              @ DW_TAG_base_type
	.byte	0                               @ DW_CHILDREN_no
	.byte	3                               @ DW_AT_name
	.byte	14                              @ DW_FORM_strp
	.byte	62                              @ DW_AT_encoding
	.byte	11                              @ DW_FORM_data1
	.byte	11                              @ DW_AT_byte_size
	.byte	11                              @ DW_FORM_data1
	.byte	0                               @ EOM(1)
	.byte	0                               @ EOM(2)
	.byte	0                               @ EOM(3)
	.section	.debug_info,"",%progbits
.Lcu_begin0:
	.long	.Ldebug_info_end0-.Ldebug_info_start0 @ Length of Unit
.Ldebug_info_start0:
	.short	4                               @ DWARF version number
	.long	.debug_abbrev                   @ Offset Into Abbrev. Section
	.byte	4                               @ Address Size (in bytes)
	.byte	1                               @ Abbrev [1] 0xb:0x13f DW_TAG_compile_unit
	.long	.Linfo_string0                  @ DW_AT_producer
	.short	12                              @ DW_AT_language
	.long	.Linfo_string1                  @ DW_AT_name
	.long	.Lline_table_start0             @ DW_AT_stmt_list
	.long	.Linfo_string2                  @ DW_AT_comp_dir
	.long	0                               @ DW_AT_low_pc
	.long	.Ldebug_ranges0                 @ DW_AT_ranges
	.byte	2                               @ Abbrev [2] 0x26:0x58 DW_TAG_subprogram
	.long	.Lfunc_begin0                   @ DW_AT_low_pc
	.long	.Lfunc_end0-.Lfunc_begin0       @ DW_AT_high_pc
	.byte	1                               @ DW_AT_frame_base
	.byte	93
	.long	.Linfo_string3                  @ DW_AT_name
	.byte	1                               @ DW_AT_decl_file
	.byte	4                               @ DW_AT_decl_line
                                        @ DW_AT_prototyped
                                        @ DW_AT_external
	.byte	3                               @ Abbrev [3] 0x37:0xe DW_TAG_formal_parameter
	.byte	2                               @ DW_AT_location
	.byte	145
	.byte	20
	.long	.Linfo_string6                  @ DW_AT_name
	.byte	1                               @ DW_AT_decl_file
	.byte	4                               @ DW_AT_decl_line
	.long	288                             @ DW_AT_type
	.byte	3                               @ Abbrev [3] 0x45:0xe DW_TAG_formal_parameter
	.byte	2                               @ DW_AT_location
	.byte	145
	.byte	16
	.long	.Linfo_string9                  @ DW_AT_name
	.byte	1                               @ DW_AT_decl_file
	.byte	4                               @ DW_AT_decl_line
	.long	311                             @ DW_AT_type
	.byte	3                               @ Abbrev [3] 0x53:0xe DW_TAG_formal_parameter
	.byte	2                               @ DW_AT_location
	.byte	145
	.byte	12
	.long	.Linfo_string12                 @ DW_AT_name
	.byte	1                               @ DW_AT_decl_file
	.byte	4                               @ DW_AT_decl_line
	.long	311                             @ DW_AT_type
	.byte	4                               @ Abbrev [4] 0x61:0xe DW_TAG_variable
	.byte	2                               @ DW_AT_location
	.byte	145
	.byte	8
	.long	.Linfo_string13                 @ DW_AT_name
	.byte	1                               @ DW_AT_decl_file
	.byte	6                               @ DW_AT_decl_line
	.long	311                             @ DW_AT_type
	.byte	4                               @ Abbrev [4] 0x6f:0xe DW_TAG_variable
	.byte	2                               @ DW_AT_location
	.byte	145
	.byte	4
	.long	.Linfo_string14                 @ DW_AT_name
	.byte	1                               @ DW_AT_decl_file
	.byte	7                               @ DW_AT_decl_line
	.long	311                             @ DW_AT_type
	.byte	0                               @ End Of Children Mark
	.byte	2                               @ Abbrev [2] 0x7e:0x4a DW_TAG_subprogram
	.long	.Lfunc_begin1                   @ DW_AT_low_pc
	.long	.Lfunc_end1-.Lfunc_begin1       @ DW_AT_high_pc
	.byte	1                               @ DW_AT_frame_base
	.byte	93
	.long	.Linfo_string4                  @ DW_AT_name
	.byte	1                               @ DW_AT_decl_file
	.byte	29                              @ DW_AT_decl_line
                                        @ DW_AT_prototyped
                                        @ DW_AT_external
	.byte	3                               @ Abbrev [3] 0x8f:0xe DW_TAG_formal_parameter
	.byte	2                               @ DW_AT_location
	.byte	145
	.byte	12
	.long	.Linfo_string9                  @ DW_AT_name
	.byte	1                               @ DW_AT_decl_file
	.byte	29                              @ DW_AT_decl_line
	.long	311                             @ DW_AT_type
	.byte	3                               @ Abbrev [3] 0x9d:0xe DW_TAG_formal_parameter
	.byte	2                               @ DW_AT_location
	.byte	145
	.byte	8
	.long	.Linfo_string12                 @ DW_AT_name
	.byte	1                               @ DW_AT_decl_file
	.byte	29                              @ DW_AT_decl_line
	.long	311                             @ DW_AT_type
	.byte	4                               @ Abbrev [4] 0xab:0xe DW_TAG_variable
	.byte	2                               @ DW_AT_location
	.byte	145
	.byte	4
	.long	.Linfo_string13                 @ DW_AT_name
	.byte	1                               @ DW_AT_decl_file
	.byte	31                              @ DW_AT_decl_line
	.long	311                             @ DW_AT_type
	.byte	4                               @ Abbrev [4] 0xb9:0xe DW_TAG_variable
	.byte	2                               @ DW_AT_location
	.byte	145
	.byte	0
	.long	.Linfo_string14                 @ DW_AT_name
	.byte	1                               @ DW_AT_decl_file
	.byte	32                              @ DW_AT_decl_line
	.long	311                             @ DW_AT_type
	.byte	0                               @ End Of Children Mark
	.byte	2                               @ Abbrev [2] 0xc8:0x58 DW_TAG_subprogram
	.long	.Lfunc_begin2                   @ DW_AT_low_pc
	.long	.Lfunc_end2-.Lfunc_begin2       @ DW_AT_high_pc
	.byte	1                               @ DW_AT_frame_base
	.byte	93
	.long	.Linfo_string5                  @ DW_AT_name
	.byte	1                               @ DW_AT_decl_file
	.byte	53                              @ DW_AT_decl_line
                                        @ DW_AT_prototyped
                                        @ DW_AT_external
	.byte	3                               @ Abbrev [3] 0xd9:0xe DW_TAG_formal_parameter
	.byte	2                               @ DW_AT_location
	.byte	145
	.byte	20
	.long	.Linfo_string15                 @ DW_AT_name
	.byte	1                               @ DW_AT_decl_file
	.byte	53                              @ DW_AT_decl_line
	.long	288                             @ DW_AT_type
	.byte	3                               @ Abbrev [3] 0xe7:0xe DW_TAG_formal_parameter
	.byte	2                               @ DW_AT_location
	.byte	145
	.byte	16
	.long	.Linfo_string9                  @ DW_AT_name
	.byte	1                               @ DW_AT_decl_file
	.byte	53                              @ DW_AT_decl_line
	.long	311                             @ DW_AT_type
	.byte	3                               @ Abbrev [3] 0xf5:0xe DW_TAG_formal_parameter
	.byte	2                               @ DW_AT_location
	.byte	145
	.byte	12
	.long	.Linfo_string12                 @ DW_AT_name
	.byte	1                               @ DW_AT_decl_file
	.byte	53                              @ DW_AT_decl_line
	.long	311                             @ DW_AT_type
	.byte	4                               @ Abbrev [4] 0x103:0xe DW_TAG_variable
	.byte	2                               @ DW_AT_location
	.byte	145
	.byte	8
	.long	.Linfo_string13                 @ DW_AT_name
	.byte	1                               @ DW_AT_decl_file
	.byte	55                              @ DW_AT_decl_line
	.long	311                             @ DW_AT_type
	.byte	4                               @ Abbrev [4] 0x111:0xe DW_TAG_variable
	.byte	2                               @ DW_AT_location
	.byte	145
	.byte	4
	.long	.Linfo_string14                 @ DW_AT_name
	.byte	1                               @ DW_AT_decl_file
	.byte	56                              @ DW_AT_decl_line
	.long	311                             @ DW_AT_type
	.byte	0                               @ End Of Children Mark
	.byte	5                               @ Abbrev [5] 0x120:0x5 DW_TAG_pointer_type
	.long	293                             @ DW_AT_type
	.byte	6                               @ Abbrev [6] 0x125:0xb DW_TAG_typedef
	.long	304                             @ DW_AT_type
	.long	.Linfo_string8                  @ DW_AT_name
	.byte	2                               @ DW_AT_decl_file
	.byte	62                              @ DW_AT_decl_line
	.byte	7                               @ Abbrev [7] 0x130:0x7 DW_TAG_base_type
	.long	.Linfo_string7                  @ DW_AT_name
	.byte	8                               @ DW_AT_encoding
	.byte	1                               @ DW_AT_byte_size
	.byte	6                               @ Abbrev [6] 0x137:0xb DW_TAG_typedef
	.long	322                             @ DW_AT_type
	.long	.Linfo_string11                 @ DW_AT_name
	.byte	2                               @ DW_AT_decl_file
	.byte	64                              @ DW_AT_decl_line
	.byte	7                               @ Abbrev [7] 0x142:0x7 DW_TAG_base_type
	.long	.Linfo_string10                 @ DW_AT_name
	.byte	7                               @ DW_AT_encoding
	.byte	4                               @ DW_AT_byte_size
	.byte	0                               @ End Of Children Mark
.Ldebug_info_end0:
	.section	.debug_ranges,"",%progbits
.Ldebug_ranges0:
	.long	.Lfunc_begin0
	.long	.Lfunc_end0
	.long	.Lfunc_begin1
	.long	.Lfunc_end1
	.long	.Lfunc_begin2
	.long	.Lfunc_end2
	.long	0
	.long	0
	.section	.debug_str,"MS",%progbits,1
.Linfo_string0:
	.asciz	"Component: ARM Compiler 6.16 Tool: armclang [5dfeb700]" @ string offset=0
.Linfo_string1:
	.asciz	"../Source\\FMCUser.c"          @ string offset=55
.Linfo_string2:
	.asciz	"D:\\Projects\\CCMS\\CCMSFlorida\\BootLoader\\Keil" @ string offset=75
.Linfo_string3:
	.asciz	"ReadFMCDataBuffer"             @ string offset=120
.Linfo_string4:
	.asciz	"EraseFMCData"                  @ string offset=138
.Linfo_string5:
	.asciz	"WriteFMCData"                  @ string offset=151
.Linfo_string6:
	.asciz	"rxBuff"                        @ string offset=164
.Linfo_string7:
	.asciz	"unsigned char"                 @ string offset=171
.Linfo_string8:
	.asciz	"uint8_t"                       @ string offset=185
.Linfo_string9:
	.asciz	"strAdd"                        @ string offset=193
.Linfo_string10:
	.asciz	"unsigned int"                  @ string offset=200
.Linfo_string11:
	.asciz	"uint32_t"                      @ string offset=213
.Linfo_string12:
	.asciz	"size"                          @ string offset=222
.Linfo_string13:
	.asciz	"u32add"                        @ string offset=227
.Linfo_string14:
	.asciz	"u32data"                       @ string offset=234
.Linfo_string15:
	.asciz	"DataBuff"                      @ string offset=242
	.ident	"Component: ARM Compiler 6.16 Tool: armclang [5dfeb700]"
	.section	".note.GNU-stack","",%progbits
	.eabi_attribute	30, 6	@ Tag_ABI_optimization_goals
	.ARM_attribute	16, 1	@ Tag_AV_eba
	.section	.debug_line,"",%progbits
.Lline_table_start0:
