	.text
	.syntax unified
	.eabi_attribute	67, "2.09"	@ Tag_conformance
	.cpu	cortex-m0
	.eabi_attribute	6, 12	@ Tag_CPU_arch
	.eabi_attribute	7, 77	@ Tag_CPU_arch_profile
	.eabi_attribute	8, 0	@ Tag_ARM_ISA_use
	.eabi_attribute	9, 1	@ Tag_THUMB_ISA_use
	.eabi_attribute	34, 0	@ Tag_CPU_unaligned_access
	.eabi_attribute	17, 1	@ Tag_ABI_PCS_GOT_use
	.eabi_attribute	20, 2	@ Tag_ABI_FP_denormal
	.eabi_attribute	21, 0	@ Tag_ABI_FP_exceptions
	.eabi_attribute	23, 1	@ Tag_ABI_FP_number_model
	.eabi_attribute	24, 1	@ Tag_ABI_align_needed
	.eabi_attribute	25, 1	@ Tag_ABI_align_preserved
	.eabi_attribute	38, 1	@ Tag_ABI_FP_16bit_format
	.eabi_attribute	18, 2	@ Tag_ABI_PCS_wchar_t
	.eabi_attribute	26, 1	@ Tag_ABI_enum_size
	.eabi_attribute	14, 0	@ Tag_ABI_PCS_R9_use
	.file	"Hardware.c"
	.file	1 "C:\\Keil_v5\\ARM\\ARMCLANG\\Bin\\..\\include" "stdint.h"
	.file	2 "D:\\Projects\\CCMS\\CCMSFlorida\\BootLoader\\Keil" "../../Library/Device/Nuvoton/M031/Include/sys_reg.h"
	.section	.text.SYS_Init,"ax",%progbits
	.hidden	SYS_Init                        @ -- Begin function SYS_Init
	.globl	SYS_Init
	.p2align	2
	.type	SYS_Init,%function
	.code	16                              @ @SYS_Init
	.thumb_func
SYS_Init:
.Lfunc_begin0:
	.file	3 "D:\\Projects\\CCMS\\CCMSFlorida\\BootLoader\\Keil" "../Source/Hardware.c"
	.loc	3 6 0                           @ ../Source/Hardware.c:6:0
	.fnstart
	.cfi_sections .debug_frame
	.cfi_startproc
@ %bb.0:
	.save	{r7, lr}
	push	{r7, lr}
	.cfi_def_cfa_offset 8
	.cfi_offset lr, -4
	.cfi_offset r7, -8
	.pad	#16
	sub	sp, #16
	.cfi_def_cfa_offset 24
	movs	r0, #4
.Ltmp0:
	.loc	3 11 5 prologue_end             @ ../Source/Hardware.c:11:5
	str	r0, [sp, #12]                   @ 4-byte Spill
	bl	CLK_EnableXtalRC
	movs	r0, #16
	.loc	3 14 5                          @ ../Source/Hardware.c:14:5
	bl	CLK_WaitClockReady
	movs	r0, #7
	movs	r1, #0
	.loc	3 17 5                          @ ../Source/Hardware.c:17:5
	str	r1, [sp, #8]                    @ 4-byte Spill
	bl	CLK_SetHCLK
	ldr	r0, __arm_cp.0_0
	.loc	3 20 5                          @ ../Source/Hardware.c:20:5
	str	r0, [sp, #4]                    @ 4-byte Spill
	bl	CLK_EnableModuleClock
	ldr	r0, [sp, #4]                    @ 4-byte Reload
	ldr	r2, [sp, #8]                    @ 4-byte Reload
	movs	r1, #3
	lsls	r1, r1, #24
	.loc	3 23 5                          @ ../Source/Hardware.c:23:5
	bl	CLK_SetModuleClock
	.loc	3 26 5                          @ ../Source/Hardware.c:26:5
	bl	SystemCoreClockUpdate
	ldr	r1, __arm_cp.0_1
	.loc	3 30 27                         @ ../Source/Hardware.c:30:27
	ldr	r0, [r1]
	movs	r2, #255
	lsls	r2, r2, #16
	.loc	3 30 36 is_stmt 0               @ ../Source/Hardware.c:30:36
	bics	r0, r2
	movs	r2, #51
	lsls	r2, r2, #17
	.loc	3 30 97                         @ ../Source/Hardware.c:30:97
	adds	r0, r0, r2
	.loc	3 30 19                         @ ../Source/Hardware.c:30:19
	str	r0, [r1]
	.loc	3 34 48 is_stmt 1               @ ../Source/Hardware.c:34:48
	bl	CLK_GetHCLKFreq
	movs	r1, #125
	lsls	r1, r1, #3
	.loc	3 34 66 is_stmt 0               @ ../Source/Hardware.c:34:66
	bl	__aeabi_uidiv
	mov	r1, r0
	.loc	3 34 3                          @ ../Source/Hardware.c:34:3
	ldr	r0, [sp, #12]                   @ 4-byte Reload
	bl	CLK_EnableSysTick
	.loc	3 37 1 is_stmt 1                @ ../Source/Hardware.c:37:1
	add	sp, #16
	pop	{r7, pc}
.Ltmp1:
	.p2align	2
@ %bb.1:
	.loc	3 0 1 is_stmt 0                 @ ../Source/Hardware.c:0:1
__arm_cp.0_0:
	.long	1602239760                      @ 0x5f803d10
.Lcpi_end0:
	.size	__arm_cp.0_0, .Lcpi_end0-__arm_cp.0_0
__arm_cp.0_1:
	.long	1073741884                      @ 0x4000003c
.Lcpi_end1:
	.size	__arm_cp.0_1, .Lcpi_end1-__arm_cp.0_1
.Lfunc_end0:
	.size	SYS_Init, .Lfunc_end0-SYS_Init
	.cfi_endproc
	.cantunwind
	.fnend
                                        @ -- End function
	.section	.debug_abbrev,"",%progbits
	.byte	1                               @ Abbreviation Code
	.byte	17                              @ DW_TAG_compile_unit
	.byte	1                               @ DW_CHILDREN_yes
	.byte	37                              @ DW_AT_producer
	.byte	14                              @ DW_FORM_strp
	.byte	19                              @ DW_AT_language
	.byte	5                               @ DW_FORM_data2
	.byte	3                               @ DW_AT_name
	.byte	14                              @ DW_FORM_strp
	.byte	16                              @ DW_AT_stmt_list
	.byte	23                              @ DW_FORM_sec_offset
	.byte	27                              @ DW_AT_comp_dir
	.byte	14                              @ DW_FORM_strp
	.byte	17                              @ DW_AT_low_pc
	.byte	1                               @ DW_FORM_addr
	.byte	18                              @ DW_AT_high_pc
	.byte	6                               @ DW_FORM_data4
	.byte	0                               @ EOM(1)
	.byte	0                               @ EOM(2)
	.byte	2                               @ Abbreviation Code
	.byte	15                              @ DW_TAG_pointer_type
	.byte	0                               @ DW_CHILDREN_no
	.byte	73                              @ DW_AT_type
	.byte	19                              @ DW_FORM_ref4
	.byte	0                               @ EOM(1)
	.byte	0                               @ EOM(2)
	.byte	3                               @ Abbreviation Code
	.byte	22                              @ DW_TAG_typedef
	.byte	0                               @ DW_CHILDREN_no
	.byte	73                              @ DW_AT_type
	.byte	19                              @ DW_FORM_ref4
	.byte	3                               @ DW_AT_name
	.byte	14                              @ DW_FORM_strp
	.byte	58                              @ DW_AT_decl_file
	.byte	11                              @ DW_FORM_data1
	.byte	59                              @ DW_AT_decl_line
	.byte	5                               @ DW_FORM_data2
	.byte	0                               @ EOM(1)
	.byte	0                               @ EOM(2)
	.byte	4                               @ Abbreviation Code
	.byte	19                              @ DW_TAG_structure_type
	.byte	1                               @ DW_CHILDREN_yes
	.byte	11                              @ DW_AT_byte_size
	.byte	5                               @ DW_FORM_data2
	.byte	58                              @ DW_AT_decl_file
	.byte	11                              @ DW_FORM_data1
	.byte	59                              @ DW_AT_decl_line
	.byte	11                              @ DW_FORM_data1
	.byte	0                               @ EOM(1)
	.byte	0                               @ EOM(2)
	.byte	5                               @ Abbreviation Code
	.byte	13                              @ DW_TAG_member
	.byte	0                               @ DW_CHILDREN_no
	.byte	3                               @ DW_AT_name
	.byte	14                              @ DW_FORM_strp
	.byte	73                              @ DW_AT_type
	.byte	19                              @ DW_FORM_ref4
	.byte	58                              @ DW_AT_decl_file
	.byte	11                              @ DW_FORM_data1
	.byte	59                              @ DW_AT_decl_line
	.byte	5                               @ DW_FORM_data2
	.byte	56                              @ DW_AT_data_member_location
	.byte	11                              @ DW_FORM_data1
	.byte	0                               @ EOM(1)
	.byte	0                               @ EOM(2)
	.byte	6                               @ Abbreviation Code
	.byte	13                              @ DW_TAG_member
	.byte	0                               @ DW_CHILDREN_no
	.byte	3                               @ DW_AT_name
	.byte	14                              @ DW_FORM_strp
	.byte	73                              @ DW_AT_type
	.byte	19                              @ DW_FORM_ref4
	.byte	58                              @ DW_AT_decl_file
	.byte	11                              @ DW_FORM_data1
	.byte	59                              @ DW_AT_decl_line
	.byte	5                               @ DW_FORM_data2
	.byte	56                              @ DW_AT_data_member_location
	.byte	5                               @ DW_FORM_data2
	.byte	0                               @ EOM(1)
	.byte	0                               @ EOM(2)
	.byte	7                               @ Abbreviation Code
	.byte	38                              @ DW_TAG_const_type
	.byte	0                               @ DW_CHILDREN_no
	.byte	73                              @ DW_AT_type
	.byte	19                              @ DW_FORM_ref4
	.byte	0                               @ EOM(1)
	.byte	0                               @ EOM(2)
	.byte	8                               @ Abbreviation Code
	.byte	53                              @ DW_TAG_volatile_type
	.byte	0                               @ DW_CHILDREN_no
	.byte	73                              @ DW_AT_type
	.byte	19                              @ DW_FORM_ref4
	.byte	0                               @ EOM(1)
	.byte	0                               @ EOM(2)
	.byte	9                               @ Abbreviation Code
	.byte	22                              @ DW_TAG_typedef
	.byte	0                               @ DW_CHILDREN_no
	.byte	73                              @ DW_AT_type
	.byte	19                              @ DW_FORM_ref4
	.byte	3                               @ DW_AT_name
	.byte	14                              @ DW_FORM_strp
	.byte	58                              @ DW_AT_decl_file
	.byte	11                              @ DW_FORM_data1
	.byte	59                              @ DW_AT_decl_line
	.byte	11                              @ DW_FORM_data1
	.byte	0                               @ EOM(1)
	.byte	0                               @ EOM(2)
	.byte	10                              @ Abbreviation Code
	.byte	36                              @ DW_TAG_base_type
	.byte	0                               @ DW_CHILDREN_no
	.byte	3                               @ DW_AT_name
	.byte	14                              @ DW_FORM_strp
	.byte	62                              @ DW_AT_encoding
	.byte	11                              @ DW_FORM_data1
	.byte	11                              @ DW_AT_byte_size
	.byte	11                              @ DW_FORM_data1
	.byte	0                               @ EOM(1)
	.byte	0                               @ EOM(2)
	.byte	11                              @ Abbreviation Code
	.byte	1                               @ DW_TAG_array_type
	.byte	1                               @ DW_CHILDREN_yes
	.byte	73                              @ DW_AT_type
	.byte	19                              @ DW_FORM_ref4
	.byte	0                               @ EOM(1)
	.byte	0                               @ EOM(2)
	.byte	12                              @ Abbreviation Code
	.byte	33                              @ DW_TAG_subrange_type
	.byte	0                               @ DW_CHILDREN_no
	.byte	73                              @ DW_AT_type
	.byte	19                              @ DW_FORM_ref4
	.byte	55                              @ DW_AT_count
	.byte	11                              @ DW_FORM_data1
	.byte	0                               @ EOM(1)
	.byte	0                               @ EOM(2)
	.byte	13                              @ Abbreviation Code
	.byte	36                              @ DW_TAG_base_type
	.byte	0                               @ DW_CHILDREN_no
	.byte	3                               @ DW_AT_name
	.byte	14                              @ DW_FORM_strp
	.byte	11                              @ DW_AT_byte_size
	.byte	11                              @ DW_FORM_data1
	.byte	62                              @ DW_AT_encoding
	.byte	11                              @ DW_FORM_data1
	.byte	0                               @ EOM(1)
	.byte	0                               @ EOM(2)
	.byte	14                              @ Abbreviation Code
	.byte	46                              @ DW_TAG_subprogram
	.byte	0                               @ DW_CHILDREN_no
	.byte	17                              @ DW_AT_low_pc
	.byte	1                               @ DW_FORM_addr
	.byte	18                              @ DW_AT_high_pc
	.byte	6                               @ DW_FORM_data4
	.byte	64                              @ DW_AT_frame_base
	.byte	24                              @ DW_FORM_exprloc
	.byte	3                               @ DW_AT_name
	.byte	14                              @ DW_FORM_strp
	.byte	58                              @ DW_AT_decl_file
	.byte	11                              @ DW_FORM_data1
	.byte	59                              @ DW_AT_decl_line
	.byte	11                              @ DW_FORM_data1
	.byte	39                              @ DW_AT_prototyped
	.byte	25                              @ DW_FORM_flag_present
	.byte	63                              @ DW_AT_external
	.byte	25                              @ DW_FORM_flag_present
	.byte	0                               @ EOM(1)
	.byte	0                               @ EOM(2)
	.byte	0                               @ EOM(3)
	.section	.debug_info,"",%progbits
.Lcu_begin0:
	.long	.Ldebug_info_end0-.Ldebug_info_start0 @ Length of Unit
.Ldebug_info_start0:
	.short	4                               @ DWARF version number
	.long	.debug_abbrev                   @ Offset Into Abbrev. Section
	.byte	4                               @ Address Size (in bytes)
	.byte	1                               @ Abbrev [1] 0xb:0x401 DW_TAG_compile_unit
	.long	.Linfo_string0                  @ DW_AT_producer
	.short	12                              @ DW_AT_language
	.long	.Linfo_string1                  @ DW_AT_name
	.long	.Lline_table_start0             @ DW_AT_stmt_list
	.long	.Linfo_string2                  @ DW_AT_comp_dir
	.long	.Lfunc_begin0                   @ DW_AT_low_pc
	.long	.Lfunc_end0-.Lfunc_begin0       @ DW_AT_high_pc
	.byte	2                               @ Abbrev [2] 0x26:0x5 DW_TAG_pointer_type
	.long	43                              @ DW_AT_type
	.byte	3                               @ Abbrev [3] 0x2b:0xc DW_TAG_typedef
	.long	55                              @ DW_AT_type
	.long	.Linfo_string68                 @ DW_AT_name
	.byte	2                               @ DW_AT_decl_file
	.short	641                             @ DW_AT_decl_line
	.byte	4                               @ Abbrev [4] 0x37:0x340 DW_TAG_structure_type
	.short	496                             @ DW_AT_byte_size
	.byte	2                               @ DW_AT_decl_file
	.byte	26                              @ DW_AT_decl_line
	.byte	5                               @ Abbrev [5] 0x3c:0xd DW_TAG_member
	.long	.Linfo_string3                  @ DW_AT_name
	.long	887                             @ DW_AT_type
	.byte	2                               @ DW_AT_decl_file
	.short	579                             @ DW_AT_decl_line
	.byte	0                               @ DW_AT_data_member_location
	.byte	5                               @ Abbrev [5] 0x49:0xd DW_TAG_member
	.long	.Linfo_string6                  @ DW_AT_name
	.long	892                             @ DW_AT_type
	.byte	2                               @ DW_AT_decl_file
	.short	580                             @ DW_AT_decl_line
	.byte	4                               @ DW_AT_data_member_location
	.byte	5                               @ Abbrev [5] 0x56:0xd DW_TAG_member
	.long	.Linfo_string7                  @ DW_AT_name
	.long	892                             @ DW_AT_type
	.byte	2                               @ DW_AT_decl_file
	.short	581                             @ DW_AT_decl_line
	.byte	8                               @ DW_AT_data_member_location
	.byte	5                               @ Abbrev [5] 0x63:0xd DW_TAG_member
	.long	.Linfo_string8                  @ DW_AT_name
	.long	892                             @ DW_AT_type
	.byte	2                               @ DW_AT_decl_file
	.short	582                             @ DW_AT_decl_line
	.byte	12                              @ DW_AT_data_member_location
	.byte	5                               @ Abbrev [5] 0x70:0xd DW_TAG_member
	.long	.Linfo_string9                  @ DW_AT_name
	.long	892                             @ DW_AT_type
	.byte	2                               @ DW_AT_decl_file
	.short	583                             @ DW_AT_decl_line
	.byte	16                              @ DW_AT_data_member_location
	.byte	5                               @ Abbrev [5] 0x7d:0xd DW_TAG_member
	.long	.Linfo_string10                 @ DW_AT_name
	.long	915                             @ DW_AT_type
	.byte	2                               @ DW_AT_decl_file
	.short	584                             @ DW_AT_decl_line
	.byte	20                              @ DW_AT_data_member_location
	.byte	5                               @ Abbrev [5] 0x8a:0xd DW_TAG_member
	.long	.Linfo_string12                 @ DW_AT_name
	.long	892                             @ DW_AT_type
	.byte	2                               @ DW_AT_decl_file
	.short	585                             @ DW_AT_decl_line
	.byte	24                              @ DW_AT_data_member_location
	.byte	5                               @ Abbrev [5] 0x97:0xd DW_TAG_member
	.long	.Linfo_string13                 @ DW_AT_name
	.long	934                             @ DW_AT_type
	.byte	2                               @ DW_AT_decl_file
	.short	586                             @ DW_AT_decl_line
	.byte	28                              @ DW_AT_data_member_location
	.byte	5                               @ Abbrev [5] 0xa4:0xd DW_TAG_member
	.long	.Linfo_string14                 @ DW_AT_name
	.long	892                             @ DW_AT_type
	.byte	2                               @ DW_AT_decl_file
	.short	587                             @ DW_AT_decl_line
	.byte	36                              @ DW_AT_data_member_location
	.byte	5                               @ Abbrev [5] 0xb1:0xd DW_TAG_member
	.long	.Linfo_string15                 @ DW_AT_name
	.long	934                             @ DW_AT_type
	.byte	2                               @ DW_AT_decl_file
	.short	588                             @ DW_AT_decl_line
	.byte	40                              @ DW_AT_data_member_location
	.byte	5                               @ Abbrev [5] 0xbe:0xd DW_TAG_member
	.long	.Linfo_string16                 @ DW_AT_name
	.long	892                             @ DW_AT_type
	.byte	2                               @ DW_AT_decl_file
	.short	589                             @ DW_AT_decl_line
	.byte	48                              @ DW_AT_data_member_location
	.byte	5                               @ Abbrev [5] 0xcb:0xd DW_TAG_member
	.long	.Linfo_string17                 @ DW_AT_name
	.long	892                             @ DW_AT_type
	.byte	2                               @ DW_AT_decl_file
	.short	590                             @ DW_AT_decl_line
	.byte	52                              @ DW_AT_data_member_location
	.byte	5                               @ Abbrev [5] 0xd8:0xd DW_TAG_member
	.long	.Linfo_string18                 @ DW_AT_name
	.long	892                             @ DW_AT_type
	.byte	2                               @ DW_AT_decl_file
	.short	591                             @ DW_AT_decl_line
	.byte	56                              @ DW_AT_data_member_location
	.byte	5                               @ Abbrev [5] 0xe5:0xd DW_TAG_member
	.long	.Linfo_string19                 @ DW_AT_name
	.long	892                             @ DW_AT_type
	.byte	2                               @ DW_AT_decl_file
	.short	592                             @ DW_AT_decl_line
	.byte	60                              @ DW_AT_data_member_location
	.byte	5                               @ Abbrev [5] 0xf2:0xd DW_TAG_member
	.long	.Linfo_string20                 @ DW_AT_name
	.long	892                             @ DW_AT_type
	.byte	2                               @ DW_AT_decl_file
	.short	593                             @ DW_AT_decl_line
	.byte	64                              @ DW_AT_data_member_location
	.byte	5                               @ Abbrev [5] 0xff:0xd DW_TAG_member
	.long	.Linfo_string21                 @ DW_AT_name
	.long	892                             @ DW_AT_type
	.byte	2                               @ DW_AT_decl_file
	.short	594                             @ DW_AT_decl_line
	.byte	68                              @ DW_AT_data_member_location
	.byte	5                               @ Abbrev [5] 0x10c:0xd DW_TAG_member
	.long	.Linfo_string22                 @ DW_AT_name
	.long	892                             @ DW_AT_type
	.byte	2                               @ DW_AT_decl_file
	.short	595                             @ DW_AT_decl_line
	.byte	72                              @ DW_AT_data_member_location
	.byte	5                               @ Abbrev [5] 0x119:0xd DW_TAG_member
	.long	.Linfo_string23                 @ DW_AT_name
	.long	892                             @ DW_AT_type
	.byte	2                               @ DW_AT_decl_file
	.short	596                             @ DW_AT_decl_line
	.byte	76                              @ DW_AT_data_member_location
	.byte	5                               @ Abbrev [5] 0x126:0xd DW_TAG_member
	.long	.Linfo_string24                 @ DW_AT_name
	.long	892                             @ DW_AT_type
	.byte	2                               @ DW_AT_decl_file
	.short	597                             @ DW_AT_decl_line
	.byte	80                              @ DW_AT_data_member_location
	.byte	5                               @ Abbrev [5] 0x133:0xd DW_TAG_member
	.long	.Linfo_string25                 @ DW_AT_name
	.long	892                             @ DW_AT_type
	.byte	2                               @ DW_AT_decl_file
	.short	598                             @ DW_AT_decl_line
	.byte	84                              @ DW_AT_data_member_location
	.byte	5                               @ Abbrev [5] 0x140:0xd DW_TAG_member
	.long	.Linfo_string26                 @ DW_AT_name
	.long	892                             @ DW_AT_type
	.byte	2                               @ DW_AT_decl_file
	.short	599                             @ DW_AT_decl_line
	.byte	88                              @ DW_AT_data_member_location
	.byte	5                               @ Abbrev [5] 0x14d:0xd DW_TAG_member
	.long	.Linfo_string27                 @ DW_AT_name
	.long	892                             @ DW_AT_type
	.byte	2                               @ DW_AT_decl_file
	.short	600                             @ DW_AT_decl_line
	.byte	92                              @ DW_AT_data_member_location
	.byte	5                               @ Abbrev [5] 0x15a:0xd DW_TAG_member
	.long	.Linfo_string28                 @ DW_AT_name
	.long	892                             @ DW_AT_type
	.byte	2                               @ DW_AT_decl_file
	.short	601                             @ DW_AT_decl_line
	.byte	96                              @ DW_AT_data_member_location
	.byte	5                               @ Abbrev [5] 0x167:0xd DW_TAG_member
	.long	.Linfo_string29                 @ DW_AT_name
	.long	892                             @ DW_AT_type
	.byte	2                               @ DW_AT_decl_file
	.short	602                             @ DW_AT_decl_line
	.byte	100                             @ DW_AT_data_member_location
	.byte	5                               @ Abbrev [5] 0x174:0xd DW_TAG_member
	.long	.Linfo_string30                 @ DW_AT_name
	.long	892                             @ DW_AT_type
	.byte	2                               @ DW_AT_decl_file
	.short	603                             @ DW_AT_decl_line
	.byte	104                             @ DW_AT_data_member_location
	.byte	5                               @ Abbrev [5] 0x181:0xd DW_TAG_member
	.long	.Linfo_string31                 @ DW_AT_name
	.long	892                             @ DW_AT_type
	.byte	2                               @ DW_AT_decl_file
	.short	604                             @ DW_AT_decl_line
	.byte	108                             @ DW_AT_data_member_location
	.byte	5                               @ Abbrev [5] 0x18e:0xd DW_TAG_member
	.long	.Linfo_string32                 @ DW_AT_name
	.long	934                             @ DW_AT_type
	.byte	2                               @ DW_AT_decl_file
	.short	605                             @ DW_AT_decl_line
	.byte	112                             @ DW_AT_data_member_location
	.byte	5                               @ Abbrev [5] 0x19b:0xd DW_TAG_member
	.long	.Linfo_string33                 @ DW_AT_name
	.long	892                             @ DW_AT_type
	.byte	2                               @ DW_AT_decl_file
	.short	606                             @ DW_AT_decl_line
	.byte	120                             @ DW_AT_data_member_location
	.byte	5                               @ Abbrev [5] 0x1a8:0xd DW_TAG_member
	.long	.Linfo_string34                 @ DW_AT_name
	.long	946                             @ DW_AT_type
	.byte	2                               @ DW_AT_decl_file
	.short	607                             @ DW_AT_decl_line
	.byte	124                             @ DW_AT_data_member_location
	.byte	5                               @ Abbrev [5] 0x1b5:0xd DW_TAG_member
	.long	.Linfo_string35                 @ DW_AT_name
	.long	892                             @ DW_AT_type
	.byte	2                               @ DW_AT_decl_file
	.short	608                             @ DW_AT_decl_line
	.byte	192                             @ DW_AT_data_member_location
	.byte	5                               @ Abbrev [5] 0x1c2:0xd DW_TAG_member
	.long	.Linfo_string36                 @ DW_AT_name
	.long	958                             @ DW_AT_type
	.byte	2                               @ DW_AT_decl_file
	.short	609                             @ DW_AT_decl_line
	.byte	196                             @ DW_AT_data_member_location
	.byte	5                               @ Abbrev [5] 0x1cf:0xd DW_TAG_member
	.long	.Linfo_string37                 @ DW_AT_name
	.long	892                             @ DW_AT_type
	.byte	2                               @ DW_AT_decl_file
	.short	610                             @ DW_AT_decl_line
	.byte	208                             @ DW_AT_data_member_location
	.byte	5                               @ Abbrev [5] 0x1dc:0xd DW_TAG_member
	.long	.Linfo_string38                 @ DW_AT_name
	.long	887                             @ DW_AT_type
	.byte	2                               @ DW_AT_decl_file
	.short	611                             @ DW_AT_decl_line
	.byte	212                             @ DW_AT_data_member_location
	.byte	5                               @ Abbrev [5] 0x1e9:0xd DW_TAG_member
	.long	.Linfo_string39                 @ DW_AT_name
	.long	892                             @ DW_AT_type
	.byte	2                               @ DW_AT_decl_file
	.short	612                             @ DW_AT_decl_line
	.byte	216                             @ DW_AT_data_member_location
	.byte	5                               @ Abbrev [5] 0x1f6:0xd DW_TAG_member
	.long	.Linfo_string40                 @ DW_AT_name
	.long	892                             @ DW_AT_type
	.byte	2                               @ DW_AT_decl_file
	.short	613                             @ DW_AT_decl_line
	.byte	220                             @ DW_AT_data_member_location
	.byte	5                               @ Abbrev [5] 0x203:0xd DW_TAG_member
	.long	.Linfo_string41                 @ DW_AT_name
	.long	892                             @ DW_AT_type
	.byte	2                               @ DW_AT_decl_file
	.short	614                             @ DW_AT_decl_line
	.byte	224                             @ DW_AT_data_member_location
	.byte	5                               @ Abbrev [5] 0x210:0xd DW_TAG_member
	.long	.Linfo_string42                 @ DW_AT_name
	.long	887                             @ DW_AT_type
	.byte	2                               @ DW_AT_decl_file
	.short	615                             @ DW_AT_decl_line
	.byte	228                             @ DW_AT_data_member_location
	.byte	5                               @ Abbrev [5] 0x21d:0xd DW_TAG_member
	.long	.Linfo_string43                 @ DW_AT_name
	.long	934                             @ DW_AT_type
	.byte	2                               @ DW_AT_decl_file
	.short	616                             @ DW_AT_decl_line
	.byte	232                             @ DW_AT_data_member_location
	.byte	5                               @ Abbrev [5] 0x22a:0xd DW_TAG_member
	.long	.Linfo_string44                 @ DW_AT_name
	.long	892                             @ DW_AT_type
	.byte	2                               @ DW_AT_decl_file
	.short	617                             @ DW_AT_decl_line
	.byte	240                             @ DW_AT_data_member_location
	.byte	5                               @ Abbrev [5] 0x237:0xd DW_TAG_member
	.long	.Linfo_string45                 @ DW_AT_name
	.long	892                             @ DW_AT_type
	.byte	2                               @ DW_AT_decl_file
	.short	618                             @ DW_AT_decl_line
	.byte	244                             @ DW_AT_data_member_location
	.byte	5                               @ Abbrev [5] 0x244:0xd DW_TAG_member
	.long	.Linfo_string46                 @ DW_AT_name
	.long	892                             @ DW_AT_type
	.byte	2                               @ DW_AT_decl_file
	.short	619                             @ DW_AT_decl_line
	.byte	248                             @ DW_AT_data_member_location
	.byte	5                               @ Abbrev [5] 0x251:0xd DW_TAG_member
	.long	.Linfo_string47                 @ DW_AT_name
	.long	915                             @ DW_AT_type
	.byte	2                               @ DW_AT_decl_file
	.short	620                             @ DW_AT_decl_line
	.byte	252                             @ DW_AT_data_member_location
	.byte	6                               @ Abbrev [6] 0x25e:0xe DW_TAG_member
	.long	.Linfo_string48                 @ DW_AT_name
	.long	892                             @ DW_AT_type
	.byte	2                               @ DW_AT_decl_file
	.short	621                             @ DW_AT_decl_line
	.short	256                             @ DW_AT_data_member_location
	.byte	6                               @ Abbrev [6] 0x26c:0xe DW_TAG_member
	.long	.Linfo_string49                 @ DW_AT_name
	.long	970                             @ DW_AT_type
	.byte	2                               @ DW_AT_decl_file
	.short	622                             @ DW_AT_decl_line
	.short	260                             @ DW_AT_data_member_location
	.byte	6                               @ Abbrev [6] 0x27a:0xe DW_TAG_member
	.long	.Linfo_string50                 @ DW_AT_name
	.long	892                             @ DW_AT_type
	.byte	2                               @ DW_AT_decl_file
	.short	623                             @ DW_AT_decl_line
	.short	280                             @ DW_AT_data_member_location
	.byte	6                               @ Abbrev [6] 0x288:0xe DW_TAG_member
	.long	.Linfo_string51                 @ DW_AT_name
	.long	915                             @ DW_AT_type
	.byte	2                               @ DW_AT_decl_file
	.short	624                             @ DW_AT_decl_line
	.short	284                             @ DW_AT_data_member_location
	.byte	6                               @ Abbrev [6] 0x296:0xe DW_TAG_member
	.long	.Linfo_string52                 @ DW_AT_name
	.long	887                             @ DW_AT_type
	.byte	2                               @ DW_AT_decl_file
	.short	625                             @ DW_AT_decl_line
	.short	288                             @ DW_AT_data_member_location
	.byte	6                               @ Abbrev [6] 0x2a4:0xe DW_TAG_member
	.long	.Linfo_string53                 @ DW_AT_name
	.long	887                             @ DW_AT_type
	.byte	2                               @ DW_AT_decl_file
	.short	626                             @ DW_AT_decl_line
	.short	292                             @ DW_AT_data_member_location
	.byte	6                               @ Abbrev [6] 0x2b2:0xe DW_TAG_member
	.long	.Linfo_string54                 @ DW_AT_name
	.long	982                             @ DW_AT_type
	.byte	2                               @ DW_AT_decl_file
	.short	627                             @ DW_AT_decl_line
	.short	296                             @ DW_AT_data_member_location
	.byte	6                               @ Abbrev [6] 0x2c0:0xe DW_TAG_member
	.long	.Linfo_string55                 @ DW_AT_name
	.long	887                             @ DW_AT_type
	.byte	2                               @ DW_AT_decl_file
	.short	628                             @ DW_AT_decl_line
	.short	312                             @ DW_AT_data_member_location
	.byte	6                               @ Abbrev [6] 0x2ce:0xe DW_TAG_member
	.long	.Linfo_string56                 @ DW_AT_name
	.long	970                             @ DW_AT_type
	.byte	2                               @ DW_AT_decl_file
	.short	629                             @ DW_AT_decl_line
	.short	316                             @ DW_AT_data_member_location
	.byte	6                               @ Abbrev [6] 0x2dc:0xe DW_TAG_member
	.long	.Linfo_string57                 @ DW_AT_name
	.long	887                             @ DW_AT_type
	.byte	2                               @ DW_AT_decl_file
	.short	630                             @ DW_AT_decl_line
	.short	336                             @ DW_AT_data_member_location
	.byte	6                               @ Abbrev [6] 0x2ea:0xe DW_TAG_member
	.long	.Linfo_string58                 @ DW_AT_name
	.long	887                             @ DW_AT_type
	.byte	2                               @ DW_AT_decl_file
	.short	631                             @ DW_AT_decl_line
	.short	340                             @ DW_AT_data_member_location
	.byte	6                               @ Abbrev [6] 0x2f8:0xe DW_TAG_member
	.long	.Linfo_string59                 @ DW_AT_name
	.long	887                             @ DW_AT_type
	.byte	2                               @ DW_AT_decl_file
	.short	632                             @ DW_AT_decl_line
	.short	344                             @ DW_AT_data_member_location
	.byte	6                               @ Abbrev [6] 0x306:0xe DW_TAG_member
	.long	.Linfo_string60                 @ DW_AT_name
	.long	887                             @ DW_AT_type
	.byte	2                               @ DW_AT_decl_file
	.short	633                             @ DW_AT_decl_line
	.short	348                             @ DW_AT_data_member_location
	.byte	6                               @ Abbrev [6] 0x314:0xe DW_TAG_member
	.long	.Linfo_string61                 @ DW_AT_name
	.long	892                             @ DW_AT_type
	.byte	2                               @ DW_AT_decl_file
	.short	634                             @ DW_AT_decl_line
	.short	352                             @ DW_AT_data_member_location
	.byte	6                               @ Abbrev [6] 0x322:0xe DW_TAG_member
	.long	.Linfo_string62                 @ DW_AT_name
	.long	994                             @ DW_AT_type
	.byte	2                               @ DW_AT_decl_file
	.short	635                             @ DW_AT_decl_line
	.short	356                             @ DW_AT_data_member_location
	.byte	6                               @ Abbrev [6] 0x330:0xe DW_TAG_member
	.long	.Linfo_string63                 @ DW_AT_name
	.long	892                             @ DW_AT_type
	.byte	2                               @ DW_AT_decl_file
	.short	636                             @ DW_AT_decl_line
	.short	392                             @ DW_AT_data_member_location
	.byte	6                               @ Abbrev [6] 0x33e:0xe DW_TAG_member
	.long	.Linfo_string64                 @ DW_AT_name
	.long	892                             @ DW_AT_type
	.byte	2                               @ DW_AT_decl_file
	.short	637                             @ DW_AT_decl_line
	.short	396                             @ DW_AT_data_member_location
	.byte	6                               @ Abbrev [6] 0x34c:0xe DW_TAG_member
	.long	.Linfo_string65                 @ DW_AT_name
	.long	892                             @ DW_AT_type
	.byte	2                               @ DW_AT_decl_file
	.short	638                             @ DW_AT_decl_line
	.short	400                             @ DW_AT_data_member_location
	.byte	6                               @ Abbrev [6] 0x35a:0xe DW_TAG_member
	.long	.Linfo_string66                 @ DW_AT_name
	.long	1006                            @ DW_AT_type
	.byte	2                               @ DW_AT_decl_file
	.short	639                             @ DW_AT_decl_line
	.short	404                             @ DW_AT_data_member_location
	.byte	6                               @ Abbrev [6] 0x368:0xe DW_TAG_member
	.long	.Linfo_string67                 @ DW_AT_name
	.long	892                             @ DW_AT_type
	.byte	2                               @ DW_AT_decl_file
	.short	640                             @ DW_AT_decl_line
	.short	492                             @ DW_AT_data_member_location
	.byte	0                               @ End Of Children Mark
	.byte	7                               @ Abbrev [7] 0x377:0x5 DW_TAG_const_type
	.long	892                             @ DW_AT_type
	.byte	8                               @ Abbrev [8] 0x37c:0x5 DW_TAG_volatile_type
	.long	897                             @ DW_AT_type
	.byte	9                               @ Abbrev [9] 0x381:0xb DW_TAG_typedef
	.long	908                             @ DW_AT_type
	.long	.Linfo_string5                  @ DW_AT_name
	.byte	1                               @ DW_AT_decl_file
	.byte	64                              @ DW_AT_decl_line
	.byte	10                              @ Abbrev [10] 0x38c:0x7 DW_TAG_base_type
	.long	.Linfo_string4                  @ DW_AT_name
	.byte	7                               @ DW_AT_encoding
	.byte	4                               @ DW_AT_byte_size
	.byte	11                              @ Abbrev [11] 0x393:0xc DW_TAG_array_type
	.long	887                             @ DW_AT_type
	.byte	12                              @ Abbrev [12] 0x398:0x6 DW_TAG_subrange_type
	.long	927                             @ DW_AT_type
	.byte	1                               @ DW_AT_count
	.byte	0                               @ End Of Children Mark
	.byte	13                              @ Abbrev [13] 0x39f:0x7 DW_TAG_base_type
	.long	.Linfo_string11                 @ DW_AT_name
	.byte	8                               @ DW_AT_byte_size
	.byte	7                               @ DW_AT_encoding
	.byte	11                              @ Abbrev [11] 0x3a6:0xc DW_TAG_array_type
	.long	887                             @ DW_AT_type
	.byte	12                              @ Abbrev [12] 0x3ab:0x6 DW_TAG_subrange_type
	.long	927                             @ DW_AT_type
	.byte	2                               @ DW_AT_count
	.byte	0                               @ End Of Children Mark
	.byte	11                              @ Abbrev [11] 0x3b2:0xc DW_TAG_array_type
	.long	887                             @ DW_AT_type
	.byte	12                              @ Abbrev [12] 0x3b7:0x6 DW_TAG_subrange_type
	.long	927                             @ DW_AT_type
	.byte	17                              @ DW_AT_count
	.byte	0                               @ End Of Children Mark
	.byte	11                              @ Abbrev [11] 0x3be:0xc DW_TAG_array_type
	.long	887                             @ DW_AT_type
	.byte	12                              @ Abbrev [12] 0x3c3:0x6 DW_TAG_subrange_type
	.long	927                             @ DW_AT_type
	.byte	3                               @ DW_AT_count
	.byte	0                               @ End Of Children Mark
	.byte	11                              @ Abbrev [11] 0x3ca:0xc DW_TAG_array_type
	.long	887                             @ DW_AT_type
	.byte	12                              @ Abbrev [12] 0x3cf:0x6 DW_TAG_subrange_type
	.long	927                             @ DW_AT_type
	.byte	5                               @ DW_AT_count
	.byte	0                               @ End Of Children Mark
	.byte	11                              @ Abbrev [11] 0x3d6:0xc DW_TAG_array_type
	.long	887                             @ DW_AT_type
	.byte	12                              @ Abbrev [12] 0x3db:0x6 DW_TAG_subrange_type
	.long	927                             @ DW_AT_type
	.byte	4                               @ DW_AT_count
	.byte	0                               @ End Of Children Mark
	.byte	11                              @ Abbrev [11] 0x3e2:0xc DW_TAG_array_type
	.long	887                             @ DW_AT_type
	.byte	12                              @ Abbrev [12] 0x3e7:0x6 DW_TAG_subrange_type
	.long	927                             @ DW_AT_type
	.byte	9                               @ DW_AT_count
	.byte	0                               @ End Of Children Mark
	.byte	11                              @ Abbrev [11] 0x3ee:0xc DW_TAG_array_type
	.long	887                             @ DW_AT_type
	.byte	12                              @ Abbrev [12] 0x3f3:0x6 DW_TAG_subrange_type
	.long	927                             @ DW_AT_type
	.byte	22                              @ DW_AT_count
	.byte	0                               @ End Of Children Mark
	.byte	14                              @ Abbrev [14] 0x3fa:0x11 DW_TAG_subprogram
	.long	.Lfunc_begin0                   @ DW_AT_low_pc
	.long	.Lfunc_end0-.Lfunc_begin0       @ DW_AT_high_pc
	.byte	1                               @ DW_AT_frame_base
	.byte	93
	.long	.Linfo_string69                 @ DW_AT_name
	.byte	3                               @ DW_AT_decl_file
	.byte	5                               @ DW_AT_decl_line
                                        @ DW_AT_prototyped
                                        @ DW_AT_external
	.byte	0                               @ End Of Children Mark
.Ldebug_info_end0:
	.section	.debug_str,"MS",%progbits,1
.Linfo_string0:
	.asciz	"Component: ARM Compiler 6.16 Tool: armclang [5dfeb700]" @ string offset=0
.Linfo_string1:
	.asciz	"../Source\\Hardware.c"         @ string offset=55
.Linfo_string2:
	.asciz	"D:\\Projects\\CCMS\\CCMSFlorida\\BootLoader\\Keil" @ string offset=76
.Linfo_string3:
	.asciz	"PDID"                          @ string offset=121
.Linfo_string4:
	.asciz	"unsigned int"                  @ string offset=126
.Linfo_string5:
	.asciz	"uint32_t"                      @ string offset=139
.Linfo_string6:
	.asciz	"RSTSTS"                        @ string offset=148
.Linfo_string7:
	.asciz	"IPRST0"                        @ string offset=155
.Linfo_string8:
	.asciz	"IPRST1"                        @ string offset=162
.Linfo_string9:
	.asciz	"IPRST2"                        @ string offset=169
.Linfo_string10:
	.asciz	"RESERVE0"                      @ string offset=176
.Linfo_string11:
	.asciz	"__ARRAY_SIZE_TYPE__"           @ string offset=185
.Linfo_string12:
	.asciz	"BODCTL"                        @ string offset=205
.Linfo_string13:
	.asciz	"RESERVE1"                      @ string offset=212
.Linfo_string14:
	.asciz	"PORCTL"                        @ string offset=221
.Linfo_string15:
	.asciz	"RESERVE2"                      @ string offset=228
.Linfo_string16:
	.asciz	"GPA_MFPL"                      @ string offset=237
.Linfo_string17:
	.asciz	"GPA_MFPH"                      @ string offset=246
.Linfo_string18:
	.asciz	"GPB_MFPL"                      @ string offset=255
.Linfo_string19:
	.asciz	"GPB_MFPH"                      @ string offset=264
.Linfo_string20:
	.asciz	"GPC_MFPL"                      @ string offset=273
.Linfo_string21:
	.asciz	"GPC_MFPH"                      @ string offset=282
.Linfo_string22:
	.asciz	"GPD_MFPL"                      @ string offset=291
.Linfo_string23:
	.asciz	"GPD_MFPH"                      @ string offset=300
.Linfo_string24:
	.asciz	"GPE_MFPL"                      @ string offset=309
.Linfo_string25:
	.asciz	"GPE_MFPH"                      @ string offset=318
.Linfo_string26:
	.asciz	"GPF_MFPL"                      @ string offset=327
.Linfo_string27:
	.asciz	"GPF_MFPH"                      @ string offset=336
.Linfo_string28:
	.asciz	"GPG_MFPL"                      @ string offset=345
.Linfo_string29:
	.asciz	"GPG_MFPH"                      @ string offset=354
.Linfo_string30:
	.asciz	"GPH_MFPL"                      @ string offset=363
.Linfo_string31:
	.asciz	"GPH_MFPH"                      @ string offset=372
.Linfo_string32:
	.asciz	"RESERVE3"                      @ string offset=381
.Linfo_string33:
	.asciz	"LPLDOCTL"                      @ string offset=390
.Linfo_string34:
	.asciz	"RESERVE4"                      @ string offset=399
.Linfo_string35:
	.asciz	"MODCTL"                        @ string offset=408
.Linfo_string36:
	.asciz	"RESERVE5"                      @ string offset=415
.Linfo_string37:
	.asciz	"SRAM_BISTCTL"                  @ string offset=424
.Linfo_string38:
	.asciz	"SRAM_BISTSTS"                  @ string offset=437
.Linfo_string39:
	.asciz	"SRAM_PARITY"                   @ string offset=450
.Linfo_string40:
	.asciz	"SRAM_INTCTL"                   @ string offset=462
.Linfo_string41:
	.asciz	"SRAM_STATUS"                   @ string offset=474
.Linfo_string42:
	.asciz	"SRAM_ERRADDR"                  @ string offset=486
.Linfo_string43:
	.asciz	"RESERVE6"                      @ string offset=499
.Linfo_string44:
	.asciz	"HIRCTRIMCTL"                   @ string offset=508
.Linfo_string45:
	.asciz	"HIRCTRIMIEN"                   @ string offset=520
.Linfo_string46:
	.asciz	"HIRCTRIMSTS"                   @ string offset=532
.Linfo_string47:
	.asciz	"RESERVE7"                      @ string offset=544
.Linfo_string48:
	.asciz	"REGLCTL"                       @ string offset=553
.Linfo_string49:
	.asciz	"RESERVE8"                      @ string offset=561
.Linfo_string50:
	.asciz	"HIRCADJ"                       @ string offset=570
.Linfo_string51:
	.asciz	"RESERVE9"                      @ string offset=578
.Linfo_string52:
	.asciz	"LDOTRIM"                       @ string offset=587
.Linfo_string53:
	.asciz	"LVR16TRIM"                     @ string offset=595
.Linfo_string54:
	.asciz	"RESERVE10"                     @ string offset=605
.Linfo_string55:
	.asciz	"LIRCT"                         @ string offset=615
.Linfo_string56:
	.asciz	"RESERVE11"                     @ string offset=621
.Linfo_string57:
	.asciz	"LVR17TRIM"                     @ string offset=631
.Linfo_string58:
	.asciz	"LVR20TRIM"                     @ string offset=641
.Linfo_string59:
	.asciz	"LVR25TRIM"                     @ string offset=651
.Linfo_string60:
	.asciz	"uLDOVITRIM"                    @ string offset=661
.Linfo_string61:
	.asciz	"LVRITRIMSEL"                   @ string offset=672
.Linfo_string62:
	.asciz	"RESERVE12"                     @ string offset=684
.Linfo_string63:
	.asciz	"HIRCTCTL"                      @ string offset=694
.Linfo_string64:
	.asciz	"ADCCHIP"                       @ string offset=703
.Linfo_string65:
	.asciz	"HXTTCTL"                       @ string offset=711
.Linfo_string66:
	.asciz	"RESERVE13"                     @ string offset=719
.Linfo_string67:
	.asciz	"PORDISAN"                      @ string offset=729
.Linfo_string68:
	.asciz	"SYS_T"                         @ string offset=738
.Linfo_string69:
	.asciz	"SYS_Init"                      @ string offset=744
	.ident	"Component: ARM Compiler 6.16 Tool: armclang [5dfeb700]"
	.section	".note.GNU-stack","",%progbits
	.eabi_attribute	30, 6	@ Tag_ABI_optimization_goals
	.ARM_attribute	16, 1	@ Tag_AV_eba
	.section	.debug_line,"",%progbits
.Lline_table_start0:
